2021-11-15 16:10:09,655 - webbase.py - DEBUG - click ['xpath', ".//div[@class ='new-login-tab']/span[2]"] 成功
2021-11-15 16:10:09,655 - webbase.py - DEBUG - 正在定位元素信息：定位方式->xpath, value值->.//p[@class='ps-username fn-login-input-item']/input[1]
2021-11-15 16:10:09,663 - webbase.py - DEBUG - 定位元素('xpath', ".//p[@class='ps-username fn-login-input-item']/input[1]")成功
2021-11-15 16:10:10,159 - webbase.py - DEBUG - send keys 1406607478 成功
2021-11-15 16:10:10,159 - webbase.py - DEBUG - 正在定位元素信息：定位方式->id, value值->j_password
2021-11-15 16:10:10,169 - webbase.py - DEBUG - 定位元素('id', 'j_password')成功
2021-11-15 16:10:10,226 - webbase.py - DEBUG - send keys hrloo.com 成功
2021-11-15 16:10:10,286 - webbase.py - DEBUG - click ['id', 'j_loginbtn'] 成功
2021-11-15 16:10:11,224 - webbase.py - DEBUG - click ['xpath', ".//div[@class='hr-nfr-item  nfr-msg fn-sms-center-click']/div[1]/div[@class='nfr-text']"] 成功
2021-11-15 16:10:20,948 - webbase.py - DEBUG - click ['xpath', ".//div[@class ='new-login-tab']/span[2]"] 成功
2021-11-15 16:10:20,948 - webbase.py - DEBUG - 正在定位元素信息：定位方式->xpath, value值->.//p[@class='ps-username fn-login-input-item']/input[1]
2021-11-15 16:10:20,957 - webbase.py - DEBUG - 定位元素('xpath', ".//p[@class='ps-username fn-login-input-item']/input[1]")成功
2021-11-15 16:10:21,451 - webbase.py - DEBUG - send keys 1406607478 成功
2021-11-15 16:10:21,451 - webbase.py - DEBUG - 正在定位元素信息：定位方式->id, value值->j_password
2021-11-15 16:10:21,459 - webbase.py - DEBUG - 定位元素('id', 'j_password')成功
2021-11-15 16:10:21,519 - webbase.py - DEBUG - send keys hrloo.com 成功
2021-11-15 16:10:21,582 - webbase.py - DEBUG - click ['id', 'j_loginbtn'] 成功
2021-11-15 16:10:22,622 - webbase.py - DEBUG - click ['xpath', ".//div[@class='hr-nfr-item  nfr-msg fn-sms-center-click']/div[1]/div[@class='nfr-text']"] 成功
2021-11-15 16:10:37,556 - webbase.py - DEBUG - click ['xpath', ".//div[@class ='new-login-tab']/span[2]"] 成功
2021-11-15 16:10:37,557 - webbase.py - DEBUG - 正在定位元素信息：定位方式->xpath, value值->.//p[@class='ps-username fn-login-input-item']/input[1]
2021-11-15 16:10:37,565 - webbase.py - DEBUG - 定位元素('xpath', ".//p[@class='ps-username fn-login-input-item']/input[1]")成功
2021-11-15 16:10:38,058 - webbase.py - DEBUG - send keys 1406607478 成功
2021-11-15 16:10:38,058 - webbase.py - DEBUG - 正在定位元素信息：定位方式->id, value值->j_password
2021-11-15 16:10:38,069 - webbase.py - DEBUG - 定位元素('id', 'j_password')成功
2021-11-15 16:10:38,123 - webbase.py - DEBUG - send keys hrloo.com 成功
2021-11-15 16:10:38,180 - webbase.py - DEBUG - click ['id', 'j_loginbtn'] 成功
2021-11-15 16:10:38,940 - webbase.py - DEBUG - click ['xpath', ".//div[@class='hr-nfr-item  nfr-msg fn-sms-center-click']/div[1]/div[@class='nfr-text']"] 成功
2021-11-15 16:10:44,559 - webbase.py - DEBUG - 只查询：查询元素('xpath', ".//div[@class='tit']/a[text()='Benjamin02099']") 存在
2021-11-15 16:10:44,620 - webbase.py - DEBUG - click ['xpath', ".//div[@class='tit']/a[text()='Benjamin02099']"] 成功
2021-11-15 16:10:46,621 - webbase.py - DEBUG - 正在定位元素信息：定位方式->xpath, value值->.//div[@class='chat-w-bottom']/textarea[1]
2021-11-15 16:10:46,638 - webbase.py - DEBUG - 定位元素('xpath', ".//div[@class='chat-w-bottom']/textarea[1]")成功
2021-11-15 16:10:46,682 - webbase.py - DEBUG - send keys 你今天好吗？ 成功
2021-11-15 16:10:47,683 - guibase.py - DEBUG - 执行快捷键('shift', 'enter')
2021-11-15 16:10:47,683 - guibase.py - DEBUG - 执行快捷键('shift', 'enter')
2021-11-15 16:10:47,683 - guibase.py - DEBUG - 执行快捷键('shift', 'enter')
2021-11-15 16:10:48,686 - guibase.py - DEBUG - 执行快捷键('shift', 'enter')
2021-11-15 16:10:48,686 - guibase.py - DEBUG - 执行快捷键('shift', 'enter')
2021-11-15 16:10:48,686 - guibase.py - DEBUG - 执行快捷键('shift', 'enter')
2021-11-15 16:10:49,714 - guibase.py - DEBUG - 执行快捷键('ctrl', 'v')
2021-11-15 16:10:49,714 - guibase.py - DEBUG - 执行快捷键('ctrl', 'v')
2021-11-15 16:10:49,714 - guibase.py - DEBUG - 执行快捷键('ctrl', 'v')
2021-11-15 16:10:51,775 - webbase.py - DEBUG - click ['xpath', ".//div[@class='chat-wb-send fn-chat-wb-send active']/span[1]"] 成功
2021-11-15 16:10:51,825 - webbase.py - DEBUG - click ['xpath', ".//div[@class='chat-w-bottom']/div[1]/img[1]"] 成功
2021-11-15 16:10:56,965 - guibase.py - DEBUG - 查找对象img存在
2021-11-15 16:10:56,965 - guibase.py - DEBUG - 查找对象img存在
2021-11-15 16:10:56,965 - guibase.py - DEBUG - 查找对象img存在
2021-11-15 16:10:57,735 - guibase.py - DEBUG - 移动到图片 img 位置True, 点击:Point(x=315, y=267) 成功
2021-11-15 16:10:57,735 - guibase.py - DEBUG - 移动到图片 img 位置True, 点击:Point(x=315, y=267) 成功
2021-11-15 16:10:57,735 - guibase.py - DEBUG - 移动到图片 img 位置True, 点击:Point(x=315, y=267) 成功
2021-11-15 16:10:57,869 - guibase.py - DEBUG - 查找对象img2存在
2021-11-15 16:10:57,869 - guibase.py - DEBUG - 查找对象img2存在
2021-11-15 16:10:57,869 - guibase.py - DEBUG - 查找对象img2存在
2021-11-15 16:10:58,903 - guibase.py - DEBUG - 移动到图片 img2 位置True, 点击:Point(x=828, y=378) 成功
2021-11-15 16:10:58,903 - guibase.py - DEBUG - 移动到图片 img2 位置True, 点击:Point(x=828, y=378) 成功
2021-11-15 16:10:58,903 - guibase.py - DEBUG - 移动到图片 img2 位置True, 点击:Point(x=828, y=378) 成功
2021-11-15 16:11:10,155 - webbase.py - DEBUG - click ['xpath', ".//div[@class ='new-login-tab']/span[2]"] 成功
2021-11-15 16:11:12,155 - webbase.py - DEBUG - 正在定位元素信息：定位方式->xpath, value值->.//p[@class='ps-username fn-login-input-item']/input[1]
2021-11-15 16:11:12,157 - webbase.py - DEBUG - 定位元素('xpath', ".//p[@class='ps-username fn-login-input-item']/input[1]")成功
2021-11-15 16:11:12,185 - webbase.py - DEBUG - send keys 2111713263 成功
2021-11-15 16:11:12,185 - webbase.py - DEBUG - 正在定位元素信息：定位方式->id, value值->j_password
2021-11-15 16:11:12,190 - webbase.py - DEBUG - 定位元素('id', 'j_password')成功
2021-11-15 16:11:12,205 - webbase.py - DEBUG - send keys hrloo.com 成功
2021-11-15 16:11:13,072 - webbase.py - DEBUG - click ['id', 'j_loginbtn'] 成功
2021-11-15 16:11:16,308 - webbase.py - DEBUG - click ['xpath', ".//div[@class='hr-nfr-item  nfr-msg fn-sms-center-click']/div[1]/div[@class='nfr-text']"] 成功
2021-11-15 16:11:16,539 - webbase.py - DEBUG - click ['xpath', ".//div[@class='tit']/a[text()='徐渤BOBO']"] 成功
2021-11-15 16:11:16,539 - webbase.py - DEBUG - 正在定位元素信息：定位方式->xpath, value值->.//div[@class='chat-w-bottom']/textarea[1]
2021-11-15 16:11:16,542 - webbase.py - DEBUG - 定位元素('xpath', ".//div[@class='chat-w-bottom']/textarea[1]")成功
2021-11-15 16:11:16,556 - webbase.py - DEBUG - send keys 重新认识下，你好 成功
2021-11-15 16:11:18,784 - webbase.py - DEBUG - click ['xpath', ".//span[text()='发送']"] 成功
2021-11-15 16:11:20,919 - guibase.py - DEBUG - 查找对象google存在
2021-11-15 16:11:20,919 - guibase.py - DEBUG - 查找对象google存在
2021-11-15 16:11:20,919 - guibase.py - DEBUG - 查找对象google存在
2021-11-15 16:11:21,685 - guibase.py - DEBUG - 移动到图片 google 位置True, 点击:Point(x=1250, y=1060) 成功
2021-11-15 16:11:21,685 - guibase.py - DEBUG - 移动到图片 google 位置True, 点击:Point(x=1250, y=1060) 成功
2021-11-15 16:11:21,685 - guibase.py - DEBUG - 移动到图片 google 位置True, 点击:Point(x=1250, y=1060) 成功
2021-11-15 16:11:23,735 - webbase.py - DEBUG - click ['xpath', ".//div[@class='chat-w-bottom']/textarea[1]"] 成功
2021-11-15 16:11:23,735 - webbase.py - DEBUG - 正在定位元素信息：定位方式->xpath, value值->.//div[@class='chat-w-bottom']/textarea[1]
2021-11-15 16:11:23,741 - webbase.py - DEBUG - 定位元素('xpath', ".//div[@class='chat-w-bottom']/textarea[1]")成功
2021-11-15 16:11:23,758 - webbase.py - DEBUG - send keys 你好啊！ 成功
2021-11-15 16:11:24,760 - guibase.py - DEBUG - 执行快捷键('enter',)
2021-11-15 16:11:24,760 - guibase.py - DEBUG - 执行快捷键('enter',)
2021-11-15 16:11:24,760 - guibase.py - DEBUG - 执行快捷键('enter',)
2021-11-15 16:11:24,888 - guibase.py - DEBUG - 查找对象fox_browser存在
2021-11-15 16:11:24,888 - guibase.py - DEBUG - 查找对象fox_browser存在
2021-11-15 16:11:24,888 - guibase.py - DEBUG - 查找对象fox_browser存在
2021-11-15 16:11:25,653 - guibase.py - DEBUG - 移动到图片 fox_browser 位置True, 点击:Point(x=713, y=1061) 成功
2021-11-15 16:11:25,653 - guibase.py - DEBUG - 移动到图片 fox_browser 位置True, 点击:Point(x=713, y=1061) 成功
2021-11-15 16:11:25,653 - guibase.py - DEBUG - 移动到图片 fox_browser 位置True, 点击:Point(x=713, y=1061) 成功
2021-11-15 16:11:27,881 - webbase.py - DEBUG - click ['xpath', ".//div[@class='chat-w-bottom']/textarea[1]"] 成功
2021-11-15 16:11:27,881 - webbase.py - DEBUG - 正在定位元素信息：定位方式->xpath, value值->.//div[@class='chat-w-bottom']/textarea[1]
2021-11-15 16:11:27,884 - webbase.py - DEBUG - 定位元素('xpath', ".//div[@class='chat-w-bottom']/textarea[1]")成功
2021-11-15 16:11:27,892 - webbase.py - DEBUG - send keys 第一次聊天，紧张了 成功
2021-11-15 16:11:28,892 - guibase.py - DEBUG - 执行快捷键('enter',)
2021-11-15 16:11:28,892 - guibase.py - DEBUG - 执行快捷键('enter',)
2021-11-15 16:11:28,892 - guibase.py - DEBUG - 执行快捷键('enter',)
2021-11-15 16:11:31,017 - guibase.py - DEBUG - 查找对象google存在
2021-11-15 16:11:31,017 - guibase.py - DEBUG - 查找对象google存在
2021-11-15 16:11:31,017 - guibase.py - DEBUG - 查找对象google存在
2021-11-15 16:11:31,786 - guibase.py - DEBUG - 移动到图片 google 位置True, 点击:Point(x=1250, y=1060) 成功
2021-11-15 16:11:31,786 - guibase.py - DEBUG - 移动到图片 google 位置True, 点击:Point(x=1250, y=1060) 成功
2021-11-15 16:11:31,786 - guibase.py - DEBUG - 移动到图片 google 位置True, 点击:Point(x=1250, y=1060) 成功
2021-11-15 16:11:45,805 - webbase.py - ERROR - click ['xpath', ".//div[@class='chat-w-bottom']/textarea[1]"] 失败
2021-11-15 16:16:28,580 - webbase.py - DEBUG - click ['xpath', ".//div[@class ='new-login-tab']/span[2]"] 成功
2021-11-15 16:16:28,580 - webbase.py - DEBUG - 正在定位元素信息：定位方式->xpath, value值->.//p[@class='ps-username fn-login-input-item']/input[1]
2021-11-15 16:16:28,589 - webbase.py - DEBUG - 定位元素('xpath', ".//p[@class='ps-username fn-login-input-item']/input[1]")成功
2021-11-15 16:16:29,181 - webbase.py - DEBUG - send keys 1406607478 成功
2021-11-15 16:16:29,181 - webbase.py - DEBUG - 正在定位元素信息：定位方式->id, value值->j_password
2021-11-15 16:16:29,191 - webbase.py - DEBUG - 定位元素('id', 'j_password')成功
2021-11-15 16:16:29,244 - webbase.py - DEBUG - send keys hrloo.com 成功
2021-11-15 16:16:29,311 - webbase.py - DEBUG - click ['id', 'j_loginbtn'] 成功
2021-11-15 16:16:30,287 - webbase.py - DEBUG - click ['xpath', ".//div[@class='hr-nfr-item  nfr-msg fn-sms-center-click']/div[1]/div[@class='nfr-text']"] 成功
2021-11-15 16:16:43,308 - webbase.py - DEBUG - 只查询：查询元素('xpath', ".//div[@class='tit']/a[text()='Benjamin02099']") 不存在
2021-11-15 16:16:51,475 - webbase.py - DEBUG - click ['xpath', ".//div[@class ='new-login-tab']/span[2]"] 成功
2021-11-15 16:16:51,475 - webbase.py - DEBUG - 正在定位元素信息：定位方式->xpath, value值->.//p[@class='ps-username fn-login-input-item']/input[1]
2021-11-15 16:16:51,483 - webbase.py - DEBUG - 定位元素('xpath', ".//p[@class='ps-username fn-login-input-item']/input[1]")成功
2021-11-15 16:16:51,976 - webbase.py - DEBUG - send keys 1406607478 成功
2021-11-15 16:16:51,976 - webbase.py - DEBUG - 正在定位元素信息：定位方式->id, value值->j_password
2021-11-15 16:16:51,985 - webbase.py - DEBUG - 定位元素('id', 'j_password')成功
2021-11-15 16:16:52,038 - webbase.py - DEBUG - send keys hrloo.com 成功
2021-11-15 16:16:52,097 - webbase.py - DEBUG - click ['id', 'j_loginbtn'] 成功
2021-11-15 16:16:53,012 - webbase.py - DEBUG - click ['xpath', ".//div[@class='hr-nfr-item  nfr-msg fn-sms-center-click']/div[1]/div[@class='nfr-text']"] 成功
2021-11-15 16:17:05,383 - webbase.py - DEBUG - click ['xpath', ".//div[@class ='new-login-tab']/span[2]"] 成功
2021-11-15 16:17:05,383 - webbase.py - DEBUG - 正在定位元素信息：定位方式->xpath, value值->.//p[@class='ps-username fn-login-input-item']/input[1]
2021-11-15 16:17:05,392 - webbase.py - DEBUG - 定位元素('xpath', ".//p[@class='ps-username fn-login-input-item']/input[1]")成功
2021-11-15 16:17:05,881 - webbase.py - DEBUG - send keys 1406607478 成功
2021-11-15 16:17:05,881 - webbase.py - DEBUG - 正在定位元素信息：定位方式->id, value值->j_password
2021-11-15 16:17:05,889 - webbase.py - DEBUG - 定位元素('id', 'j_password')成功
2021-11-15 16:17:05,941 - webbase.py - DEBUG - send keys hrloo.com 成功
2021-11-15 16:17:06,027 - webbase.py - DEBUG - click ['id', 'j_loginbtn'] 成功
2021-11-15 16:17:06,741 - webbase.py - DEBUG - click ['xpath', ".//div[@class='hr-nfr-item  nfr-msg fn-sms-center-click']/div[1]/div[@class='nfr-text']"] 成功
2021-11-15 16:17:08,753 - webbase.py - DEBUG - 只查询：查询元素('xpath', ".//div[@class='tit']/a[text()='Benjamin02099']") 存在
2021-11-15 16:17:08,805 - webbase.py - DEBUG - click ['xpath', ".//div[@class='tit']/a[text()='Benjamin02099']"] 成功
2021-11-15 16:17:10,806 - webbase.py - DEBUG - 正在定位元素信息：定位方式->xpath, value值->.//div[@class='chat-w-bottom']/textarea[1]
2021-11-15 16:17:10,816 - webbase.py - DEBUG - 定位元素('xpath', ".//div[@class='chat-w-bottom']/textarea[1]")成功
2021-11-15 16:17:10,864 - webbase.py - DEBUG - send keys 你今天好吗？ 成功
2021-11-15 16:17:11,865 - guibase.py - DEBUG - 执行快捷键('shift', 'enter')
2021-11-15 16:17:11,865 - guibase.py - DEBUG - 执行快捷键('shift', 'enter')
2021-11-15 16:17:11,865 - guibase.py - DEBUG - 执行快捷键('shift', 'enter')
2021-11-15 16:17:12,865 - guibase.py - DEBUG - 执行快捷键('shift', 'enter')
2021-11-15 16:17:12,865 - guibase.py - DEBUG - 执行快捷键('shift', 'enter')
2021-11-15 16:17:12,865 - guibase.py - DEBUG - 执行快捷键('shift', 'enter')
2021-11-15 16:17:13,909 - guibase.py - DEBUG - 执行快捷键('ctrl', 'v')
2021-11-15 16:17:13,909 - guibase.py - DEBUG - 执行快捷键('ctrl', 'v')
2021-11-15 16:17:13,909 - guibase.py - DEBUG - 执行快捷键('ctrl', 'v')
2021-11-15 16:17:15,964 - webbase.py - DEBUG - click ['xpath', ".//div[@class='chat-wb-send fn-chat-wb-send active']/span[1]"] 成功
2021-11-15 16:17:16,015 - webbase.py - DEBUG - click ['xpath', ".//div[@class='chat-w-bottom']/div[1]/img[1]"] 成功
2021-11-15 16:17:21,164 - guibase.py - DEBUG - 查找对象img存在
2021-11-15 16:17:21,164 - guibase.py - DEBUG - 查找对象img存在
2021-11-15 16:17:21,164 - guibase.py - DEBUG - 查找对象img存在
2021-11-15 16:17:21,919 - guibase.py - DEBUG - 移动到图片 img 位置True, 点击:Point(x=315, y=267) 成功
2021-11-15 16:17:21,919 - guibase.py - DEBUG - 移动到图片 img 位置True, 点击:Point(x=315, y=267) 成功
2021-11-15 16:17:21,919 - guibase.py - DEBUG - 移动到图片 img 位置True, 点击:Point(x=315, y=267) 成功
2021-11-15 16:17:22,052 - guibase.py - DEBUG - 查找对象img2存在
2021-11-15 16:17:22,052 - guibase.py - DEBUG - 查找对象img2存在
2021-11-15 16:17:22,052 - guibase.py - DEBUG - 查找对象img2存在
2021-11-15 16:17:23,086 - guibase.py - DEBUG - 移动到图片 img2 位置True, 点击:Point(x=828, y=378) 成功
2021-11-15 16:17:23,086 - guibase.py - DEBUG - 移动到图片 img2 位置True, 点击:Point(x=828, y=378) 成功
2021-11-15 16:17:23,086 - guibase.py - DEBUG - 移动到图片 img2 位置True, 点击:Point(x=828, y=378) 成功
2021-11-15 16:17:32,328 - webbase.py - DEBUG - click ['xpath', ".//div[@class ='new-login-tab']/span[2]"] 成功
2021-11-15 16:17:34,329 - webbase.py - DEBUG - 正在定位元素信息：定位方式->xpath, value值->.//p[@class='ps-username fn-login-input-item']/input[1]
2021-11-15 16:17:34,331 - webbase.py - DEBUG - 定位元素('xpath', ".//p[@class='ps-username fn-login-input-item']/input[1]")成功
2021-11-15 16:17:34,358 - webbase.py - DEBUG - send keys 2111713263 成功
2021-11-15 16:17:34,358 - webbase.py - DEBUG - 正在定位元素信息：定位方式->id, value值->j_password
2021-11-15 16:17:34,361 - webbase.py - DEBUG - 定位元素('id', 'j_password')成功
2021-11-15 16:17:34,377 - webbase.py - DEBUG - send keys hrloo.com 成功
2021-11-15 16:17:35,114 - webbase.py - DEBUG - click ['id', 'j_loginbtn'] 成功
2021-11-15 16:17:38,346 - webbase.py - DEBUG - click ['xpath', ".//div[@class='hr-nfr-item  nfr-msg fn-sms-center-click']/div[1]/div[@class='nfr-text']"] 成功
2021-11-15 16:17:39,100 - webbase.py - DEBUG - click ['xpath', ".//div[@class='tit']/a[text()='徐渤BOBO']"] 成功
2021-11-15 16:17:39,100 - webbase.py - DEBUG - 正在定位元素信息：定位方式->xpath, value值->.//div[@class='chat-w-bottom']/textarea[1]
2021-11-15 16:17:39,103 - webbase.py - DEBUG - 定位元素('xpath', ".//div[@class='chat-w-bottom']/textarea[1]")成功
2021-11-15 16:17:39,116 - webbase.py - DEBUG - send keys 重新认识下，你好 成功
2021-11-15 16:17:41,352 - webbase.py - DEBUG - click ['xpath', ".//span[text()='发送']"] 成功
2021-11-15 16:17:43,489 - guibase.py - DEBUG - 查找对象google存在
2021-11-15 16:17:43,489 - guibase.py - DEBUG - 查找对象google存在
2021-11-15 16:17:43,489 - guibase.py - DEBUG - 查找对象google存在
2021-11-15 16:17:44,257 - guibase.py - DEBUG - 移动到图片 google 位置True, 点击:Point(x=1348, y=1060) 成功
2021-11-15 16:17:44,257 - guibase.py - DEBUG - 移动到图片 google 位置True, 点击:Point(x=1348, y=1060) 成功
2021-11-15 16:17:44,257 - guibase.py - DEBUG - 移动到图片 google 位置True, 点击:Point(x=1348, y=1060) 成功
2021-11-15 16:17:46,316 - webbase.py - DEBUG - click ['xpath', ".//div[@class='chat-w-bottom']/textarea[1]"] 成功
2021-11-15 16:17:46,316 - webbase.py - DEBUG - 正在定位元素信息：定位方式->xpath, value值->.//div[@class='chat-w-bottom']/textarea[1]
2021-11-15 16:17:46,323 - webbase.py - DEBUG - 定位元素('xpath', ".//div[@class='chat-w-bottom']/textarea[1]")成功
2021-11-15 16:17:46,347 - webbase.py - DEBUG - send keys 你好啊！ 成功
2021-11-15 16:17:47,348 - guibase.py - DEBUG - 执行快捷键('enter',)
2021-11-15 16:17:47,348 - guibase.py - DEBUG - 执行快捷键('enter',)
2021-11-15 16:17:47,348 - guibase.py - DEBUG - 执行快捷键('enter',)
2021-11-15 16:17:47,484 - guibase.py - DEBUG - 查找对象fox_browser存在
2021-11-15 16:17:47,484 - guibase.py - DEBUG - 查找对象fox_browser存在
2021-11-15 16:17:47,484 - guibase.py - DEBUG - 查找对象fox_browser存在
2021-11-15 16:17:48,254 - guibase.py - DEBUG - 移动到图片 fox_browser 位置True, 点击:Point(x=713, y=1061) 成功
2021-11-15 16:17:48,254 - guibase.py - DEBUG - 移动到图片 fox_browser 位置True, 点击:Point(x=713, y=1061) 成功
2021-11-15 16:17:48,254 - guibase.py - DEBUG - 移动到图片 fox_browser 位置True, 点击:Point(x=713, y=1061) 成功
2021-11-15 16:17:50,489 - webbase.py - DEBUG - click ['xpath', ".//div[@class='chat-w-bottom']/textarea[1]"] 成功
2021-11-15 16:17:50,490 - webbase.py - DEBUG - 正在定位元素信息：定位方式->xpath, value值->.//div[@class='chat-w-bottom']/textarea[1]
2021-11-15 16:17:50,492 - webbase.py - DEBUG - 定位元素('xpath', ".//div[@class='chat-w-bottom']/textarea[1]")成功
2021-11-15 16:17:50,501 - webbase.py - DEBUG - send keys 第一次聊天，紧张了 成功
2021-11-15 16:17:51,501 - guibase.py - DEBUG - 执行快捷键('enter',)
2021-11-15 16:17:51,501 - guibase.py - DEBUG - 执行快捷键('enter',)
2021-11-15 16:17:51,501 - guibase.py - DEBUG - 执行快捷键('enter',)
2021-11-15 16:17:53,638 - guibase.py - DEBUG - 查找对象google存在
2021-11-15 16:17:53,638 - guibase.py - DEBUG - 查找对象google存在
2021-11-15 16:17:53,638 - guibase.py - DEBUG - 查找对象google存在
2021-11-15 16:17:54,403 - guibase.py - DEBUG - 移动到图片 google 位置True, 点击:Point(x=1348, y=1060) 成功
2021-11-15 16:17:54,403 - guibase.py - DEBUG - 移动到图片 google 位置True, 点击:Point(x=1348, y=1060) 成功
2021-11-15 16:17:54,403 - guibase.py - DEBUG - 移动到图片 google 位置True, 点击:Point(x=1348, y=1060) 成功
2021-11-15 16:17:56,438 - webbase.py - DEBUG - click ['xpath', ".//div[@class='chat-w-bottom']/textarea[1]"] 成功
2021-11-15 16:17:56,438 - webbase.py - DEBUG - 正在定位元素信息：定位方式->xpath, value值->.//div[@class='chat-w-bottom']/textarea[1]
2021-11-15 16:17:56,443 - webbase.py - DEBUG - 定位元素('xpath', ".//div[@class='chat-w-bottom']/textarea[1]")成功
2021-11-15 16:17:56,462 - webbase.py - DEBUG - send keys 加油！,放松 成功
2021-11-15 16:17:57,463 - guibase.py - DEBUG - 执行快捷键('enter',)
2021-11-15 16:17:57,463 - guibase.py - DEBUG - 执行快捷键('enter',)
2021-11-15 16:17:57,463 - guibase.py - DEBUG - 执行快捷键('enter',)
2021-11-15 16:17:57,594 - guibase.py - DEBUG - 查找对象fox_browser存在
2021-11-15 16:17:57,594 - guibase.py - DEBUG - 查找对象fox_browser存在
2021-11-15 16:17:57,594 - guibase.py - DEBUG - 查找对象fox_browser存在
2021-11-15 16:17:58,353 - guibase.py - DEBUG - 移动到图片 fox_browser 位置True, 点击:Point(x=713, y=1061) 成功
2021-11-15 16:17:58,353 - guibase.py - DEBUG - 移动到图片 fox_browser 位置True, 点击:Point(x=713, y=1061) 成功
2021-11-15 16:17:58,353 - guibase.py - DEBUG - 移动到图片 fox_browser 位置True, 点击:Point(x=713, y=1061) 成功
2021-11-15 16:18:00,581 - webbase.py - DEBUG - click ['xpath', ".//div[@class='chat-w-bottom']/textarea[1]"] 成功
2021-11-15 16:18:00,581 - webbase.py - DEBUG - 正在定位元素信息：定位方式->xpath, value值->.//div[@class='chat-w-bottom']/textarea[1]
2021-11-15 16:18:00,585 - webbase.py - DEBUG - 定位元素('xpath', ".//div[@class='chat-w-bottom']/textarea[1]")成功
2021-11-15 16:18:00,590 - webbase.py - DEBUG - send keys 嗯嗯 成功
2021-11-15 16:18:01,591 - guibase.py - DEBUG - 执行快捷键('enter',)
2021-11-15 16:18:01,591 - guibase.py - DEBUG - 执行快捷键('enter',)
2021-11-15 16:18:01,591 - guibase.py - DEBUG - 执行快捷键('enter',)
2021-11-15 16:18:03,718 - guibase.py - DEBUG - 查找对象google存在
2021-11-15 16:18:03,718 - guibase.py - DEBUG - 查找对象google存在
2021-11-15 16:18:03,718 - guibase.py - DEBUG - 查找对象google存在
2021-11-15 16:18:04,487 - guibase.py - DEBUG - 移动到图片 google 位置True, 点击:Point(x=1348, y=1060) 成功
2021-11-15 16:18:04,487 - guibase.py - DEBUG - 移动到图片 google 位置True, 点击:Point(x=1348, y=1060) 成功
2021-11-15 16:18:04,487 - guibase.py - DEBUG - 移动到图片 google 位置True, 点击:Point(x=1348, y=1060) 成功
2021-11-15 16:18:06,523 - webbase.py - DEBUG - click ['xpath', ".//div[@class='chat-w-bottom']/textarea[1]"] 成功
2021-11-15 16:18:06,523 - webbase.py - DEBUG - 正在定位元素信息：定位方式->xpath, value值->.//div[@class='chat-w-bottom']/textarea[1]
2021-11-15 16:18:06,528 - webbase.py - DEBUG - 定位元素('xpath', ".//div[@class='chat-w-bottom']/textarea[1]")成功
2021-11-15 16:18:06,547 - webbase.py - DEBUG - send keys 哈哈哈 成功
2021-11-15 16:18:07,548 - guibase.py - DEBUG - 执行快捷键('enter',)
2021-11-15 16:18:07,548 - guibase.py - DEBUG - 执行快捷键('enter',)
2021-11-15 16:18:07,548 - guibase.py - DEBUG - 执行快捷键('enter',)
2021-11-15 16:18:09,682 - guibase.py - DEBUG - 查找对象fox_browser存在
2021-11-15 16:18:09,682 - guibase.py - DEBUG - 查找对象fox_browser存在
2021-11-15 16:18:09,682 - guibase.py - DEBUG - 查找对象fox_browser存在
2021-11-15 16:18:10,454 - guibase.py - DEBUG - 移动到图片 fox_browser 位置True, 点击:Point(x=713, y=1061) 成功
2021-11-15 16:18:10,454 - guibase.py - DEBUG - 移动到图片 fox_browser 位置True, 点击:Point(x=713, y=1061) 成功
2021-11-15 16:18:10,454 - guibase.py - DEBUG - 移动到图片 fox_browser 位置True, 点击:Point(x=713, y=1061) 成功
2021-11-15 16:18:15,227 - guibase.py - DEBUG - 查找对象google存在
2021-11-15 16:18:15,227 - guibase.py - DEBUG - 查找对象google存在
2021-11-15 16:18:15,227 - guibase.py - DEBUG - 查找对象google存在
2021-11-15 16:18:15,987 - guibase.py - DEBUG - 移动到图片 google 位置True, 点击:Point(x=1348, y=1060) 成功
2021-11-15 16:18:15,987 - guibase.py - DEBUG - 移动到图片 google 位置True, 点击:Point(x=1348, y=1060) 成功
2021-11-15 16:18:15,987 - guibase.py - DEBUG - 移动到图片 google 位置True, 点击:Point(x=1348, y=1060) 成功
2021-11-15 16:18:17,988 - webbase.py - DEBUG - 正在定位元素信息：定位方式->xpath, value值->.//div[@class='con-desc' and text()='哈哈哈']
2021-11-15 16:18:18,006 - webbase.py - DEBUG - 定位元素('xpath', ".//div[@class='con-desc' and text()='哈哈哈']")成功
2021-11-15 16:36:39,306 - webbase.py - DEBUG - click ['xpath', ".//div[@class ='new-login-tab']/span[2]"] 成功
2021-11-15 16:36:39,307 - webbase.py - DEBUG - 正在定位元素信息：定位方式->xpath, value值->.//p[@class='ps-username fn-login-input-item']/input[1]
2021-11-15 16:36:39,315 - webbase.py - DEBUG - 定位元素('xpath', ".//p[@class='ps-username fn-login-input-item']/input[1]")成功
2021-11-15 16:36:39,909 - webbase.py - DEBUG - send keys 1406607478 成功
2021-11-15 16:36:39,909 - webbase.py - DEBUG - 正在定位元素信息：定位方式->id, value值->j_password
2021-11-15 16:36:39,917 - webbase.py - DEBUG - 定位元素('id', 'j_password')成功
2021-11-15 16:36:39,972 - webbase.py - DEBUG - send keys hrloo.com 成功
2021-11-15 16:36:40,034 - webbase.py - DEBUG - click ['id', 'j_loginbtn'] 成功
2021-11-15 16:36:40,715 - webbase.py - DEBUG - click ['xpath', ".//div[@class='hr-nfr-item  nfr-msg fn-sms-center-click']/div[1]/div[@class='nfr-text']"] 成功
2021-11-15 16:36:42,726 - webbase.py - DEBUG - 只查询：查询元素('xpath', ".//div[@class='tit']/a[text()='Benjamin02099']") 存在
2021-11-15 16:36:42,779 - webbase.py - DEBUG - click ['xpath', ".//div[@class='tit']/a[text()='Benjamin02099']"] 成功
2021-11-15 16:36:44,779 - webbase.py - DEBUG - 正在定位元素信息：定位方式->xpath, value值->.//div[@class='chat-w-bottom']/textarea[1]
2021-11-15 16:36:44,788 - webbase.py - DEBUG - 定位元素('xpath', ".//div[@class='chat-w-bottom']/textarea[1]")成功
2021-11-15 16:36:44,838 - webbase.py - DEBUG - send keys 你今天好吗？ 成功
2021-11-15 16:36:45,839 - guibase.py - DEBUG - 执行快捷键('shift', 'enter')
2021-11-15 16:36:45,839 - guibase.py - DEBUG - 执行快捷键('shift', 'enter')
2021-11-15 16:36:45,839 - guibase.py - DEBUG - 执行快捷键('shift', 'enter')
2021-11-15 16:36:46,843 - guibase.py - DEBUG - 执行快捷键('shift', 'enter')
2021-11-15 16:36:46,843 - guibase.py - DEBUG - 执行快捷键('shift', 'enter')
2021-11-15 16:36:46,843 - guibase.py - DEBUG - 执行快捷键('shift', 'enter')
2021-11-15 16:36:47,864 - guibase.py - DEBUG - 执行快捷键('ctrl', 'v')
2021-11-15 16:36:47,864 - guibase.py - DEBUG - 执行快捷键('ctrl', 'v')
2021-11-15 16:36:47,864 - guibase.py - DEBUG - 执行快捷键('ctrl', 'v')
2021-11-15 16:36:49,922 - webbase.py - DEBUG - click ['xpath', ".//div[@class='chat-wb-send fn-chat-wb-send active']/span[1]"] 成功
2021-11-15 16:36:49,972 - webbase.py - DEBUG - click ['xpath', ".//div[@class='chat-w-bottom']/div[1]/img[1]"] 成功
2021-11-15 16:36:55,113 - guibase.py - DEBUG - 查找对象img存在
2021-11-15 16:36:55,113 - guibase.py - DEBUG - 查找对象img存在
2021-11-15 16:36:55,113 - guibase.py - DEBUG - 查找对象img存在
2021-11-15 16:36:55,870 - guibase.py - DEBUG - 移动到图片 img 位置True, 点击:Point(x=315, y=267) 成功
2021-11-15 16:36:55,870 - guibase.py - DEBUG - 移动到图片 img 位置True, 点击:Point(x=315, y=267) 成功
2021-11-15 16:36:55,870 - guibase.py - DEBUG - 移动到图片 img 位置True, 点击:Point(x=315, y=267) 成功
2021-11-15 16:36:56,005 - guibase.py - DEBUG - 查找对象img2存在
2021-11-15 16:36:56,005 - guibase.py - DEBUG - 查找对象img2存在
2021-11-15 16:36:56,005 - guibase.py - DEBUG - 查找对象img2存在
2021-11-15 16:36:57,038 - guibase.py - DEBUG - 移动到图片 img2 位置True, 点击:Point(x=828, y=378) 成功
2021-11-15 16:36:57,038 - guibase.py - DEBUG - 移动到图片 img2 位置True, 点击:Point(x=828, y=378) 成功
2021-11-15 16:36:57,038 - guibase.py - DEBUG - 移动到图片 img2 位置True, 点击:Point(x=828, y=378) 成功
2021-11-15 16:37:06,536 - webbase.py - DEBUG - click ['xpath', ".//div[@class ='new-login-tab']/span[2]"] 成功
2021-11-15 16:37:08,537 - webbase.py - DEBUG - 正在定位元素信息：定位方式->xpath, value值->.//p[@class='ps-username fn-login-input-item']/input[1]
2021-11-15 16:37:08,540 - webbase.py - DEBUG - 定位元素('xpath', ".//p[@class='ps-username fn-login-input-item']/input[1]")成功
2021-11-15 16:37:08,568 - webbase.py - DEBUG - send keys 2111713263 成功
2021-11-15 16:37:08,568 - webbase.py - DEBUG - 正在定位元素信息：定位方式->id, value值->j_password
2021-11-15 16:37:08,571 - webbase.py - DEBUG - 定位元素('id', 'j_password')成功
2021-11-15 16:37:08,585 - webbase.py - DEBUG - send keys hrloo.com 成功
2021-11-15 16:37:09,434 - webbase.py - DEBUG - click ['id', 'j_loginbtn'] 成功
2021-11-15 16:37:12,670 - webbase.py - DEBUG - click ['xpath', ".//div[@class='hr-nfr-item  nfr-msg fn-sms-center-click']/div[1]/div[@class='nfr-text']"] 成功
2021-11-15 16:37:12,906 - webbase.py - DEBUG - click ['xpath', ".//div[@class='tit']/a[text()='徐渤BOBO']"] 成功
2021-11-15 16:37:12,907 - webbase.py - DEBUG - 正在定位元素信息：定位方式->xpath, value值->.//div[@class='chat-w-bottom']/textarea[1]
2021-11-15 16:37:12,918 - webbase.py - DEBUG - 定位元素('xpath', ".//div[@class='chat-w-bottom']/textarea[1]")成功
2021-11-15 16:37:12,941 - webbase.py - DEBUG - send keys 重新认识下，你好 成功
2021-11-15 16:37:15,173 - webbase.py - DEBUG - click ['xpath', ".//span[text()='发送']"] 成功
2021-11-15 16:37:17,305 - guibase.py - DEBUG - 查找对象google存在
2021-11-15 16:37:17,305 - guibase.py - DEBUG - 查找对象google存在
2021-11-15 16:37:17,305 - guibase.py - DEBUG - 查找对象google存在
2021-11-15 16:37:18,078 - guibase.py - DEBUG - 移动到图片 google 位置True, 点击:Point(x=1348, y=1060) 成功
2021-11-15 16:37:18,078 - guibase.py - DEBUG - 移动到图片 google 位置True, 点击:Point(x=1348, y=1060) 成功
2021-11-15 16:37:18,078 - guibase.py - DEBUG - 移动到图片 google 位置True, 点击:Point(x=1348, y=1060) 成功
2021-11-15 16:37:20,148 - webbase.py - DEBUG - click ['xpath', ".//div[@class='chat-w-bottom']/textarea[1]"] 成功
2021-11-15 16:37:20,148 - webbase.py - DEBUG - 正在定位元素信息：定位方式->xpath, value值->.//div[@class='chat-w-bottom']/textarea[1]
2021-11-15 16:37:20,153 - webbase.py - DEBUG - 定位元素('xpath', ".//div[@class='chat-w-bottom']/textarea[1]")成功
2021-11-15 16:37:20,177 - webbase.py - DEBUG - send keys 你好啊！ 成功
2021-11-15 16:37:21,177 - guibase.py - DEBUG - 执行快捷键('enter',)
2021-11-15 16:37:21,177 - guibase.py - DEBUG - 执行快捷键('enter',)
2021-11-15 16:37:21,177 - guibase.py - DEBUG - 执行快捷键('enter',)
2021-11-15 16:37:21,304 - guibase.py - DEBUG - 查找对象fox_browser存在
2021-11-15 16:37:21,304 - guibase.py - DEBUG - 查找对象fox_browser存在
2021-11-15 16:37:21,304 - guibase.py - DEBUG - 查找对象fox_browser存在
2021-11-15 16:37:22,073 - guibase.py - DEBUG - 移动到图片 fox_browser 位置True, 点击:Point(x=713, y=1061) 成功
2021-11-15 16:37:22,073 - guibase.py - DEBUG - 移动到图片 fox_browser 位置True, 点击:Point(x=713, y=1061) 成功
2021-11-15 16:37:22,073 - guibase.py - DEBUG - 移动到图片 fox_browser 位置True, 点击:Point(x=713, y=1061) 成功
2021-11-15 16:37:24,312 - webbase.py - DEBUG - click ['xpath', ".//div[@class='chat-w-bottom']/textarea[1]"] 成功
2021-11-15 16:37:24,312 - webbase.py - DEBUG - 正在定位元素信息：定位方式->xpath, value值->.//div[@class='chat-w-bottom']/textarea[1]
2021-11-15 16:37:24,314 - webbase.py - DEBUG - 定位元素('xpath', ".//div[@class='chat-w-bottom']/textarea[1]")成功
2021-11-15 16:37:24,320 - webbase.py - DEBUG - send keys 第一次聊天，紧张了 成功
2021-11-15 16:37:25,321 - guibase.py - DEBUG - 执行快捷键('enter',)
2021-11-15 16:37:25,321 - guibase.py - DEBUG - 执行快捷键('enter',)
2021-11-15 16:37:25,321 - guibase.py - DEBUG - 执行快捷键('enter',)
2021-11-15 16:37:27,450 - guibase.py - DEBUG - 查找对象google存在
2021-11-15 16:37:27,450 - guibase.py - DEBUG - 查找对象google存在
2021-11-15 16:37:27,450 - guibase.py - DEBUG - 查找对象google存在
2021-11-15 16:37:28,228 - guibase.py - DEBUG - 移动到图片 google 位置True, 点击:Point(x=1348, y=1060) 成功
2021-11-15 16:37:28,228 - guibase.py - DEBUG - 移动到图片 google 位置True, 点击:Point(x=1348, y=1060) 成功
2021-11-15 16:37:28,228 - guibase.py - DEBUG - 移动到图片 google 位置True, 点击:Point(x=1348, y=1060) 成功
2021-11-15 16:37:30,269 - webbase.py - DEBUG - click ['xpath', ".//div[@class='chat-w-bottom']/textarea[1]"] 成功
2021-11-15 16:37:30,269 - webbase.py - DEBUG - 正在定位元素信息：定位方式->xpath, value值->.//div[@class='chat-w-bottom']/textarea[1]
2021-11-15 16:37:30,275 - webbase.py - DEBUG - 定位元素('xpath', ".//div[@class='chat-w-bottom']/textarea[1]")成功
2021-11-15 16:37:30,295 - webbase.py - DEBUG - send keys 加油！,放松 成功
2021-11-15 16:37:31,295 - guibase.py - DEBUG - 执行快捷键('enter',)
2021-11-15 16:37:31,295 - guibase.py - DEBUG - 执行快捷键('enter',)
2021-11-15 16:37:31,295 - guibase.py - DEBUG - 执行快捷键('enter',)
2021-11-15 16:37:31,426 - guibase.py - DEBUG - 查找对象fox_browser存在
2021-11-15 16:37:31,426 - guibase.py - DEBUG - 查找对象fox_browser存在
2021-11-15 16:37:31,426 - guibase.py - DEBUG - 查找对象fox_browser存在
2021-11-15 16:37:32,193 - guibase.py - DEBUG - 移动到图片 fox_browser 位置True, 点击:Point(x=713, y=1061) 成功
2021-11-15 16:37:32,193 - guibase.py - DEBUG - 移动到图片 fox_browser 位置True, 点击:Point(x=713, y=1061) 成功
2021-11-15 16:37:32,193 - guibase.py - DEBUG - 移动到图片 fox_browser 位置True, 点击:Point(x=713, y=1061) 成功
2021-11-15 16:37:34,414 - webbase.py - DEBUG - click ['xpath', ".//div[@class='chat-w-bottom']/textarea[1]"] 成功
2021-11-15 16:37:34,415 - webbase.py - DEBUG - 正在定位元素信息：定位方式->xpath, value值->.//div[@class='chat-w-bottom']/textarea[1]
2021-11-15 16:37:34,426 - webbase.py - DEBUG - 定位元素('xpath', ".//div[@class='chat-w-bottom']/textarea[1]")成功
2021-11-15 16:37:34,432 - webbase.py - DEBUG - send keys 嗯嗯 成功
2021-11-15 16:37:35,432 - guibase.py - DEBUG - 执行快捷键('enter',)
2021-11-15 16:37:35,432 - guibase.py - DEBUG - 执行快捷键('enter',)
2021-11-15 16:37:35,432 - guibase.py - DEBUG - 执行快捷键('enter',)
2021-11-15 16:37:37,550 - guibase.py - DEBUG - 查找对象google存在
2021-11-15 16:37:37,550 - guibase.py - DEBUG - 查找对象google存在
2021-11-15 16:37:37,550 - guibase.py - DEBUG - 查找对象google存在
2021-11-15 16:37:38,321 - guibase.py - DEBUG - 移动到图片 google 位置True, 点击:Point(x=1348, y=1060) 成功
2021-11-15 16:37:38,321 - guibase.py - DEBUG - 移动到图片 google 位置True, 点击:Point(x=1348, y=1060) 成功
2021-11-15 16:37:38,321 - guibase.py - DEBUG - 移动到图片 google 位置True, 点击:Point(x=1348, y=1060) 成功
2021-11-15 16:37:40,355 - webbase.py - DEBUG - click ['xpath', ".//div[@class='chat-w-bottom']/textarea[1]"] 成功
2021-11-15 16:37:40,355 - webbase.py - DEBUG - 正在定位元素信息：定位方式->xpath, value值->.//div[@class='chat-w-bottom']/textarea[1]
2021-11-15 16:37:40,361 - webbase.py - DEBUG - 定位元素('xpath', ".//div[@class='chat-w-bottom']/textarea[1]")成功
2021-11-15 16:37:40,378 - webbase.py - DEBUG - send keys 哈哈哈 成功
2021-11-15 16:37:41,379 - guibase.py - DEBUG - 执行快捷键('enter',)
2021-11-15 16:37:41,379 - guibase.py - DEBUG - 执行快捷键('enter',)
2021-11-15 16:37:41,379 - guibase.py - DEBUG - 执行快捷键('enter',)
2021-11-15 16:37:43,499 - guibase.py - DEBUG - 查找对象fox_browser存在
2021-11-15 16:37:43,499 - guibase.py - DEBUG - 查找对象fox_browser存在
2021-11-15 16:37:43,499 - guibase.py - DEBUG - 查找对象fox_browser存在
2021-11-15 16:37:44,257 - guibase.py - DEBUG - 移动到图片 fox_browser 位置True, 点击:Point(x=713, y=1061) 成功
2021-11-15 16:37:44,257 - guibase.py - DEBUG - 移动到图片 fox_browser 位置True, 点击:Point(x=713, y=1061) 成功
2021-11-15 16:37:44,257 - guibase.py - DEBUG - 移动到图片 fox_browser 位置True, 点击:Point(x=713, y=1061) 成功
2021-11-15 16:37:49,014 - guibase.py - DEBUG - 查找对象google存在
2021-11-15 16:37:49,014 - guibase.py - DEBUG - 查找对象google存在
2021-11-15 16:37:49,014 - guibase.py - DEBUG - 查找对象google存在
2021-11-15 16:37:49,771 - guibase.py - DEBUG - 移动到图片 google 位置True, 点击:Point(x=1348, y=1060) 成功
2021-11-15 16:37:49,771 - guibase.py - DEBUG - 移动到图片 google 位置True, 点击:Point(x=1348, y=1060) 成功
2021-11-15 16:37:49,771 - guibase.py - DEBUG - 移动到图片 google 位置True, 点击:Point(x=1348, y=1060) 成功
2021-11-15 16:37:51,843 - webbase.py - DEBUG - click ['xpath', ".//a[@class='global-chat-close fn-global-chat-close']"] 成功
2021-11-15 16:37:53,843 - webbase.py - DEBUG - 正在定位元素信息：定位方式->xpath, value值->.//div[@class='fn-vip-link-islogin']']
2021-11-15 16:42:36,144 - webbase.py - DEBUG - click ['xpath', ".//div[@class ='new-login-tab']/span[2]"] 成功
2021-11-15 16:42:36,144 - webbase.py - DEBUG - 正在定位元素信息：定位方式->xpath, value值->.//p[@class='ps-username fn-login-input-item']/input[1]
2021-11-15 16:42:36,153 - webbase.py - DEBUG - 定位元素('xpath', ".//p[@class='ps-username fn-login-input-item']/input[1]")成功
2021-11-15 16:42:36,648 - webbase.py - DEBUG - send keys 1406607478 成功
2021-11-15 16:42:36,648 - webbase.py - DEBUG - 正在定位元素信息：定位方式->id, value值->j_password
2021-11-15 16:42:36,657 - webbase.py - DEBUG - 定位元素('id', 'j_password')成功
2021-11-15 16:42:36,711 - webbase.py - DEBUG - send keys hrloo.com 成功
2021-11-15 16:42:36,767 - webbase.py - DEBUG - click ['id', 'j_loginbtn'] 成功
2021-11-15 16:42:37,708 - webbase.py - DEBUG - click ['xpath', ".//div[@class='hr-nfr-item  nfr-msg fn-sms-center-click']/div[1]/div[@class='nfr-text']"] 成功
2021-11-15 16:42:40,698 - webbase.py - DEBUG - 只查询：查询元素('xpath', ".//div[@class='tit']/a[text()='阿特洛波斯13405']") 不存在
2021-11-15 16:42:40,699 - webbase.py - ERROR - click ['xpath', ".//div[@class='tit']/a[text()='176毛毛虫']"] 失败
2021-11-15 16:42:56,105 - webbase.py - DEBUG - click ['xpath', ".//div[@class ='new-login-tab']/span[2]"] 成功
2021-11-15 16:42:56,105 - webbase.py - DEBUG - 正在定位元素信息：定位方式->xpath, value值->.//p[@class='ps-username fn-login-input-item']/input[1]
2021-11-15 16:42:56,114 - webbase.py - DEBUG - 定位元素('xpath', ".//p[@class='ps-username fn-login-input-item']/input[1]")成功
2021-11-15 16:42:56,603 - webbase.py - DEBUG - send keys 1406607478 成功
2021-11-15 16:42:56,603 - webbase.py - DEBUG - 正在定位元素信息：定位方式->id, value值->j_password
2021-11-15 16:42:56,612 - webbase.py - DEBUG - 定位元素('id', 'j_password')成功
2021-11-15 16:42:56,663 - webbase.py - DEBUG - send keys hrloo.com 成功
2021-11-15 16:42:56,727 - webbase.py - DEBUG - click ['id', 'j_loginbtn'] 成功
2021-11-15 16:42:57,462 - webbase.py - DEBUG - click ['xpath', ".//div[@class='hr-nfr-item  nfr-msg fn-sms-center-click']/div[1]/div[@class='nfr-text']"] 成功
2021-11-15 16:42:59,473 - webbase.py - DEBUG - 只查询：查询元素('xpath', ".//div[@class='tit']/a[text()='Benjamin02099']") 存在
2021-11-15 16:42:59,525 - webbase.py - DEBUG - click ['xpath', ".//div[@class='tit']/a[text()='Benjamin02099']"] 成功
2021-11-15 16:43:01,526 - webbase.py - DEBUG - 正在定位元素信息：定位方式->xpath, value值->.//div[@class='chat-w-bottom']/textarea[1]
2021-11-15 16:43:01,535 - webbase.py - DEBUG - 定位元素('xpath', ".//div[@class='chat-w-bottom']/textarea[1]")成功
2021-11-15 16:43:01,584 - webbase.py - DEBUG - send keys 你今天好吗？ 成功
2021-11-15 16:43:02,585 - guibase.py - DEBUG - 执行快捷键('shift', 'enter')
2021-11-15 16:43:02,585 - guibase.py - DEBUG - 执行快捷键('shift', 'enter')
2021-11-15 16:43:02,585 - guibase.py - DEBUG - 执行快捷键('shift', 'enter')
2021-11-15 16:43:03,586 - guibase.py - DEBUG - 执行快捷键('shift', 'enter')
2021-11-15 16:43:03,586 - guibase.py - DEBUG - 执行快捷键('shift', 'enter')
2021-11-15 16:43:03,586 - guibase.py - DEBUG - 执行快捷键('shift', 'enter')
2021-11-15 16:43:04,609 - guibase.py - DEBUG - 执行快捷键('ctrl', 'v')
2021-11-15 16:43:04,609 - guibase.py - DEBUG - 执行快捷键('ctrl', 'v')
2021-11-15 16:43:04,609 - guibase.py - DEBUG - 执行快捷键('ctrl', 'v')
2021-11-15 16:43:06,669 - webbase.py - DEBUG - click ['xpath', ".//div[@class='chat-wb-send fn-chat-wb-send active']/span[1]"] 成功
2021-11-15 16:43:06,718 - webbase.py - DEBUG - click ['xpath', ".//div[@class='chat-w-bottom']/div[1]/img[1]"] 成功
2021-11-15 16:43:11,854 - guibase.py - DEBUG - 查找对象img存在
2021-11-15 16:43:11,854 - guibase.py - DEBUG - 查找对象img存在
2021-11-15 16:43:11,854 - guibase.py - DEBUG - 查找对象img存在
2021-11-15 16:43:12,622 - guibase.py - DEBUG - 移动到图片 img 位置True, 点击:Point(x=315, y=267) 成功
2021-11-15 16:43:12,622 - guibase.py - DEBUG - 移动到图片 img 位置True, 点击:Point(x=315, y=267) 成功
2021-11-15 16:43:12,622 - guibase.py - DEBUG - 移动到图片 img 位置True, 点击:Point(x=315, y=267) 成功
2021-11-15 16:43:12,756 - guibase.py - DEBUG - 查找对象img2存在
2021-11-15 16:43:12,756 - guibase.py - DEBUG - 查找对象img2存在
2021-11-15 16:43:12,756 - guibase.py - DEBUG - 查找对象img2存在
2021-11-15 16:43:13,790 - guibase.py - DEBUG - 移动到图片 img2 位置True, 点击:Point(x=828, y=378) 成功
2021-11-15 16:43:13,790 - guibase.py - DEBUG - 移动到图片 img2 位置True, 点击:Point(x=828, y=378) 成功
2021-11-15 16:43:13,790 - guibase.py - DEBUG - 移动到图片 img2 位置True, 点击:Point(x=828, y=378) 成功
2021-11-15 16:43:23,591 - webbase.py - DEBUG - click ['xpath', ".//div[@class ='new-login-tab']/span[2]"] 成功
2021-11-15 16:43:25,592 - webbase.py - DEBUG - 正在定位元素信息：定位方式->xpath, value值->.//p[@class='ps-username fn-login-input-item']/input[1]
2021-11-15 16:43:25,595 - webbase.py - DEBUG - 定位元素('xpath', ".//p[@class='ps-username fn-login-input-item']/input[1]")成功
2021-11-15 16:43:25,625 - webbase.py - DEBUG - send keys 2111713263 成功
2021-11-15 16:43:25,625 - webbase.py - DEBUG - 正在定位元素信息：定位方式->id, value值->j_password
2021-11-15 16:43:25,627 - webbase.py - DEBUG - 定位元素('id', 'j_password')成功
2021-11-15 16:43:25,643 - webbase.py - DEBUG - send keys hrloo.com 成功
2021-11-15 16:43:26,571 - webbase.py - DEBUG - click ['id', 'j_loginbtn'] 成功
2021-11-15 16:43:29,805 - webbase.py - DEBUG - click ['xpath', ".//div[@class='hr-nfr-item  nfr-msg fn-sms-center-click']/div[1]/div[@class='nfr-text']"] 成功
2021-11-15 16:43:30,035 - webbase.py - DEBUG - click ['xpath', ".//div[@class='tit']/a[text()='徐渤BOBO']"] 成功
2021-11-15 16:43:30,036 - webbase.py - DEBUG - 正在定位元素信息：定位方式->xpath, value值->.//div[@class='chat-w-bottom']/textarea[1]
2021-11-15 16:43:30,039 - webbase.py - DEBUG - 定位元素('xpath', ".//div[@class='chat-w-bottom']/textarea[1]")成功
2021-11-15 16:43:30,053 - webbase.py - DEBUG - send keys 重新认识下，你好 成功
2021-11-15 16:43:32,287 - webbase.py - DEBUG - click ['xpath', ".//span[text()='发送']"] 成功
2021-11-15 16:43:34,420 - guibase.py - DEBUG - 查找对象google存在
2021-11-15 16:43:34,420 - guibase.py - DEBUG - 查找对象google存在
2021-11-15 16:43:34,420 - guibase.py - DEBUG - 查找对象google存在
2021-11-15 16:43:35,188 - guibase.py - DEBUG - 移动到图片 google 位置True, 点击:Point(x=1348, y=1060) 成功
2021-11-15 16:43:35,188 - guibase.py - DEBUG - 移动到图片 google 位置True, 点击:Point(x=1348, y=1060) 成功
2021-11-15 16:43:35,188 - guibase.py - DEBUG - 移动到图片 google 位置True, 点击:Point(x=1348, y=1060) 成功
2021-11-15 16:43:37,245 - webbase.py - DEBUG - click ['xpath', ".//div[@class='chat-w-bottom']/textarea[1]"] 成功
2021-11-15 16:43:37,245 - webbase.py - DEBUG - 正在定位元素信息：定位方式->xpath, value值->.//div[@class='chat-w-bottom']/textarea[1]
2021-11-15 16:43:37,252 - webbase.py - DEBUG - 定位元素('xpath', ".//div[@class='chat-w-bottom']/textarea[1]")成功
2021-11-15 16:43:37,274 - webbase.py - DEBUG - send keys 你好啊！ 成功
2021-11-15 16:43:38,274 - guibase.py - DEBUG - 执行快捷键('enter',)
2021-11-15 16:43:38,274 - guibase.py - DEBUG - 执行快捷键('enter',)
2021-11-15 16:43:38,274 - guibase.py - DEBUG - 执行快捷键('enter',)
2021-11-15 16:43:38,400 - guibase.py - DEBUG - 查找对象fox_browser存在
2021-11-15 16:43:38,400 - guibase.py - DEBUG - 查找对象fox_browser存在
2021-11-15 16:43:38,400 - guibase.py - DEBUG - 查找对象fox_browser存在
2021-11-15 16:43:39,174 - guibase.py - DEBUG - 移动到图片 fox_browser 位置True, 点击:Point(x=713, y=1061) 成功
2021-11-15 16:43:39,174 - guibase.py - DEBUG - 移动到图片 fox_browser 位置True, 点击:Point(x=713, y=1061) 成功
2021-11-15 16:43:39,174 - guibase.py - DEBUG - 移动到图片 fox_browser 位置True, 点击:Point(x=713, y=1061) 成功
2021-11-15 16:43:41,411 - webbase.py - DEBUG - click ['xpath', ".//div[@class='chat-w-bottom']/textarea[1]"] 成功
2021-11-15 16:43:41,411 - webbase.py - DEBUG - 正在定位元素信息：定位方式->xpath, value值->.//div[@class='chat-w-bottom']/textarea[1]
2021-11-15 16:43:41,413 - webbase.py - DEBUG - 定位元素('xpath', ".//div[@class='chat-w-bottom']/textarea[1]")成功
2021-11-15 16:43:41,421 - webbase.py - DEBUG - send keys 第一次聊天，紧张了 成功
2021-11-15 16:43:42,422 - guibase.py - DEBUG - 执行快捷键('enter',)
2021-11-15 16:43:42,422 - guibase.py - DEBUG - 执行快捷键('enter',)
2021-11-15 16:43:42,422 - guibase.py - DEBUG - 执行快捷键('enter',)
2021-11-15 16:43:44,550 - guibase.py - DEBUG - 查找对象google存在
2021-11-15 16:43:44,550 - guibase.py - DEBUG - 查找对象google存在
2021-11-15 16:43:44,550 - guibase.py - DEBUG - 查找对象google存在
2021-11-15 16:43:45,323 - guibase.py - DEBUG - 移动到图片 google 位置True, 点击:Point(x=1348, y=1060) 成功
2021-11-15 16:43:45,323 - guibase.py - DEBUG - 移动到图片 google 位置True, 点击:Point(x=1348, y=1060) 成功
2021-11-15 16:43:45,323 - guibase.py - DEBUG - 移动到图片 google 位置True, 点击:Point(x=1348, y=1060) 成功
2021-11-15 16:43:47,354 - webbase.py - DEBUG - click ['xpath', ".//div[@class='chat-w-bottom']/textarea[1]"] 成功
2021-11-15 16:43:47,354 - webbase.py - DEBUG - 正在定位元素信息：定位方式->xpath, value值->.//div[@class='chat-w-bottom']/textarea[1]
2021-11-15 16:43:47,359 - webbase.py - DEBUG - 定位元素('xpath', ".//div[@class='chat-w-bottom']/textarea[1]")成功
2021-11-15 16:43:47,376 - webbase.py - DEBUG - send keys 加油！,放松 成功
2021-11-15 16:43:48,377 - guibase.py - DEBUG - 执行快捷键('enter',)
2021-11-15 16:43:48,377 - guibase.py - DEBUG - 执行快捷键('enter',)
2021-11-15 16:43:48,377 - guibase.py - DEBUG - 执行快捷键('enter',)
2021-11-15 16:43:48,509 - guibase.py - DEBUG - 查找对象fox_browser存在
2021-11-15 16:43:48,509 - guibase.py - DEBUG - 查找对象fox_browser存在
2021-11-15 16:43:48,509 - guibase.py - DEBUG - 查找对象fox_browser存在
2021-11-15 16:43:49,273 - guibase.py - DEBUG - 移动到图片 fox_browser 位置True, 点击:Point(x=713, y=1061) 成功
2021-11-15 16:43:49,273 - guibase.py - DEBUG - 移动到图片 fox_browser 位置True, 点击:Point(x=713, y=1061) 成功
2021-11-15 16:43:49,273 - guibase.py - DEBUG - 移动到图片 fox_browser 位置True, 点击:Point(x=713, y=1061) 成功
2021-11-15 16:43:51,495 - webbase.py - DEBUG - click ['xpath', ".//div[@class='chat-w-bottom']/textarea[1]"] 成功
2021-11-15 16:43:51,495 - webbase.py - DEBUG - 正在定位元素信息：定位方式->xpath, value值->.//div[@class='chat-w-bottom']/textarea[1]
2021-11-15 16:43:51,497 - webbase.py - DEBUG - 定位元素('xpath', ".//div[@class='chat-w-bottom']/textarea[1]")成功
2021-11-15 16:43:51,502 - webbase.py - DEBUG - send keys 嗯嗯 成功
2021-11-15 16:43:52,504 - guibase.py - DEBUG - 执行快捷键('enter',)
2021-11-15 16:43:52,504 - guibase.py - DEBUG - 执行快捷键('enter',)
2021-11-15 16:43:52,504 - guibase.py - DEBUG - 执行快捷键('enter',)
2021-11-15 16:43:54,634 - guibase.py - DEBUG - 查找对象google存在
2021-11-15 16:43:54,634 - guibase.py - DEBUG - 查找对象google存在
2021-11-15 16:43:54,634 - guibase.py - DEBUG - 查找对象google存在
2021-11-15 16:43:55,407 - guibase.py - DEBUG - 移动到图片 google 位置True, 点击:Point(x=1348, y=1060) 成功
2021-11-15 16:43:55,407 - guibase.py - DEBUG - 移动到图片 google 位置True, 点击:Point(x=1348, y=1060) 成功
2021-11-15 16:43:55,407 - guibase.py - DEBUG - 移动到图片 google 位置True, 点击:Point(x=1348, y=1060) 成功
2021-11-15 16:43:57,442 - webbase.py - DEBUG - click ['xpath', ".//div[@class='chat-w-bottom']/textarea[1]"] 成功
2021-11-15 16:43:57,442 - webbase.py - DEBUG - 正在定位元素信息：定位方式->xpath, value值->.//div[@class='chat-w-bottom']/textarea[1]
2021-11-15 16:43:57,447 - webbase.py - DEBUG - 定位元素('xpath', ".//div[@class='chat-w-bottom']/textarea[1]")成功
2021-11-15 16:43:57,461 - webbase.py - DEBUG - send keys 哈哈哈 成功
2021-11-15 16:43:58,462 - guibase.py - DEBUG - 执行快捷键('enter',)
2021-11-15 16:43:58,462 - guibase.py - DEBUG - 执行快捷键('enter',)
2021-11-15 16:43:58,462 - guibase.py - DEBUG - 执行快捷键('enter',)
2021-11-15 16:44:00,594 - guibase.py - DEBUG - 查找对象fox_browser存在
2021-11-15 16:44:00,594 - guibase.py - DEBUG - 查找对象fox_browser存在
2021-11-15 16:44:00,594 - guibase.py - DEBUG - 查找对象fox_browser存在
2021-11-15 16:44:01,356 - guibase.py - DEBUG - 移动到图片 fox_browser 位置True, 点击:Point(x=713, y=1061) 成功
2021-11-15 16:44:01,356 - guibase.py - DEBUG - 移动到图片 fox_browser 位置True, 点击:Point(x=713, y=1061) 成功
2021-11-15 16:44:01,356 - guibase.py - DEBUG - 移动到图片 fox_browser 位置True, 点击:Point(x=713, y=1061) 成功
2021-11-15 16:44:06,114 - guibase.py - DEBUG - 查找对象google存在
2021-11-15 16:44:06,114 - guibase.py - DEBUG - 查找对象google存在
2021-11-15 16:44:06,114 - guibase.py - DEBUG - 查找对象google存在
2021-11-15 16:44:06,873 - guibase.py - DEBUG - 移动到图片 google 位置True, 点击:Point(x=1348, y=1060) 成功
2021-11-15 16:44:06,873 - guibase.py - DEBUG - 移动到图片 google 位置True, 点击:Point(x=1348, y=1060) 成功
2021-11-15 16:44:06,873 - guibase.py - DEBUG - 移动到图片 google 位置True, 点击:Point(x=1348, y=1060) 成功
2021-11-15 16:44:08,968 - webbase.py - DEBUG - click ['xpath', ".//a[@class='global-chat-close fn-global-chat-close']"] 成功
2021-11-15 16:44:10,968 - webbase.py - DEBUG - 正在定位元素信息：定位方式->xpath, value值->.//div[@class='fn-vip-link-islogin']
2021-11-15 16:44:10,978 - webbase.py - DEBUG - 定位元素('xpath', ".//div[@class='fn-vip-link-islogin']")成功
