2021-11-20 18:23:00,811 - api_sanmao.py - INFO - 开始登录
2021-11-20 18:23:00,811 - apibase.py - INFO - POST-接口请求地址：https://passport.hrloo.com/user/login
2021-11-20 18:23:00,811 - apibase.py - DEBUG - POST-接口请求体：{'ajax': '1', 'hold': '1', 'password': 'hrloo.com', 'username': 110300724}
2021-11-20 18:23:01,956 - apibase.py - DEBUG - POST-接口的响应码：200
2021-11-20 18:23:01,956 - apibase.py - DEBUG - POST-接口的返回结果: {"result":0,"msg":null,"data":{"setcookie_url":"https:\/\/passport.sanmao.com\/user\/sync_login?sync_already%5B0%5D=0&sync_auth=ldT37xDVvC8wd","need_code":0}}
2021-11-20 18:23:01,958 - api_hr_upload.py - INFO - 开始上传图片
2021-11-20 18:23:01,959 - apibase.py - INFO - POST-接口请求地址：https://www.hrloo.com/hr/uc/msg/ajax_upload_cp
2021-11-20 18:23:01,973 - apibase.py - DEBUG - POST-接口请求体：<MultipartEncoder: [('file', ('d76c1d9ad54f43929fd96a58058c18d1!400x400.png', <_io.BufferedReader name='D:\\test_webauto\\Hr_webauto\\auto_framework\\data_hrzl\\hr_pic\\d76c1d9ad54f43929fd96a58058c18d1!400x400.png'>, 'image/jpeg'))]>
2021-11-20 18:23:04,125 - apibase.py - DEBUG - POST-接口的响应码：200
2021-11-20 18:23:04,125 - apibase.py - DEBUG - POST-接口的返回结果: {"result":0,"msg":"请求成功！","data":"https:\/\/files.hrloo.com\/www\/uploadfile\/2021\/1120\/eb85de4784199d6169c15cbbf7f331a0.png"}
2021-11-20 18:23:04,161 - api_sanmao.py - INFO - 开始登录
2021-11-20 18:23:04,161 - apibase.py - INFO - POST-接口请求地址：https://passport.hrloo.com/user/login
2021-11-20 18:23:04,161 - apibase.py - DEBUG - POST-接口请求体：{'ajax': '1', 'hold': '1', 'password': 'hrloo.com', 'username': 110300724}
2021-11-20 18:23:04,213 - apibase.py - DEBUG - POST-接口的响应码：200
2021-11-20 18:23:04,214 - apibase.py - DEBUG - POST-接口的返回结果: {"result":0,"msg":null,"data":{"setcookie_url":"https:\/\/passport.sanmao.com\/user\/sync_login?sync_already%5B0%5D=0&sync_auth=5ZT4wOdGXs6pb","need_code":0}}
2021-11-20 18:23:04,216 - api_hr_upload.py - INFO - 开始上传资料
2021-11-20 18:23:04,216 - apibase.py - INFO - POST-接口请求地址：https://zl.sanmao.com/hr/zl/zl/ajax_upload_zl
2021-11-20 18:23:04,216 - apibase.py - DEBUG - POST-接口请求体：<MultipartEncoder: [('imgFile', ('试卷一主观题.xlsx', <_io.BufferedReader name='D:\\test_webauto\\Hr_webauto\\auto_framework\\data_hrzl\\hr_zl\\试卷一主观题.xlsx'>, 'application/vnd.openxmlformats-officedocument.spreadsheetml.sheet'))]>
2021-11-20 18:23:04,351 - apibase.py - DEBUG - POST-接口的响应码：200
2021-11-20 18:23:04,351 - apibase.py - DEBUG - POST-接口的返回结果: {"result":100,"msg":"你还没有登录","data":null}
