2021-11-17 10:03:02,469 - webbase.py - DEBUG - click ['xpath', ".//div[@class ='new-login-tab']/span[2]"] 成功
2021-11-17 10:03:02,469 - webbase.py - DEBUG - 正在定位元素信息：定位方式->xpath, value值->.//p[@class='ps-username fn-login-input-item']/input[1]
2021-11-17 10:03:02,478 - webbase.py - DEBUG - 定位元素('xpath', ".//p[@class='ps-username fn-login-input-item']/input[1]")成功
2021-11-17 10:03:02,965 - webbase.py - DEBUG - send keys 1406607478 成功
2021-11-17 10:03:02,966 - webbase.py - DEBUG - 正在定位元素信息：定位方式->id, value值->j_password
2021-11-17 10:03:02,974 - webbase.py - DEBUG - 定位元素('id', 'j_password')成功
2021-11-17 10:03:03,027 - webbase.py - DEBUG - send keys hrloo.com 成功
2021-11-17 10:03:03,112 - webbase.py - DEBUG - click ['id', 'j_loginbtn'] 成功
2021-11-17 10:03:03,893 - webbase.py - DEBUG - click ['xpath', ".//div[@class='aimg']/a[1]/following-sibling::a[1]"] 成功
2021-11-17 10:03:04,469 - guibase.py - DEBUG - 查找对象show存在
2021-11-17 10:03:04,469 - guibase.py - DEBUG - 查找对象show存在
2021-11-17 10:03:04,469 - guibase.py - DEBUG - 查找对象show存在
2021-11-17 10:03:05,238 - guibase.py - DEBUG - 移动到图片 show 位置True, 点击:Point(x=646, y=266) 成功
2021-11-17 10:03:05,238 - guibase.py - DEBUG - 移动到图片 show 位置True, 点击:Point(x=646, y=266) 成功
2021-11-17 10:03:05,238 - guibase.py - DEBUG - 移动到图片 show 位置True, 点击:Point(x=646, y=266) 成功
2021-11-17 10:03:05,342 - webbase.py - DEBUG - click ['xpath', ".//ul[@class = 'hr-header-tab box']/li[4]"] 成功
2021-11-17 10:03:08,403 - webbase.py - DEBUG - click ['xpath', ".//div[@class='popupwrap dn']/preceding-sibling::p[1]/a[1]"] 成功
2021-11-17 10:03:08,403 - webbase.py - DEBUG - 正在定位元素信息：定位方式->xpath, value值->.//div[@class='tit-input tpl1-input']/input[@id='subject']
2021-11-17 10:03:09,119 - webbase.py - DEBUG - 定位元素('xpath', ".//div[@class='tit-input tpl1-input']/input[@id='subject']")成功
2021-11-17 10:03:09,171 - webbase.py - DEBUG - send keys 你我皆是羔羊却没有草原 成功
2021-11-17 10:03:14,464 - guibase.py - DEBUG - 查找对象write_content存在
2021-11-17 10:03:14,464 - guibase.py - DEBUG - 查找对象write_content存在
2021-11-17 10:03:14,464 - guibase.py - DEBUG - 查找对象write_content存在
2021-11-17 10:03:15,223 - guibase.py - DEBUG - 移动到图片 write_content 位置True, 点击:Point(x=648, y=357) 成功
2021-11-17 10:03:15,223 - guibase.py - DEBUG - 移动到图片 write_content 位置True, 点击:Point(x=648, y=357) 成功
2021-11-17 10:03:15,223 - guibase.py - DEBUG - 移动到图片 write_content 位置True, 点击:Point(x=648, y=357) 成功
2021-11-17 10:03:19,242 - guibase.py - DEBUG - 执行快捷键('ctrl', 'v')
2021-11-17 10:03:19,242 - guibase.py - DEBUG - 执行快捷键('ctrl', 'v')
2021-11-17 10:03:19,242 - guibase.py - DEBUG - 执行快捷键('ctrl', 'v')
2021-11-17 10:03:19,363 - webbase.py - DEBUG - click ['xpath', ".//div[@class='r']/a[text()='发布']"] 成功
2021-11-17 10:03:22,415 - webbase.py - DEBUG - click ['xpath', ".//div[@class='eidt-field clearfix']/span[1]/following-sibling::div/div[1]/span[7]"] 成功
2021-11-17 10:03:25,466 - webbase.py - DEBUG - click ['xpath', ".//div[@class='eidt-field clearfix']/span[1]/following-sibling::div/div[1]/span[5]"] 成功
2021-11-17 10:03:25,509 - webbase.py - DEBUG - click ['xpath', ".//div[@class='eidt-field clearfix']/span[1]/following-sibling::div/div[1]/span[1]"] 成功
2021-11-17 10:03:31,510 - webbase.py - DEBUG - 正在定位元素信息：定位方式->xpath, value值->.//div[@class='clearfix in-tags']/div[1]/ul/li[1]/input[@type='text']
2021-11-17 10:03:31,528 - webbase.py - DEBUG - 定位元素('xpath', ".//div[@class='clearfix in-tags']/div[1]/ul/li[1]/input[@type='text']")成功
2021-11-17 10:03:31,570 - webbase.py - DEBUG - send keys 人力效率1 成功
2021-11-17 10:03:31,619 - webbase.py - DEBUG - click ['xpath', ".//li/span[text()='贴上']"] 成功
2021-11-17 10:03:31,619 - webbase.py - DEBUG - 正在定位元素信息：定位方式->xpath, value值->.//div[@class='clearfix in-tags']/div[1]/ul/li[1]/input[@type='text']
2021-11-17 10:03:31,625 - webbase.py - DEBUG - 定位元素('xpath', ".//div[@class='clearfix in-tags']/div[1]/ul/li[1]/input[@type='text']")成功
2021-11-17 10:03:31,651 - webbase.py - DEBUG - send keys 人力效率2 成功
2021-11-17 10:03:31,690 - webbase.py - DEBUG - click ['xpath', ".//li/span[text()='贴上']"] 成功
2021-11-17 10:03:31,757 - webbase.py - DEBUG - click ['id', 'saveBtn'] 成功
2021-11-17 10:03:34,759 - webbase.py - DEBUG - 正在定位元素信息：定位方式->xpath, value值->.//div[@class='tip']/h1
2021-11-17 10:03:34,780 - webbase.py - DEBUG - 定位元素('xpath', ".//div[@class='tip']/h1")成功
