2021-11-17 16:05:01,569 - sanmao_login.py - INFO - 三茅登录开始
2021-11-17 16:05:02,477 - webbase.py - DEBUG - 浏览器访问请求地址：https://passport.hrloo.com/user/login?referer=https%3A%2F%2Fwww.hrloo.com&wx_check_login=no_check
2021-11-17 16:05:02,536 - webbase.py - DEBUG - click ['xpath', ".//div[@class ='new-login-tab']/span[2]"] 成功
2021-11-17 16:05:02,536 - webbase.py - DEBUG - 正在定位元素信息：定位方式->xpath, value值->.//p[@class='ps-username fn-login-input-item']/input[1]
2021-11-17 16:05:02,545 - webbase.py - DEBUG - 定位元素('xpath', ".//p[@class='ps-username fn-login-input-item']/input[1]")成功
2021-11-17 16:05:03,045 - webbase.py - DEBUG - send keys 1406607478 成功
2021-11-17 16:05:03,045 - webbase.py - DEBUG - 正在定位元素信息：定位方式->id, value值->j_password
2021-11-17 16:05:03,054 - webbase.py - DEBUG - 定位元素('id', 'j_password')成功
2021-11-17 16:05:03,146 - webbase.py - DEBUG - send keys hrloo.com 成功
2021-11-17 16:05:03,213 - webbase.py - DEBUG - click ['id', 'j_loginbtn'] 成功
2021-11-17 16:05:04,081 - webbase.py - DEBUG - click ['xpath', ".//div[@class='nsh-w-left']/a[6]"] 成功
2021-11-17 16:05:07,493 - guibase.py - DEBUG - 鼠标偏移700,400
2021-11-17 16:05:07,493 - guibase.py - DEBUG - 鼠标偏移700,400
2021-11-17 16:05:07,493 - guibase.py - DEBUG - 鼠标偏移700,400
2021-11-17 16:05:19,774 - webbase.py - ERROR - click ['xpath', ".//div[@class='hr-course-item-global-style swiper-slide']/a[text()='中级经济师（工商管理"] 失败
2021-11-17 16:05:28,037 - sanmao_login.py - INFO - 三茅登录开始
2021-11-17 16:05:28,884 - webbase.py - DEBUG - 浏览器访问请求地址：https://passport.hrloo.com/user/login?referer=https%3A%2F%2Fwww.hrloo.com&wx_check_login=no_check
2021-11-17 16:05:28,962 - webbase.py - DEBUG - click ['xpath', ".//div[@class ='new-login-tab']/span[2]"] 成功
2021-11-17 16:05:28,963 - webbase.py - DEBUG - 正在定位元素信息：定位方式->xpath, value值->.//p[@class='ps-username fn-login-input-item']/input[1]
2021-11-17 16:05:28,972 - webbase.py - DEBUG - 定位元素('xpath', ".//p[@class='ps-username fn-login-input-item']/input[1]")成功
2021-11-17 16:05:29,464 - webbase.py - DEBUG - send keys 1406607478 成功
2021-11-17 16:05:29,464 - webbase.py - DEBUG - 正在定位元素信息：定位方式->id, value值->j_password
2021-11-17 16:05:29,473 - webbase.py - DEBUG - 定位元素('id', 'j_password')成功
2021-11-17 16:05:29,572 - webbase.py - DEBUG - send keys hrloo.com 成功
2021-11-17 16:05:29,637 - webbase.py - DEBUG - click ['id', 'j_loginbtn'] 成功
2021-11-17 16:05:30,490 - webbase.py - DEBUG - click ['xpath', ".//div[@class='nsh-w-left']/a[6]"] 成功
2021-11-17 16:05:33,904 - guibase.py - DEBUG - 鼠标偏移700,400
2021-11-17 16:05:33,904 - guibase.py - DEBUG - 鼠标偏移700,400
2021-11-17 16:05:33,904 - guibase.py - DEBUG - 鼠标偏移700,400
2021-11-17 16:05:36,130 - webbase.py - DEBUG - click ['xpath', ".//div[@class='hr-course-item-global-style swiper-slide']/a[@title='N1-薪酬&绩效体系设计与变革-双料全能研修证书班']"] 成功
2021-11-17 16:05:36,784 - webbase.py - DEBUG - 只查询：查询元素('xpath', ".//div[@class='product-btns']/a[text()='立即学习']") 存在
2021-11-17 16:05:38,799 - affard_ordeid.py - DEBUG -  我在这里发现了['xpath', ".//div[@class='product-btns']/a[text()='立即学习']"],我要退出
2021-11-17 16:11:27,529 - sanmao_login.py - INFO - 三茅登录开始
2021-11-17 16:11:28,532 - webbase.py - DEBUG - 浏览器访问请求地址：https://passport.hrloo.com/user/login?referer=https%3A%2F%2Fwww.hrloo.com&wx_check_login=no_check
2021-11-17 16:11:28,586 - webbase.py - DEBUG - click ['xpath', ".//div[@class ='new-login-tab']/span[2]"] 成功
2021-11-17 16:11:28,586 - webbase.py - DEBUG - 正在定位元素信息：定位方式->xpath, value值->.//p[@class='ps-username fn-login-input-item']/input[1]
2021-11-17 16:11:28,595 - webbase.py - DEBUG - 定位元素('xpath', ".//p[@class='ps-username fn-login-input-item']/input[1]")成功
2021-11-17 16:11:29,084 - webbase.py - DEBUG - send keys 1406607478 成功
2021-11-17 16:11:29,084 - webbase.py - DEBUG - 正在定位元素信息：定位方式->id, value值->j_password
2021-11-17 16:11:29,092 - webbase.py - DEBUG - 定位元素('id', 'j_password')成功
2021-11-17 16:11:29,182 - webbase.py - DEBUG - send keys hrloo.com 成功
2021-11-17 16:11:29,245 - webbase.py - DEBUG - click ['id', 'j_loginbtn'] 成功
2021-11-17 16:11:30,350 - webbase.py - DEBUG - click ['xpath', ".//div[@class='nsh-w-left']/a[6]"] 成功
2021-11-17 16:11:33,762 - guibase.py - DEBUG - 鼠标偏移700,400
2021-11-17 16:11:33,762 - guibase.py - DEBUG - 鼠标偏移700,400
2021-11-17 16:11:33,762 - guibase.py - DEBUG - 鼠标偏移700,400
2021-11-17 16:11:46,014 - webbase.py - ERROR - click ['xpath', ".//div[@class='hr-course-item-global-style swiper-slide']/a[text()='中级经济师（工商管理"] 失败
2021-11-17 16:14:17,524 - sanmao_login.py - INFO - 三茅登录开始
2021-11-17 16:14:18,504 - webbase.py - DEBUG - 浏览器访问请求地址：https://passport.hrloo.com/user/login?referer=https%3A%2F%2Fwww.hrloo.com&wx_check_login=no_check
2021-11-17 16:14:18,557 - webbase.py - DEBUG - click ['xpath', ".//div[@class ='new-login-tab']/span[2]"] 成功
2021-11-17 16:14:18,557 - webbase.py - DEBUG - 正在定位元素信息：定位方式->xpath, value值->.//p[@class='ps-username fn-login-input-item']/input[1]
2021-11-17 16:14:18,566 - webbase.py - DEBUG - 定位元素('xpath', ".//p[@class='ps-username fn-login-input-item']/input[1]")成功
2021-11-17 16:14:19,055 - webbase.py - DEBUG - send keys 1406607478 成功
2021-11-17 16:14:19,055 - webbase.py - DEBUG - 正在定位元素信息：定位方式->id, value值->j_password
2021-11-17 16:14:19,063 - webbase.py - DEBUG - 定位元素('id', 'j_password')成功
2021-11-17 16:14:19,153 - webbase.py - DEBUG - send keys hrloo.com 成功
2021-11-17 16:14:19,209 - webbase.py - DEBUG - click ['id', 'j_loginbtn'] 成功
2021-11-17 16:14:20,080 - webbase.py - DEBUG - click ['xpath', ".//div[@class='nsh-w-left']/a[6]"] 成功
2021-11-17 16:14:23,489 - guibase.py - DEBUG - 鼠标偏移700,400
2021-11-17 16:14:23,489 - guibase.py - DEBUG - 鼠标偏移700,400
2021-11-17 16:14:23,489 - guibase.py - DEBUG - 鼠标偏移700,400
2021-11-17 16:14:35,775 - webbase.py - ERROR - click ['xpath', ".//div[@class='hr-course-item-global-style swiper-slide']/a[text()='中级经济师（工商管理"] 失败
2021-11-17 16:15:00,106 - sanmao_login.py - INFO - 三茅登录开始
2021-11-17 16:15:00,858 - webbase.py - DEBUG - 浏览器访问请求地址：https://passport.hrloo.com/user/login?referer=https%3A%2F%2Fwww.hrloo.com&wx_check_login=no_check
2021-11-17 16:15:00,943 - webbase.py - DEBUG - click ['xpath', ".//div[@class ='new-login-tab']/span[2]"] 成功
2021-11-17 16:15:00,943 - webbase.py - DEBUG - 正在定位元素信息：定位方式->xpath, value值->.//p[@class='ps-username fn-login-input-item']/input[1]
2021-11-17 16:15:00,951 - webbase.py - DEBUG - 定位元素('xpath', ".//p[@class='ps-username fn-login-input-item']/input[1]")成功
2021-11-17 16:15:01,437 - webbase.py - DEBUG - send keys 1406607478 成功
2021-11-17 16:15:01,438 - webbase.py - DEBUG - 正在定位元素信息：定位方式->id, value值->j_password
2021-11-17 16:15:01,446 - webbase.py - DEBUG - 定位元素('id', 'j_password')成功
2021-11-17 16:15:01,539 - webbase.py - DEBUG - send keys hrloo.com 成功
2021-11-17 16:15:01,603 - webbase.py - DEBUG - click ['id', 'j_loginbtn'] 成功
2021-11-17 16:15:02,203 - webbase.py - DEBUG - click ['xpath', ".//div[@class='nsh-w-left']/a[6]"] 成功
2021-11-17 16:15:05,616 - guibase.py - DEBUG - 鼠标偏移700,400
2021-11-17 16:15:05,616 - guibase.py - DEBUG - 鼠标偏移700,400
2021-11-17 16:15:05,616 - guibase.py - DEBUG - 鼠标偏移700,400
2021-11-17 16:15:17,901 - webbase.py - ERROR - click ['xpath', ".//div[@class='hr-course-item-global-style swiper-slide']/a[text()='中级经济师（工商管理"] 失败
2021-11-17 16:16:28,266 - sanmao_login.py - INFO - 三茅登录开始
2021-11-17 16:16:29,295 - webbase.py - DEBUG - 浏览器访问请求地址：https://passport.hrloo.com/user/login?referer=https%3A%2F%2Fwww.hrloo.com&wx_check_login=no_check
2021-11-17 16:16:29,383 - webbase.py - DEBUG - click ['xpath', ".//div[@class ='new-login-tab']/span[2]"] 成功
2021-11-17 16:16:29,383 - webbase.py - DEBUG - 正在定位元素信息：定位方式->xpath, value值->.//p[@class='ps-username fn-login-input-item']/input[1]
2021-11-17 16:16:29,391 - webbase.py - DEBUG - 定位元素('xpath', ".//p[@class='ps-username fn-login-input-item']/input[1]")成功
2021-11-17 16:16:29,878 - webbase.py - DEBUG - send keys 1406607478 成功
2021-11-17 16:16:29,878 - webbase.py - DEBUG - 正在定位元素信息：定位方式->id, value值->j_password
2021-11-17 16:16:29,886 - webbase.py - DEBUG - 定位元素('id', 'j_password')成功
2021-11-17 16:16:29,976 - webbase.py - DEBUG - send keys hrloo.com 成功
2021-11-17 16:16:30,039 - webbase.py - DEBUG - click ['id', 'j_loginbtn'] 成功
2021-11-17 16:16:30,923 - webbase.py - DEBUG - click ['xpath', ".//div[@class='nsh-w-left']/a[6]"] 成功
2021-11-17 16:16:34,335 - guibase.py - DEBUG - 鼠标偏移600,300
2021-11-17 16:16:34,335 - guibase.py - DEBUG - 鼠标偏移600,300
2021-11-17 16:16:34,335 - guibase.py - DEBUG - 鼠标偏移600,300
2021-11-17 16:16:36,554 - webbase.py - DEBUG - click ['xpath', ".//div[@class='hr-course-item-global-style swiper-slide']/a[@title='N1-薪酬&绩效体系设计与变革-双料全能研修证书班']"] 成功
2021-11-17 16:16:37,558 - webbase.py - DEBUG - 只查询：查询元素('xpath', ".//div[@class='product-btns']/a[text()='立即学习']") 存在
2021-11-17 16:16:39,607 - affard_ordeid.py - DEBUG -  我在这里发现了['xpath', ".//div[@class='product-btns']/a[text()='立即学习']"],我要退出
2021-11-17 16:18:36,128 - sanmao_login.py - INFO - 三茅登录开始
2021-11-17 16:18:36,951 - webbase.py - DEBUG - 浏览器访问请求地址：https://passport.hrloo.com/user/login?referer=https%3A%2F%2Fwww.hrloo.com&wx_check_login=no_check
2021-11-17 16:18:37,006 - webbase.py - DEBUG - click ['xpath', ".//div[@class ='new-login-tab']/span[2]"] 成功
2021-11-17 16:18:37,006 - webbase.py - DEBUG - 正在定位元素信息：定位方式->xpath, value值->.//p[@class='ps-username fn-login-input-item']/input[1]
2021-11-17 16:18:37,015 - webbase.py - DEBUG - 定位元素('xpath', ".//p[@class='ps-username fn-login-input-item']/input[1]")成功
2021-11-17 16:18:37,519 - webbase.py - DEBUG - send keys 1406607478 成功
2021-11-17 16:18:37,519 - webbase.py - DEBUG - 正在定位元素信息：定位方式->id, value值->j_password
2021-11-17 16:18:37,528 - webbase.py - DEBUG - 定位元素('id', 'j_password')成功
2021-11-17 16:18:37,625 - webbase.py - DEBUG - send keys hrloo.com 成功
2021-11-17 16:18:37,691 - webbase.py - DEBUG - click ['id', 'j_loginbtn'] 成功
2021-11-17 16:18:38,412 - webbase.py - DEBUG - click ['xpath', ".//div[@class='nsh-w-left']/a[6]"] 成功
2021-11-17 16:18:41,825 - guibase.py - DEBUG - 鼠标偏移600,300
2021-11-17 16:18:41,825 - guibase.py - DEBUG - 鼠标偏移600,300
2021-11-17 16:18:41,825 - guibase.py - DEBUG - 鼠标偏移600,300
2021-11-17 16:18:44,051 - webbase.py - DEBUG - click ['xpath', ".//div[@class='hr-course-item-global-style swiper-slide']/a[@title='薪酬体系设计与薪酬变革全能研修班']"] 成功
2021-11-17 16:18:44,615 - webbase.py - DEBUG - 只查询：查询元素('xpath', ".//div[@class='product-btns']/a[text()='立即学习']") 存在
2021-11-17 16:18:46,630 - affard_ordeid.py - DEBUG -  我在这里发现了['xpath', ".//div[@class='product-btns']/a[text()='立即学习']"],我要退出
2021-11-17 16:18:47,050 - webbase.py - DEBUG - click ['xpath', ".//div[@class='aimg']/a[1]/following-sibling::a[1]"] 成功
2021-11-17 16:18:47,796 - guibase.py - DEBUG - 查找对象show存在
2021-11-17 16:18:47,796 - guibase.py - DEBUG - 查找对象show存在
2021-11-17 16:18:47,796 - guibase.py - DEBUG - 查找对象show存在
2021-11-17 16:18:48,563 - guibase.py - DEBUG - 移动到图片 show 位置True, 点击:Point(x=646, y=310) 成功
2021-11-17 16:18:48,563 - guibase.py - DEBUG - 移动到图片 show 位置True, 点击:Point(x=646, y=310) 成功
2021-11-17 16:18:48,563 - guibase.py - DEBUG - 移动到图片 show 位置True, 点击:Point(x=646, y=310) 成功
2021-11-17 16:18:48,660 - webbase.py - DEBUG - click ['xpath', ".//ul[@class = 'hr-header-tab box']/li[4]"] 成功
2021-11-17 16:18:51,727 - webbase.py - DEBUG - click ['xpath', ".//div[@class='popupwrap dn']/preceding-sibling::p[1]/a[1]"] 成功
2021-11-17 16:18:51,728 - webbase.py - DEBUG - 正在定位元素信息：定位方式->xpath, value值->.//div[@class='tit-input tpl1-input']/input[@id='subject']
2021-11-17 16:18:52,486 - webbase.py - DEBUG - 定位元素('xpath', ".//div[@class='tit-input tpl1-input']/input[@id='subject']")成功
2021-11-17 16:18:52,540 - webbase.py - DEBUG - send keys 你我皆是羔羊却没有草原 成功
2021-11-17 16:18:57,859 - guibase.py - DEBUG - 查找对象write_content存在
2021-11-17 16:18:57,859 - guibase.py - DEBUG - 查找对象write_content存在
2021-11-17 16:18:57,859 - guibase.py - DEBUG - 查找对象write_content存在
2021-11-17 16:18:58,628 - guibase.py - DEBUG - 移动到图片 write_content 位置True, 点击:Point(x=656, y=357) 成功
2021-11-17 16:18:58,628 - guibase.py - DEBUG - 移动到图片 write_content 位置True, 点击:Point(x=656, y=357) 成功
2021-11-17 16:18:58,628 - guibase.py - DEBUG - 移动到图片 write_content 位置True, 点击:Point(x=656, y=357) 成功
2021-11-17 16:19:02,658 - guibase.py - DEBUG - 执行快捷键('ctrl', 'v')
2021-11-17 16:19:02,658 - guibase.py - DEBUG - 执行快捷键('ctrl', 'v')
2021-11-17 16:19:02,658 - guibase.py - DEBUG - 执行快捷键('ctrl', 'v')
2021-11-17 16:19:02,785 - webbase.py - DEBUG - click ['xpath', ".//div[@class='r']/a[text()='发布']"] 成功
2021-11-17 16:19:05,845 - webbase.py - DEBUG - click ['xpath', ".//div[@class='eidt-field clearfix']/span[1]/following-sibling::div/div[1]/span[1]"] 成功
2021-11-17 16:19:08,905 - webbase.py - DEBUG - click ['xpath', ".//div[@class='eidt-field clearfix']/span[1]/following-sibling::div/div[1]/span[5]"] 成功
2021-11-17 16:19:11,936 - webbase.py - DEBUG - click ['xpath', ".//div[@class='eidt-field clearfix']/span[1]/following-sibling::div/div[1]/span[5]"] 成功
2021-11-17 16:19:14,937 - webbase.py - DEBUG - 正在定位元素信息：定位方式->xpath, value值->.//div[@class='clearfix in-tags']/div[1]/ul/li[1]/input[@type='text']
2021-11-17 16:19:14,954 - webbase.py - DEBUG - 定位元素('xpath', ".//div[@class='clearfix in-tags']/div[1]/ul/li[1]/input[@type='text']")成功
2021-11-17 16:19:15,004 - webbase.py - DEBUG - send keys 人力效率1 成功
2021-11-17 16:19:15,057 - webbase.py - DEBUG - click ['xpath', ".//li/span[text()='贴上']"] 成功
2021-11-17 16:19:15,057 - webbase.py - DEBUG - 正在定位元素信息：定位方式->xpath, value值->.//div[@class='clearfix in-tags']/div[1]/ul/li[1]/input[@type='text']
2021-11-17 16:19:15,068 - webbase.py - DEBUG - 定位元素('xpath', ".//div[@class='clearfix in-tags']/div[1]/ul/li[1]/input[@type='text']")成功
2021-11-17 16:19:15,101 - webbase.py - DEBUG - send keys 人力效率2 成功
2021-11-17 16:19:15,135 - webbase.py - DEBUG - click ['xpath', ".//li/span[text()='贴上']"] 成功
2021-11-17 16:19:15,205 - webbase.py - DEBUG - click ['id', 'saveBtn'] 成功
2021-11-17 16:19:18,206 - webbase.py - DEBUG - 正在定位元素信息：定位方式->xpath, value值->.//div[@class='tip']/h1
2021-11-17 16:20:26,405 - sanmao_login.py - INFO - 三茅登录开始
2021-11-17 16:20:27,076 - webbase.py - DEBUG - 浏览器访问请求地址：https://passport.hrloo.com/user/login?referer=https%3A%2F%2Fwww.hrloo.com&wx_check_login=no_check
2021-11-17 16:20:27,135 - webbase.py - DEBUG - click ['xpath', ".//div[@class ='new-login-tab']/span[2]"] 成功
2021-11-17 16:20:27,135 - webbase.py - DEBUG - 正在定位元素信息：定位方式->xpath, value值->.//p[@class='ps-username fn-login-input-item']/input[1]
2021-11-17 16:20:27,145 - webbase.py - DEBUG - 定位元素('xpath', ".//p[@class='ps-username fn-login-input-item']/input[1]")成功
2021-11-17 16:20:27,636 - webbase.py - DEBUG - send keys 1406607478 成功
2021-11-17 16:20:27,637 - webbase.py - DEBUG - 正在定位元素信息：定位方式->id, value值->j_password
2021-11-17 16:20:27,646 - webbase.py - DEBUG - 定位元素('id', 'j_password')成功
2021-11-17 16:20:27,740 - webbase.py - DEBUG - send keys hrloo.com 成功
2021-11-17 16:20:27,807 - webbase.py - DEBUG - click ['id', 'j_loginbtn'] 成功
2021-11-17 16:20:30,807 - webbase.py - DEBUG - 正在定位元素信息：定位方式->xpath, value值->.//div[text()='学习中心']
2021-11-17 16:20:30,819 - webbase.py - DEBUG - 定位元素('xpath', ".//div[text()='学习中心']")成功
2021-11-17 16:20:31,131 - sanmao_login.py - INFO - 三茅登录开始
2021-11-17 16:20:31,421 - webbase.py - DEBUG - 浏览器访问请求地址：https://passport.hrloo.com/user/login?referer=https%3A%2F%2Fwww.hrloo.com&wx_check_login=no_check
2021-11-17 16:20:31,461 - webbase.py - DEBUG - click ['xpath', ".//div[@class ='new-login-tab']/span[2]"] 成功
2021-11-17 16:20:31,461 - webbase.py - DEBUG - 正在定位元素信息：定位方式->xpath, value值->.//p[@class='ps-username fn-login-input-item']/input[1]
2021-11-17 16:20:31,466 - webbase.py - DEBUG - 定位元素('xpath', ".//p[@class='ps-username fn-login-input-item']/input[1]")成功
2021-11-17 16:20:32,069 - webbase.py - DEBUG - send keys 1406607478 成功
2021-11-17 16:20:32,069 - webbase.py - DEBUG - 正在定位元素信息：定位方式->id, value值->j_password
2021-11-17 16:20:32,074 - webbase.py - DEBUG - 定位元素('id', 'j_password')成功
2021-11-17 16:20:32,122 - webbase.py - DEBUG - send keys hrloo.com 成功
2021-11-17 16:20:32,176 - webbase.py - DEBUG - click ['id', 'j_loginbtn'] 成功
2021-11-17 16:20:32,819 - webbase.py - DEBUG - click ['xpath', ".//div[@class='nsh-w-left']/a[6]"] 成功
2021-11-17 16:20:36,230 - guibase.py - DEBUG - 鼠标偏移600,300
2021-11-17 16:20:36,230 - guibase.py - DEBUG - 鼠标偏移600,300
2021-11-17 16:20:36,230 - guibase.py - DEBUG - 鼠标偏移600,300
2021-11-17 16:20:48,520 - webbase.py - ERROR - click ['xpath', ".//div[@class='hr-course-item-global-style swiper-slide']/a[text()='中级经济师（工商管理"] 失败
2021-11-17 16:20:59,748 - webbase.py - ERROR - click ['xpath', ".//div[@class='aimg']/a[1]/following-sibling::a[1]"] 失败
2021-11-17 16:21:47,424 - sanmao_login.py - INFO - 三茅登录开始
2021-11-17 16:21:48,150 - webbase.py - DEBUG - 浏览器访问请求地址：https://passport.hrloo.com/user/login?referer=https%3A%2F%2Fwww.hrloo.com&wx_check_login=no_check
2021-11-17 16:21:48,257 - webbase.py - DEBUG - click ['xpath', ".//div[@class ='new-login-tab']/span[2]"] 成功
2021-11-17 16:21:48,257 - webbase.py - DEBUG - 正在定位元素信息：定位方式->xpath, value值->.//p[@class='ps-username fn-login-input-item']/input[1]
2021-11-17 16:21:48,265 - webbase.py - DEBUG - 定位元素('xpath', ".//p[@class='ps-username fn-login-input-item']/input[1]")成功
2021-11-17 16:21:48,858 - webbase.py - DEBUG - send keys 1406607478 成功
2021-11-17 16:21:48,858 - webbase.py - DEBUG - 正在定位元素信息：定位方式->id, value值->j_password
2021-11-17 16:21:48,867 - webbase.py - DEBUG - 定位元素('id', 'j_password')成功
2021-11-17 16:21:48,957 - webbase.py - DEBUG - send keys hrloo.com 成功
2021-11-17 16:21:49,017 - webbase.py - DEBUG - click ['id', 'j_loginbtn'] 成功
2021-11-17 16:21:52,019 - webbase.py - DEBUG - 正在定位元素信息：定位方式->xpath, value值->.//div[text()='学习中心']
2021-11-17 16:21:52,032 - webbase.py - DEBUG - 定位元素('xpath', ".//div[text()='学习中心']")成功
2021-11-17 16:23:00,018 - sanmao_login.py - INFO - 三茅登录开始
2021-11-17 16:23:00,829 - webbase.py - DEBUG - 浏览器访问请求地址：https://passport.hrloo.com/user/login?referer=https%3A%2F%2Fwww.hrloo.com&wx_check_login=no_check
2021-11-17 16:23:00,882 - webbase.py - DEBUG - click ['xpath', ".//div[@class ='new-login-tab']/span[2]"] 成功
2021-11-17 16:23:00,882 - webbase.py - DEBUG - 正在定位元素信息：定位方式->xpath, value值->.//p[@class='ps-username fn-login-input-item']/input[1]
2021-11-17 16:23:00,890 - webbase.py - DEBUG - 定位元素('xpath', ".//p[@class='ps-username fn-login-input-item']/input[1]")成功
2021-11-17 16:23:01,386 - webbase.py - DEBUG - send keys 1406607478 成功
2021-11-17 16:23:01,386 - webbase.py - DEBUG - 正在定位元素信息：定位方式->id, value值->j_password
2021-11-17 16:23:01,395 - webbase.py - DEBUG - 定位元素('id', 'j_password')成功
2021-11-17 16:23:01,449 - webbase.py - DEBUG - send keys hrloo.com 成功
2021-11-17 16:23:01,552 - webbase.py - DEBUG - click ['id', 'j_loginbtn'] 成功
2021-11-17 16:23:04,553 - webbase.py - DEBUG - 正在定位元素信息：定位方式->xpath, value值->.//div[text()='创作中心']
2021-11-17 16:23:04,565 - webbase.py - DEBUG - 定位元素('xpath', ".//div[text()='创作中心']")成功
2021-11-17 16:23:41,385 - sanmao_login.py - INFO - 三茅登录开始
2021-11-17 16:23:42,218 - webbase.py - DEBUG - 浏览器访问请求地址：https://passport.hrloo.com/user/login?referer=https%3A%2F%2Fwww.hrloo.com&wx_check_login=no_check
2021-11-17 16:23:42,275 - webbase.py - DEBUG - click ['xpath', ".//div[@class ='new-login-tab']/span[2]"] 成功
2021-11-17 16:23:42,275 - webbase.py - DEBUG - 正在定位元素信息：定位方式->xpath, value值->.//p[@class='ps-username fn-login-input-item']/input[1]
2021-11-17 16:23:42,285 - webbase.py - DEBUG - 定位元素('xpath', ".//p[@class='ps-username fn-login-input-item']/input[1]")成功
2021-11-17 16:23:42,774 - webbase.py - DEBUG - send keys 1406607478 成功
2021-11-17 16:23:42,774 - webbase.py - DEBUG - 正在定位元素信息：定位方式->id, value值->j_password
2021-11-17 16:23:42,783 - webbase.py - DEBUG - 定位元素('id', 'j_password')成功
2021-11-17 16:23:42,877 - webbase.py - DEBUG - send keys hrloo.com 成功
2021-11-17 16:23:42,941 - webbase.py - DEBUG - click ['id', 'j_loginbtn'] 成功
2021-11-17 16:23:45,943 - webbase.py - DEBUG - 正在定位元素信息：定位方式->xpath, value值->.//div[text()='创作中心']
2021-11-17 16:23:45,968 - webbase.py - DEBUG - 定位元素('xpath', ".//div[text()='创作中心']")成功
2021-11-17 16:36:36,387 - sanmao_login.py - INFO - 三茅登录开始
2021-11-17 16:36:37,372 - webbase.py - DEBUG - 浏览器访问请求地址：https://passport.hrloo.com/user/login?referer=https%3A%2F%2Fwww.hrloo.com&wx_check_login=no_check
2021-11-17 16:36:37,489 - webbase.py - DEBUG - click ['xpath', ".//div[@class ='new-login-tab']/span[2]"] 成功
2021-11-17 16:36:37,490 - webbase.py - DEBUG - 正在定位元素信息：定位方式->xpath, value值->.//p[@class='ps-username fn-login-input-item']/input[1]
2021-11-17 16:36:37,499 - webbase.py - DEBUG - 定位元素('xpath', ".//p[@class='ps-username fn-login-input-item']/input[1]")成功
2021-11-17 16:36:38,001 - webbase.py - DEBUG - send keys 1406607478 成功
2021-11-17 16:36:38,001 - webbase.py - DEBUG - 正在定位元素信息：定位方式->id, value值->j_password
2021-11-17 16:36:38,010 - webbase.py - DEBUG - 定位元素('id', 'j_password')成功
2021-11-17 16:36:38,067 - webbase.py - DEBUG - send keys hrloo.com 成功
2021-11-17 16:36:38,850 - webbase.py - DEBUG - click ['id', 'j_loginbtn'] 成功
2021-11-17 16:36:41,851 - webbase.py - DEBUG - 正在定位元素信息：定位方式->xpath, value值->.//div[text()='创作中心']
2021-11-17 16:36:41,863 - webbase.py - DEBUG - 定位元素('xpath', ".//div[text()='创作中心']")成功
2021-11-17 16:36:41,897 - sanmao_login.py - INFO - 三茅登录开始
2021-11-17 16:36:42,390 - webbase.py - DEBUG - 浏览器访问请求地址：https://passport.hrloo.com/user/login?referer=https%3A%2F%2Fwww.hrloo.com&wx_check_login=no_check
2021-11-17 16:36:42,432 - webbase.py - DEBUG - click ['xpath', ".//div[@class ='new-login-tab']/span[2]"] 成功
2021-11-17 16:36:42,432 - webbase.py - DEBUG - 正在定位元素信息：定位方式->xpath, value值->.//p[@class='ps-username fn-login-input-item']/input[1]
2021-11-17 16:36:42,437 - webbase.py - DEBUG - 定位元素('xpath', ".//p[@class='ps-username fn-login-input-item']/input[1]")成功
2021-11-17 16:36:43,022 - webbase.py - DEBUG - send keys 1406607478 成功
2021-11-17 16:36:43,022 - webbase.py - DEBUG - 正在定位元素信息：定位方式->id, value值->j_password
2021-11-17 16:36:43,027 - webbase.py - DEBUG - 定位元素('id', 'j_password')成功
2021-11-17 16:36:43,079 - webbase.py - DEBUG - send keys hrloo.com 成功
2021-11-17 16:36:43,567 - webbase.py - DEBUG - click ['id', 'j_loginbtn'] 成功
2021-11-17 16:36:43,688 - webbase.py - DEBUG - click ['xpath', ".//div[@class='nsh-w-left']/a[6]"] 成功
2021-11-17 16:36:47,106 - guibase.py - DEBUG - 鼠标偏移600,300
2021-11-17 16:36:47,106 - guibase.py - DEBUG - 鼠标偏移600,300
2021-11-17 16:36:47,106 - guibase.py - DEBUG - 鼠标偏移600,300
2021-11-17 16:36:49,317 - webbase.py - DEBUG - click ['xpath', ".//div[@class='hr-course-item-global-style swiper-slide']/a[@title='薪酬体系设计与薪酬变革全能研修班']"] 成功
2021-11-17 16:36:50,238 - webbase.py - DEBUG - 只查询：查询元素('xpath', ".//div[@class='product-btns']/a[text()='立即学习']") 存在
2021-11-17 16:36:52,255 - affard_ordeid.py - DEBUG -  我在这里发现了['xpath', ".//div[@class='product-btns']/a[text()='立即学习']"],我要退出
2021-11-17 16:36:52,724 - webbase.py - DEBUG - click ['xpath', ".//div[@class='aimg']/a[1]/following-sibling::a[1]"] 成功
2021-11-17 16:36:53,372 - guibase.py - DEBUG - 查找对象show存在
2021-11-17 16:36:53,372 - guibase.py - DEBUG - 查找对象show存在
2021-11-17 16:36:53,372 - guibase.py - DEBUG - 查找对象show存在
2021-11-17 16:36:54,132 - guibase.py - DEBUG - 移动到图片 show 位置True, 点击:Point(x=646, y=266) 成功
2021-11-17 16:36:54,132 - guibase.py - DEBUG - 移动到图片 show 位置True, 点击:Point(x=646, y=266) 成功
2021-11-17 16:36:54,132 - guibase.py - DEBUG - 移动到图片 show 位置True, 点击:Point(x=646, y=266) 成功
2021-11-17 16:36:54,236 - webbase.py - DEBUG - click ['xpath', ".//ul[@class = 'hr-header-tab box']/li[4]"] 成功
2021-11-17 16:36:57,309 - webbase.py - DEBUG - click ['xpath', ".//div[@class='popupwrap dn']/preceding-sibling::p[1]/a[1]"] 成功
2021-11-17 16:36:57,309 - webbase.py - DEBUG - 正在定位元素信息：定位方式->xpath, value值->.//div[@class='tit-input tpl1-input']/input[@id='subject']
2021-11-17 16:36:58,143 - webbase.py - DEBUG - 定位元素('xpath', ".//div[@class='tit-input tpl1-input']/input[@id='subject']")成功
2021-11-17 16:36:58,208 - webbase.py - DEBUG - send keys 你我皆是羔羊却没有草原 成功
2021-11-17 16:37:03,533 - guibase.py - DEBUG - 查找对象write_content存在
2021-11-17 16:37:03,533 - guibase.py - DEBUG - 查找对象write_content存在
2021-11-17 16:37:03,533 - guibase.py - DEBUG - 查找对象write_content存在
2021-11-17 16:37:04,297 - guibase.py - DEBUG - 移动到图片 write_content 位置True, 点击:Point(x=656, y=357) 成功
2021-11-17 16:37:04,297 - guibase.py - DEBUG - 移动到图片 write_content 位置True, 点击:Point(x=656, y=357) 成功
2021-11-17 16:37:04,297 - guibase.py - DEBUG - 移动到图片 write_content 位置True, 点击:Point(x=656, y=357) 成功
2021-11-17 16:37:08,323 - guibase.py - DEBUG - 执行快捷键('ctrl', 'v')
2021-11-17 16:37:08,323 - guibase.py - DEBUG - 执行快捷键('ctrl', 'v')
2021-11-17 16:37:08,323 - guibase.py - DEBUG - 执行快捷键('ctrl', 'v')
2021-11-17 16:37:08,455 - webbase.py - DEBUG - click ['xpath', ".//div[@class='r']/a[text()='发布']"] 成功
2021-11-17 16:37:11,509 - webbase.py - DEBUG - click ['xpath', ".//div[@class='eidt-field clearfix']/span[1]/following-sibling::div/div[1]/span[5]"] 成功
2021-11-17 16:37:14,558 - webbase.py - DEBUG - click ['xpath', ".//div[@class='eidt-field clearfix']/span[1]/following-sibling::div/div[1]/span[1]"] 成功
2021-11-17 16:37:17,599 - webbase.py - DEBUG - click ['xpath', ".//div[@class='eidt-field clearfix']/span[1]/following-sibling::div/div[1]/span[5]"] 成功
2021-11-17 16:37:20,600 - webbase.py - DEBUG - 正在定位元素信息：定位方式->xpath, value值->.//div[@class='clearfix in-tags']/div[1]/ul/li[1]/input[@type='text']
2021-11-17 16:37:20,634 - webbase.py - DEBUG - 定位元素('xpath', ".//div[@class='clearfix in-tags']/div[1]/ul/li[1]/input[@type='text']")成功
2021-11-17 16:37:20,686 - webbase.py - DEBUG - send keys 人力效率1 成功
2021-11-17 16:37:20,737 - webbase.py - DEBUG - click ['xpath', ".//li/span[text()='贴上']"] 成功
2021-11-17 16:37:20,738 - webbase.py - DEBUG - 正在定位元素信息：定位方式->xpath, value值->.//div[@class='clearfix in-tags']/div[1]/ul/li[1]/input[@type='text']
2021-11-17 16:37:20,743 - webbase.py - DEBUG - 定位元素('xpath', ".//div[@class='clearfix in-tags']/div[1]/ul/li[1]/input[@type='text']")成功
2021-11-17 16:37:20,790 - webbase.py - DEBUG - send keys 人力效率2 成功
2021-11-17 16:37:20,823 - webbase.py - DEBUG - click ['xpath', ".//li/span[text()='贴上']"] 成功
2021-11-17 16:37:20,899 - webbase.py - DEBUG - click ['id', 'saveBtn'] 成功
2021-11-17 16:37:23,900 - webbase.py - DEBUG - 正在定位元素信息：定位方式->xpath, value值->.//div[@class='tip']/h1
2021-11-17 16:39:13,579 - sanmao_login.py - INFO - 三茅登录开始
2021-11-17 16:39:14,486 - webbase.py - DEBUG - 浏览器访问请求地址：https://passport.hrloo.com/user/login?referer=https%3A%2F%2Fwww.hrloo.com&wx_check_login=no_check
2021-11-17 16:39:14,555 - webbase.py - DEBUG - click ['xpath', ".//div[@class ='new-login-tab']/span[2]"] 成功
2021-11-17 16:39:14,556 - webbase.py - DEBUG - 正在定位元素信息：定位方式->xpath, value值->.//p[@class='ps-username fn-login-input-item']/input[1]
2021-11-17 16:39:14,566 - webbase.py - DEBUG - 定位元素('xpath', ".//p[@class='ps-username fn-login-input-item']/input[1]")成功
2021-11-17 16:39:15,061 - webbase.py - DEBUG - send keys 1406607478 成功
2021-11-17 16:39:15,061 - webbase.py - DEBUG - 正在定位元素信息：定位方式->id, value值->j_password
2021-11-17 16:39:15,070 - webbase.py - DEBUG - 定位元素('id', 'j_password')成功
2021-11-17 16:39:15,166 - webbase.py - DEBUG - send keys hrloo.com 成功
2021-11-17 16:39:15,890 - webbase.py - DEBUG - click ['id', 'j_loginbtn'] 成功
2021-11-17 16:39:18,891 - webbase.py - DEBUG - 正在定位元素信息：定位方式->xpath, value值->.//div[text()='创作中心']
2021-11-17 16:39:18,901 - webbase.py - DEBUG - 定位元素('xpath', ".//div[text()='创作中心']")成功
2021-11-17 16:39:18,935 - sanmao_login.py - INFO - 三茅登录开始
2021-11-17 16:39:19,209 - webbase.py - DEBUG - 浏览器访问请求地址：https://passport.hrloo.com/user/login?referer=https%3A%2F%2Fwww.hrloo.com&wx_check_login=no_check
2021-11-17 16:39:19,249 - webbase.py - DEBUG - click ['xpath', ".//div[@class ='new-login-tab']/span[2]"] 成功
2021-11-17 16:39:19,249 - webbase.py - DEBUG - 正在定位元素信息：定位方式->xpath, value值->.//p[@class='ps-username fn-login-input-item']/input[1]
2021-11-17 16:39:19,254 - webbase.py - DEBUG - 定位元素('xpath', ".//p[@class='ps-username fn-login-input-item']/input[1]")成功
2021-11-17 16:39:19,839 - webbase.py - DEBUG - send keys 1406607478 成功
2021-11-17 16:39:19,839 - webbase.py - DEBUG - 正在定位元素信息：定位方式->id, value值->j_password
2021-11-17 16:39:19,844 - webbase.py - DEBUG - 定位元素('id', 'j_password')成功
2021-11-17 16:39:19,893 - webbase.py - DEBUG - send keys hrloo.com 成功
2021-11-17 16:39:20,384 - webbase.py - DEBUG - click ['id', 'j_loginbtn'] 成功
2021-11-17 16:39:20,502 - webbase.py - DEBUG - click ['xpath', ".//div[@class='nsh-w-left']/a[6]"] 成功
2021-11-17 16:39:23,911 - guibase.py - DEBUG - 鼠标偏移600,300
2021-11-17 16:39:23,911 - guibase.py - DEBUG - 鼠标偏移600,300
2021-11-17 16:39:23,911 - guibase.py - DEBUG - 鼠标偏移600,300
2021-11-17 16:39:36,231 - webbase.py - ERROR - click ['xpath', ".//div[@class='hr-course-item-global-style swiper-slide']/a[text()='中级经济师（工商管理"] 失败
2021-11-17 16:39:47,592 - webbase.py - ERROR - click ['xpath', ".//div[@class='aimg']/a[1]/following-sibling::a[1]"] 失败
2021-11-17 16:41:07,552 - sanmao_login.py - INFO - 三茅登录开始
2021-11-17 16:41:08,310 - webbase.py - DEBUG - 浏览器访问请求地址：https://passport.hrloo.com/user/login?referer=https%3A%2F%2Fwww.hrloo.com&wx_check_login=no_check
2021-11-17 16:41:08,389 - webbase.py - DEBUG - click ['xpath', ".//div[@class ='new-login-tab']/span[2]"] 成功
2021-11-17 16:41:08,389 - webbase.py - DEBUG - 正在定位元素信息：定位方式->xpath, value值->.//p[@class='ps-username fn-login-input-item']/input[1]
2021-11-17 16:41:08,399 - webbase.py - DEBUG - 定位元素('xpath', ".//p[@class='ps-username fn-login-input-item']/input[1]")成功
2021-11-17 16:41:08,895 - webbase.py - DEBUG - send keys 1406607478 成功
2021-11-17 16:41:08,896 - webbase.py - DEBUG - 正在定位元素信息：定位方式->id, value值->j_password
2021-11-17 16:41:08,903 - webbase.py - DEBUG - 定位元素('id', 'j_password')成功
2021-11-17 16:41:08,994 - webbase.py - DEBUG - send keys hrloo.com 成功
2021-11-17 16:41:09,080 - webbase.py - DEBUG - click ['id', 'j_loginbtn'] 成功
2021-11-17 16:41:12,081 - webbase.py - DEBUG - 正在定位元素信息：定位方式->xpath, value值->.//div[text()='创作中心']
2021-11-17 16:41:12,131 - webbase.py - DEBUG - 定位元素('xpath', ".//div[text()='创作中心']")成功
2021-11-17 16:41:12,161 - sanmao_login.py - INFO - 三茅登录开始
2021-11-17 16:41:12,424 - webbase.py - DEBUG - 浏览器访问请求地址：https://passport.hrloo.com/user/login?referer=https%3A%2F%2Fwww.hrloo.com&wx_check_login=no_check
2021-11-17 16:41:12,463 - webbase.py - DEBUG - click ['xpath', ".//div[@class ='new-login-tab']/span[2]"] 成功
2021-11-17 16:41:12,463 - webbase.py - DEBUG - 正在定位元素信息：定位方式->xpath, value值->.//p[@class='ps-username fn-login-input-item']/input[1]
2021-11-17 16:41:12,468 - webbase.py - DEBUG - 定位元素('xpath', ".//p[@class='ps-username fn-login-input-item']/input[1]")成功
2021-11-17 16:41:12,951 - webbase.py - DEBUG - send keys 1406607478 成功
2021-11-17 16:41:12,952 - webbase.py - DEBUG - 正在定位元素信息：定位方式->id, value值->j_password
2021-11-17 16:41:12,956 - webbase.py - DEBUG - 定位元素('id', 'j_password')成功
2021-11-17 16:41:13,006 - webbase.py - DEBUG - send keys hrloo.com 成功
2021-11-17 16:41:13,058 - webbase.py - DEBUG - click ['id', 'j_loginbtn'] 成功
2021-11-17 16:41:13,448 - webbase.py - DEBUG - click ['xpath', ".//div[@class='nsh-w-left']/a[6]"] 成功
2021-11-17 16:41:16,859 - guibase.py - DEBUG - 鼠标偏移600,300
2021-11-17 16:41:16,859 - guibase.py - DEBUG - 鼠标偏移600,300
2021-11-17 16:41:16,859 - guibase.py - DEBUG - 鼠标偏移600,300
2021-11-17 16:41:29,146 - webbase.py - ERROR - click ['xpath', ".//div[@class='hr-course-item-global-style swiper-slide']/a[text()='中级经济师（工商管理"] 失败
2021-11-17 16:41:32,147 - webbase.py - DEBUG - 正在定位元素信息：定位方式->xpath, value值->.//div[@class='overly '] /div[1]/h1[1]
2021-11-17 16:41:54,286 - webbase.py - ERROR - click ['xpath', ".//div[@class='aimg']/a[1]/following-sibling::a[1]"] 失败
2021-11-17 16:44:44,942 - guibase.py - DEBUG - 鼠标移动到842,453
2021-11-17 16:44:51,075 - guibase.py - DEBUG - 鼠标移动到842,453
2021-11-17 16:46:06,560 - sanmao_login.py - INFO - 三茅登录开始
2021-11-17 16:46:08,435 - webbase.py - DEBUG - 浏览器访问请求地址：https://passport.hrloo.com/user/login?referer=https%3A%2F%2Fwww.hrloo.com&wx_check_login=no_check
2021-11-17 16:46:08,491 - webbase.py - DEBUG - click ['xpath', ".//div[@class ='new-login-tab']/span[2]"] 成功
2021-11-17 16:46:08,491 - webbase.py - DEBUG - 正在定位元素信息：定位方式->xpath, value值->.//p[@class='ps-username fn-login-input-item']/input[1]
2021-11-17 16:46:08,499 - webbase.py - DEBUG - 定位元素('xpath', ".//p[@class='ps-username fn-login-input-item']/input[1]")成功
2021-11-17 16:46:08,996 - webbase.py - DEBUG - send keys 1406607478 成功
2021-11-17 16:46:08,996 - webbase.py - DEBUG - 正在定位元素信息：定位方式->id, value值->j_password
2021-11-17 16:46:09,006 - webbase.py - DEBUG - 定位元素('id', 'j_password')成功
2021-11-17 16:46:09,055 - webbase.py - DEBUG - send keys hrloo.com 成功
2021-11-17 16:46:09,112 - webbase.py - DEBUG - click ['id', 'j_loginbtn'] 成功
2021-11-17 16:46:10,025 - webbase.py - DEBUG - click ['xpath', ".//div[@class='nsh-w-left']/a[6]"] 成功
2021-11-17 16:46:25,296 - webbase.py - ERROR - click ['xpath', ".//div[@class='hr-course-item-global-style swiper-slide']/a[text()='中级经济师（工商管理"] 失败
2021-11-17 16:46:28,297 - webbase.py - DEBUG - 正在定位元素信息：定位方式->xpath, value值->.//div[@class='overly '] /div[1]/h1[1]
2021-11-17 16:47:35,317 - guibase.py - DEBUG - 鼠标移动到842,453
2021-11-17 16:48:16,530 - guibase.py - DEBUG - 鼠标移动到842,453
2021-11-17 16:48:26,558 - guibase.py - DEBUG - 鼠标移动到842,453
2021-11-17 16:48:38,944 - guibase.py - DEBUG - 鼠标移动到842,453
2021-11-17 16:49:19,697 - guibase.py - DEBUG - 鼠标移动到842,453
2021-11-17 16:50:52,391 - sanmao_login.py - INFO - 三茅登录开始
2021-11-17 16:50:53,392 - webbase.py - DEBUG - 浏览器访问请求地址：https://passport.hrloo.com/user/login?referer=https%3A%2F%2Fwww.hrloo.com&wx_check_login=no_check
2021-11-17 16:50:53,450 - webbase.py - DEBUG - click ['xpath', ".//div[@class ='new-login-tab']/span[2]"] 成功
2021-11-17 16:50:53,450 - webbase.py - DEBUG - 正在定位元素信息：定位方式->xpath, value值->.//p[@class='ps-username fn-login-input-item']/input[1]
2021-11-17 16:50:53,458 - webbase.py - DEBUG - 定位元素('xpath', ".//p[@class='ps-username fn-login-input-item']/input[1]")成功
2021-11-17 16:50:53,947 - webbase.py - DEBUG - send keys 1406607478 成功
2021-11-17 16:50:53,947 - webbase.py - DEBUG - 正在定位元素信息：定位方式->id, value值->j_password
2021-11-17 16:50:53,956 - webbase.py - DEBUG - 定位元素('id', 'j_password')成功
2021-11-17 16:50:54,011 - webbase.py - DEBUG - send keys hrloo.com 成功
2021-11-17 16:50:54,110 - webbase.py - DEBUG - click ['id', 'j_loginbtn'] 成功
2021-11-17 16:50:57,112 - webbase.py - DEBUG - 正在定位元素信息：定位方式->xpath, value值->.//div[text()='创作中心']
2021-11-17 16:50:57,124 - webbase.py - DEBUG - 定位元素('xpath', ".//div[text()='创作中心']")成功
2021-11-17 16:50:57,155 - sanmao_login.py - INFO - 三茅登录开始
2021-11-17 16:50:57,392 - webbase.py - DEBUG - 浏览器访问请求地址：https://passport.hrloo.com/user/login?referer=https%3A%2F%2Fwww.hrloo.com&wx_check_login=no_check
2021-11-17 16:50:57,430 - webbase.py - DEBUG - click ['xpath', ".//div[@class ='new-login-tab']/span[2]"] 成功
2021-11-17 16:50:57,430 - webbase.py - DEBUG - 正在定位元素信息：定位方式->xpath, value值->.//p[@class='ps-username fn-login-input-item']/input[1]
2021-11-17 16:50:57,435 - webbase.py - DEBUG - 定位元素('xpath', ".//p[@class='ps-username fn-login-input-item']/input[1]")成功
2021-11-17 16:50:58,012 - webbase.py - DEBUG - send keys 1406607478 成功
2021-11-17 16:50:58,013 - webbase.py - DEBUG - 正在定位元素信息：定位方式->id, value值->j_password
2021-11-17 16:50:58,018 - webbase.py - DEBUG - 定位元素('id', 'j_password')成功
2021-11-17 16:50:58,068 - webbase.py - DEBUG - send keys hrloo.com 成功
2021-11-17 16:50:58,123 - webbase.py - DEBUG - click ['id', 'j_loginbtn'] 成功
2021-11-17 16:50:58,567 - webbase.py - DEBUG - click ['xpath', ".//div[@class='nsh-w-left']/a[6]"] 成功
2021-11-17 16:51:03,791 - webbase.py - DEBUG - click ['xpath', ".//div[@class='hr-course-item-global-style swiper-slide']/a[@title='薪酬体系设计与薪酬变革全能研修班']"] 成功
2021-11-17 16:51:04,604 - webbase.py - DEBUG - 只查询：查询元素('xpath', ".//div[@class='product-btns']/a[text()='立即学习']") 存在
2021-11-17 16:51:06,620 - affard_ordeid.py - DEBUG -  我在这里发现了['xpath', ".//div[@class='product-btns']/a[text()='立即学习']"],我要退出
2021-11-17 16:51:07,056 - webbase.py - DEBUG - click ['xpath', ".//div[@class='aimg']/a[1]/following-sibling::a[1]"] 成功
2021-11-17 16:51:07,526 - guibase.py - DEBUG - 查找对象show存在
2021-11-17 16:51:07,526 - guibase.py - DEBUG - 查找对象show存在
2021-11-17 16:51:07,526 - guibase.py - DEBUG - 查找对象show存在
2021-11-17 16:51:08,299 - guibase.py - DEBUG - 移动到图片 show 位置True, 点击:Point(x=646, y=310) 成功
2021-11-17 16:51:08,299 - guibase.py - DEBUG - 移动到图片 show 位置True, 点击:Point(x=646, y=310) 成功
2021-11-17 16:51:08,299 - guibase.py - DEBUG - 移动到图片 show 位置True, 点击:Point(x=646, y=310) 成功
2021-11-17 16:51:08,397 - webbase.py - DEBUG - click ['xpath', ".//ul[@class = 'hr-header-tab box']/li[4]"] 成功
2021-11-17 16:51:11,462 - webbase.py - DEBUG - click ['xpath', ".//div[@class='popupwrap dn']/preceding-sibling::p[1]/a[1]"] 成功
2021-11-17 16:51:11,462 - webbase.py - DEBUG - 正在定位元素信息：定位方式->xpath, value值->.//div[@class='tit-input tpl1-input']/input[@id='subject']
2021-11-17 16:51:12,059 - webbase.py - DEBUG - 定位元素('xpath', ".//div[@class='tit-input tpl1-input']/input[@id='subject']")成功
2021-11-17 16:51:12,114 - webbase.py - DEBUG - send keys 你我皆是羔羊却没有草原 成功
2021-11-17 16:51:17,409 - guibase.py - DEBUG - 查找对象write_content存在
2021-11-17 16:51:17,409 - guibase.py - DEBUG - 查找对象write_content存在
2021-11-17 16:51:17,409 - guibase.py - DEBUG - 查找对象write_content存在
2021-11-17 16:51:18,181 - guibase.py - DEBUG - 移动到图片 write_content 位置True, 点击:Point(x=648, y=357) 成功
2021-11-17 16:51:18,181 - guibase.py - DEBUG - 移动到图片 write_content 位置True, 点击:Point(x=648, y=357) 成功
2021-11-17 16:51:18,181 - guibase.py - DEBUG - 移动到图片 write_content 位置True, 点击:Point(x=648, y=357) 成功
2021-11-17 16:51:22,204 - guibase.py - DEBUG - 执行快捷键('ctrl', 'v')
2021-11-17 16:51:22,204 - guibase.py - DEBUG - 执行快捷键('ctrl', 'v')
2021-11-17 16:51:22,204 - guibase.py - DEBUG - 执行快捷键('ctrl', 'v')
2021-11-17 16:51:22,358 - webbase.py - DEBUG - click ['xpath', ".//div[@class='r']/a[text()='发布']"] 成功
2021-11-17 16:51:25,418 - webbase.py - DEBUG - click ['xpath', ".//div[@class='eidt-field clearfix']/span[1]/following-sibling::div/div[1]/span[5]"] 成功
2021-11-17 16:51:25,449 - webbase.py - DEBUG - click ['xpath', ".//div[@class='eidt-field clearfix']/span[1]/following-sibling::div/div[1]/span[5]"] 成功
2021-11-17 16:51:28,494 - webbase.py - DEBUG - click ['xpath', ".//div[@class='eidt-field clearfix']/span[1]/following-sibling::div/div[1]/span[7]"] 成功
2021-11-17 16:51:34,495 - webbase.py - DEBUG - 正在定位元素信息：定位方式->xpath, value值->.//div[@class='clearfix in-tags']/div[1]/ul/li[1]/input[@type='text']
2021-11-17 16:51:34,505 - webbase.py - DEBUG - 定位元素('xpath', ".//div[@class='clearfix in-tags']/div[1]/ul/li[1]/input[@type='text']")成功
2021-11-17 16:51:34,551 - webbase.py - DEBUG - send keys 人力效率1 成功
2021-11-17 16:51:34,600 - webbase.py - DEBUG - click ['xpath', ".//li/span[text()='贴上']"] 成功
2021-11-17 16:51:34,600 - webbase.py - DEBUG - 正在定位元素信息：定位方式->xpath, value值->.//div[@class='clearfix in-tags']/div[1]/ul/li[1]/input[@type='text']
2021-11-17 16:51:34,605 - webbase.py - DEBUG - 定位元素('xpath', ".//div[@class='clearfix in-tags']/div[1]/ul/li[1]/input[@type='text']")成功
2021-11-17 16:51:34,645 - webbase.py - DEBUG - send keys 人力效率2 成功
2021-11-17 16:51:34,680 - webbase.py - DEBUG - click ['xpath', ".//li/span[text()='贴上']"] 成功
2021-11-17 16:51:34,756 - webbase.py - DEBUG - click ['id', 'saveBtn'] 成功
2021-11-17 16:51:37,758 - webbase.py - DEBUG - 正在定位元素信息：定位方式->xpath, value值->.//div[@class='tip']/h1
2021-11-17 16:54:00,093 - guibase.py - DEBUG - 鼠标移动到842,453
2021-11-17 16:55:07,169 - sanmao_login.py - INFO - 三茅登录开始
2021-11-17 16:55:07,945 - webbase.py - DEBUG - 浏览器访问请求地址：https://passport.hrloo.com/user/login?referer=https%3A%2F%2Fwww.hrloo.com&wx_check_login=no_check
2021-11-17 16:55:08,016 - webbase.py - DEBUG - click ['xpath', ".//div[@class ='new-login-tab']/span[2]"] 成功
2021-11-17 16:55:08,016 - webbase.py - DEBUG - 正在定位元素信息：定位方式->xpath, value值->.//p[@class='ps-username fn-login-input-item']/input[1]
2021-11-17 16:55:08,026 - webbase.py - DEBUG - 定位元素('xpath', ".//p[@class='ps-username fn-login-input-item']/input[1]")成功
2021-11-17 16:55:08,511 - webbase.py - DEBUG - send keys 1406607478 成功
2021-11-17 16:55:08,511 - webbase.py - DEBUG - 正在定位元素信息：定位方式->id, value值->j_password
2021-11-17 16:55:08,520 - webbase.py - DEBUG - 定位元素('id', 'j_password')成功
2021-11-17 16:55:08,614 - webbase.py - DEBUG - send keys hrloo.com 成功
2021-11-17 16:55:09,293 - webbase.py - DEBUG - click ['id', 'j_loginbtn'] 成功
2021-11-17 16:55:12,294 - webbase.py - DEBUG - 正在定位元素信息：定位方式->xpath, value值->.//div[text()='创作中心']
2021-11-17 16:55:12,303 - webbase.py - DEBUG - 定位元素('xpath', ".//div[text()='创作中心']")成功
2021-11-17 16:55:12,335 - sanmao_login.py - INFO - 三茅登录开始
2021-11-17 16:55:12,620 - webbase.py - DEBUG - 浏览器访问请求地址：https://passport.hrloo.com/user/login?referer=https%3A%2F%2Fwww.hrloo.com&wx_check_login=no_check
2021-11-17 16:55:12,657 - webbase.py - DEBUG - click ['xpath', ".//div[@class ='new-login-tab']/span[2]"] 成功
2021-11-17 16:55:12,658 - webbase.py - DEBUG - 正在定位元素信息：定位方式->xpath, value值->.//p[@class='ps-username fn-login-input-item']/input[1]
2021-11-17 16:55:12,661 - webbase.py - DEBUG - 定位元素('xpath', ".//p[@class='ps-username fn-login-input-item']/input[1]")成功
2021-11-17 16:55:13,241 - webbase.py - DEBUG - send keys 1406607478 成功
2021-11-17 16:55:13,241 - webbase.py - DEBUG - 正在定位元素信息：定位方式->id, value值->j_password
2021-11-17 16:55:13,246 - webbase.py - DEBUG - 定位元素('id', 'j_password')成功
2021-11-17 16:55:13,295 - webbase.py - DEBUG - send keys hrloo.com 成功
2021-11-17 16:55:13,348 - webbase.py - DEBUG - click ['id', 'j_loginbtn'] 成功
2021-11-17 16:55:13,809 - webbase.py - DEBUG - click ['xpath', ".//div[@class='nsh-w-left']/a[6]"] 成功
2021-11-17 16:55:17,218 - guibase.py - DEBUG - 鼠标移动到842,453
2021-11-17 16:55:17,218 - guibase.py - DEBUG - 鼠标移动到842,453
2021-11-17 16:55:17,218 - guibase.py - DEBUG - 鼠标移动到842,453
2021-11-17 16:55:29,499 - webbase.py - ERROR - click ['xpath', ".//div[@class='hr-course-item-global-style swiper-slide']/a[text()='中级经济师（工商管理"] 失败
2021-11-17 16:55:40,873 - webbase.py - ERROR - click ['xpath', ".//div[@class='aimg']/a[1]/following-sibling::a[1]"] 失败
2021-11-17 16:58:28,703 - sanmao_login.py - INFO - 三茅登录开始
2021-11-17 16:58:29,474 - webbase.py - DEBUG - 浏览器访问请求地址：https://passport.hrloo.com/user/login?referer=https%3A%2F%2Fwww.hrloo.com&wx_check_login=no_check
2021-11-17 16:58:29,551 - webbase.py - DEBUG - click ['xpath', ".//div[@class ='new-login-tab']/span[2]"] 成功
2021-11-17 16:58:29,552 - webbase.py - DEBUG - 正在定位元素信息：定位方式->xpath, value值->.//p[@class='ps-username fn-login-input-item']/input[1]
2021-11-17 16:58:29,559 - webbase.py - DEBUG - 定位元素('xpath', ".//p[@class='ps-username fn-login-input-item']/input[1]")成功
2021-11-17 16:58:30,050 - webbase.py - DEBUG - send keys 1406607478 成功
2021-11-17 16:58:30,050 - webbase.py - DEBUG - 正在定位元素信息：定位方式->id, value值->j_password
2021-11-17 16:58:30,057 - webbase.py - DEBUG - 定位元素('id', 'j_password')成功
2021-11-17 16:58:30,110 - webbase.py - DEBUG - send keys hrloo.com 成功
2021-11-17 16:58:30,259 - webbase.py - DEBUG - click ['id', 'j_loginbtn'] 成功
2021-11-17 16:58:33,259 - webbase.py - DEBUG - 正在定位元素信息：定位方式->xpath, value值->.//div[text()='创作中心']
2021-11-17 16:58:33,271 - webbase.py - DEBUG - 定位元素('xpath', ".//div[text()='创作中心']")成功
2021-11-17 16:58:33,302 - sanmao_login.py - INFO - 三茅登录开始
2021-11-17 16:58:33,531 - webbase.py - DEBUG - 浏览器访问请求地址：https://passport.hrloo.com/user/login?referer=https%3A%2F%2Fwww.hrloo.com&wx_check_login=no_check
2021-11-17 16:58:33,569 - webbase.py - DEBUG - click ['xpath', ".//div[@class ='new-login-tab']/span[2]"] 成功
2021-11-17 16:58:33,569 - webbase.py - DEBUG - 正在定位元素信息：定位方式->xpath, value值->.//p[@class='ps-username fn-login-input-item']/input[1]
2021-11-17 16:58:33,573 - webbase.py - DEBUG - 定位元素('xpath', ".//p[@class='ps-username fn-login-input-item']/input[1]")成功
2021-11-17 16:58:34,072 - webbase.py - DEBUG - send keys 1406607478 成功
2021-11-17 16:58:34,072 - webbase.py - DEBUG - 正在定位元素信息：定位方式->id, value值->j_password
2021-11-17 16:58:34,078 - webbase.py - DEBUG - 定位元素('id', 'j_password')成功
2021-11-17 16:58:34,129 - webbase.py - DEBUG - send keys hrloo.com 成功
2021-11-17 16:58:34,183 - webbase.py - DEBUG - click ['id', 'j_loginbtn'] 成功
2021-11-17 16:58:34,657 - webbase.py - DEBUG - click ['xpath', ".//div[@class='nsh-w-left']/a[6]"] 成功
2021-11-17 16:58:38,069 - guibase.py - DEBUG - 鼠标移动到842,453
2021-11-17 16:58:38,069 - guibase.py - DEBUG - 鼠标移动到842,453
2021-11-17 16:58:38,069 - guibase.py - DEBUG - 鼠标移动到842,453
2021-11-17 16:58:40,293 - webbase.py - DEBUG - click ['xpath', ".//div[@class='hr-course-item-global-style swiper-slide']/a[@title='薪酬体系设计与薪酬变革全能研修班']"] 成功
2021-11-17 16:58:40,840 - webbase.py - DEBUG - 只查询：查询元素('xpath', ".//div[@class='product-btns']/a[text()='立即学习']") 存在
2021-11-17 16:58:42,862 - affard_ordeid.py - DEBUG -  我在这里发现了['xpath', ".//div[@class='product-btns']/a[text()='立即学习']"],我要退出
2021-11-17 16:58:43,319 - webbase.py - DEBUG - click ['xpath', ".//div[@class='aimg']/a[1]/following-sibling::a[1]"] 成功
2021-11-17 16:58:43,812 - guibase.py - DEBUG - 查找对象show存在
2021-11-17 16:58:43,812 - guibase.py - DEBUG - 查找对象show存在
2021-11-17 16:58:43,812 - guibase.py - DEBUG - 查找对象show存在
2021-11-17 16:58:44,583 - guibase.py - DEBUG - 移动到图片 show 位置True, 点击:Point(x=646, y=310) 成功
2021-11-17 16:58:44,583 - guibase.py - DEBUG - 移动到图片 show 位置True, 点击:Point(x=646, y=310) 成功
2021-11-17 16:58:44,583 - guibase.py - DEBUG - 移动到图片 show 位置True, 点击:Point(x=646, y=310) 成功
2021-11-17 16:58:44,701 - webbase.py - DEBUG - click ['xpath', ".//ul[@class = 'hr-header-tab box']/li[4]"] 成功
2021-11-17 16:58:47,771 - webbase.py - DEBUG - click ['xpath', ".//div[@class='popupwrap dn']/preceding-sibling::p[1]/a[1]"] 成功
2021-11-17 16:58:47,771 - webbase.py - DEBUG - 正在定位元素信息：定位方式->xpath, value值->.//div[@class='tit-input tpl1-input']/input[@id='subject']
2021-11-17 16:58:48,320 - webbase.py - DEBUG - 定位元素('xpath', ".//div[@class='tit-input tpl1-input']/input[@id='subject']")成功
2021-11-17 16:58:48,376 - webbase.py - DEBUG - send keys 你我皆是羔羊却没有草原 成功
2021-11-17 16:58:53,680 - guibase.py - DEBUG - 查找对象write_content存在
2021-11-17 16:58:53,680 - guibase.py - DEBUG - 查找对象write_content存在
2021-11-17 16:58:53,680 - guibase.py - DEBUG - 查找对象write_content存在
2021-11-17 16:58:54,449 - guibase.py - DEBUG - 移动到图片 write_content 位置True, 点击:Point(x=648, y=357) 成功
2021-11-17 16:58:54,449 - guibase.py - DEBUG - 移动到图片 write_content 位置True, 点击:Point(x=648, y=357) 成功
2021-11-17 16:58:54,449 - guibase.py - DEBUG - 移动到图片 write_content 位置True, 点击:Point(x=648, y=357) 成功
2021-11-17 16:58:58,477 - guibase.py - DEBUG - 执行快捷键('ctrl', 'v')
2021-11-17 16:58:58,477 - guibase.py - DEBUG - 执行快捷键('ctrl', 'v')
2021-11-17 16:58:58,477 - guibase.py - DEBUG - 执行快捷键('ctrl', 'v')
2021-11-17 16:58:58,636 - webbase.py - DEBUG - click ['xpath', ".//div[@class='r']/a[text()='发布']"] 成功
2021-11-17 16:59:01,689 - webbase.py - DEBUG - click ['xpath', ".//div[@class='eidt-field clearfix']/span[1]/following-sibling::div/div[1]/span[1]"] 成功
2021-11-17 16:59:04,739 - webbase.py - DEBUG - click ['xpath', ".//div[@class='eidt-field clearfix']/span[1]/following-sibling::div/div[1]/span[5]"] 成功
2021-11-17 16:59:04,787 - webbase.py - DEBUG - click ['xpath', ".//div[@class='eidt-field clearfix']/span[1]/following-sibling::div/div[1]/span[7]"] 成功
2021-11-17 16:59:10,788 - webbase.py - DEBUG - 正在定位元素信息：定位方式->xpath, value值->.//div[@class='clearfix in-tags']/div[1]/ul/li[1]/input[@type='text']
2021-11-17 16:59:10,797 - webbase.py - DEBUG - 定位元素('xpath', ".//div[@class='clearfix in-tags']/div[1]/ul/li[1]/input[@type='text']")成功
2021-11-17 16:59:10,846 - webbase.py - DEBUG - send keys 人力效率1 成功
2021-11-17 16:59:10,911 - webbase.py - DEBUG - click ['xpath', ".//li/span[text()='贴上']"] 成功
2021-11-17 16:59:10,911 - webbase.py - DEBUG - 正在定位元素信息：定位方式->xpath, value值->.//div[@class='clearfix in-tags']/div[1]/ul/li[1]/input[@type='text']
2021-11-17 16:59:10,918 - webbase.py - DEBUG - 定位元素('xpath', ".//div[@class='clearfix in-tags']/div[1]/ul/li[1]/input[@type='text']")成功
2021-11-17 16:59:10,945 - webbase.py - DEBUG - send keys 人力效率2 成功
2021-11-17 16:59:10,982 - webbase.py - DEBUG - click ['xpath', ".//li/span[text()='贴上']"] 成功
2021-11-17 16:59:11,074 - webbase.py - DEBUG - click ['id', 'saveBtn'] 成功
2021-11-17 16:59:14,074 - webbase.py - DEBUG - 正在定位元素信息：定位方式->xpath, value值->.//div[@class='tip']/h1
