2021-11-17 21:00:05,279 - sanmao_login.py - INFO - 三茅登录开始
2021-11-17 21:00:12,953 - webbase.py - DEBUG - 浏览器访问请求地址：https://passport.hrloo.com/user/login?referer=https%3A%2F%2Fwww.hrloo.com&wx_check_login=no_check
2021-11-17 21:00:13,031 - webbase.py - DEBUG - click ['xpath', ".//div[@class ='new-login-tab']/span[2]"] 成功
2021-11-17 21:00:13,031 - webbase.py - DEBUG - 正在定位元素信息：定位方式->xpath, value值->.//p[@class='ps-username fn-login-input-item']/input[1]
2021-11-17 21:00:13,042 - webbase.py - DEBUG - 定位元素('xpath', ".//p[@class='ps-username fn-login-input-item']/input[1]")成功
2021-11-17 21:00:13,566 - webbase.py - DEBUG - send keys 2008932277 成功
2021-11-17 21:00:13,566 - webbase.py - DEBUG - 正在定位元素信息：定位方式->id, value值->j_password
2021-11-17 21:00:13,577 - webbase.py - DEBUG - 定位元素('id', 'j_password')成功
2021-11-17 21:00:13,642 - webbase.py - DEBUG - send keys hrloo.com 成功
2021-11-17 21:00:13,710 - webbase.py - DEBUG - click ['id', 'j_loginbtn'] 成功
2021-11-17 21:00:25,440 - webbase.py - DEBUG - click ['xpath', ".//div[@class='nsh-w-left']/a[6]"] 成功
2021-11-17 21:00:28,486 - sanmao_login.py - INFO - 三茅登录开始
2021-11-17 21:00:35,605 - webbase.py - DEBUG - 浏览器访问请求地址：https://passport.hrloo.com/user/login?referer=https%3A%2F%2Fwww.hrloo.com&wx_check_login=no_check
2021-11-17 21:00:35,671 - webbase.py - DEBUG - click ['xpath', ".//div[@class ='new-login-tab']/span[2]"] 成功
2021-11-17 21:00:35,671 - webbase.py - DEBUG - 正在定位元素信息：定位方式->xpath, value值->.//p[@class='ps-username fn-login-input-item']/input[1]
2021-11-17 21:00:35,685 - webbase.py - DEBUG - 定位元素('xpath', ".//p[@class='ps-username fn-login-input-item']/input[1]")成功
2021-11-17 21:00:36,202 - webbase.py - DEBUG - send keys 2008932277 成功
2021-11-17 21:00:36,202 - webbase.py - DEBUG - 正在定位元素信息：定位方式->id, value值->j_password
2021-11-17 21:00:36,212 - webbase.py - DEBUG - 定位元素('id', 'j_password')成功
2021-11-17 21:00:36,280 - webbase.py - DEBUG - send keys hrloo.com 成功
2021-11-17 21:00:36,345 - webbase.py - DEBUG - click ['id', 'j_loginbtn'] 成功
2021-11-17 21:00:40,144 - webbase.py - DEBUG - click ['xpath', ".//div[@class='aimg']/a[1]/following-sibling::a[1]"] 成功
2021-11-17 21:01:41,787 - sanmao_login.py - INFO - 三茅登录开始
2021-11-17 21:01:49,492 - webbase.py - DEBUG - 浏览器访问请求地址：https://passport.hrloo.com/user/login?referer=https%3A%2F%2Fwww.hrloo.com&wx_check_login=no_check
2021-11-17 21:01:49,571 - webbase.py - DEBUG - click ['xpath', ".//div[@class ='new-login-tab']/span[2]"] 成功
2021-11-17 21:01:49,572 - webbase.py - DEBUG - 正在定位元素信息：定位方式->xpath, value值->.//p[@class='ps-username fn-login-input-item']/input[1]
2021-11-17 21:01:49,582 - webbase.py - DEBUG - 定位元素('xpath', ".//p[@class='ps-username fn-login-input-item']/input[1]")成功
2021-11-17 21:01:50,108 - webbase.py - DEBUG - send keys 2008932277 成功
2021-11-17 21:01:50,108 - webbase.py - DEBUG - 正在定位元素信息：定位方式->id, value值->j_password
2021-11-17 21:01:50,119 - webbase.py - DEBUG - 定位元素('id', 'j_password')成功
2021-11-17 21:01:50,187 - webbase.py - DEBUG - send keys hrloo.com 成功
2021-11-17 21:01:50,255 - webbase.py - DEBUG - click ['id', 'j_loginbtn'] 成功
2021-11-17 21:01:58,891 - webbase.py - DEBUG - click ['xpath', ".//div[@class='nsh-w-left']/a[6]"] 成功
2021-11-17 21:02:01,927 - sanmao_login.py - INFO - 三茅登录开始
2021-11-17 21:02:08,478 - webbase.py - DEBUG - 浏览器访问请求地址：https://passport.hrloo.com/user/login?referer=https%3A%2F%2Fwww.hrloo.com&wx_check_login=no_check
2021-11-17 21:02:08,540 - webbase.py - DEBUG - click ['xpath', ".//div[@class ='new-login-tab']/span[2]"] 成功
2021-11-17 21:02:08,540 - webbase.py - DEBUG - 正在定位元素信息：定位方式->xpath, value值->.//p[@class='ps-username fn-login-input-item']/input[1]
2021-11-17 21:02:08,550 - webbase.py - DEBUG - 定位元素('xpath', ".//p[@class='ps-username fn-login-input-item']/input[1]")成功
2021-11-17 21:02:09,077 - webbase.py - DEBUG - send keys 2008932277 成功
2021-11-17 21:02:09,077 - webbase.py - DEBUG - 正在定位元素信息：定位方式->id, value值->j_password
2021-11-17 21:02:09,086 - webbase.py - DEBUG - 定位元素('id', 'j_password')成功
2021-11-17 21:02:09,149 - webbase.py - DEBUG - send keys hrloo.com 成功
2021-11-17 21:02:09,214 - webbase.py - DEBUG - click ['id', 'j_loginbtn'] 成功
2021-11-17 21:02:11,731 - webbase.py - DEBUG - click ['xpath', ".//div[@class='aimg']/a[1]/following-sibling::a[1]"] 成功
2021-11-17 21:02:28,708 - sanmao_login.py - INFO - 三茅登录开始
2021-11-17 21:02:35,896 - webbase.py - DEBUG - 浏览器访问请求地址：https://passport.hrloo.com/user/login?referer=https%3A%2F%2Fwww.hrloo.com&wx_check_login=no_check
2021-11-17 21:02:35,970 - webbase.py - DEBUG - click ['xpath', ".//div[@class ='new-login-tab']/span[2]"] 成功
2021-11-17 21:02:35,970 - webbase.py - DEBUG - 正在定位元素信息：定位方式->xpath, value值->.//p[@class='ps-username fn-login-input-item']/input[1]
2021-11-17 21:02:35,981 - webbase.py - DEBUG - 定位元素('xpath', ".//p[@class='ps-username fn-login-input-item']/input[1]")成功
2021-11-17 21:02:36,504 - webbase.py - DEBUG - send keys 2008932277 成功
2021-11-17 21:02:36,504 - webbase.py - DEBUG - 正在定位元素信息：定位方式->id, value值->j_password
2021-11-17 21:02:36,515 - webbase.py - DEBUG - 定位元素('id', 'j_password')成功
2021-11-17 21:02:36,582 - webbase.py - DEBUG - send keys hrloo.com 成功
2021-11-17 21:02:36,659 - webbase.py - DEBUG - click ['id', 'j_loginbtn'] 成功
2021-11-17 21:02:45,889 - webbase.py - DEBUG - click ['xpath', ".//div[@class='nsh-w-left']/a[6]"] 成功
2021-11-17 21:02:48,929 - sanmao_login.py - INFO - 三茅登录开始
2021-11-17 21:02:56,222 - webbase.py - DEBUG - 浏览器访问请求地址：https://passport.hrloo.com/user/login?referer=https%3A%2F%2Fwww.hrloo.com&wx_check_login=no_check
2021-11-17 21:02:56,286 - webbase.py - DEBUG - click ['xpath', ".//div[@class ='new-login-tab']/span[2]"] 成功
2021-11-17 21:02:56,286 - webbase.py - DEBUG - 正在定位元素信息：定位方式->xpath, value值->.//p[@class='ps-username fn-login-input-item']/input[1]
2021-11-17 21:02:56,299 - webbase.py - DEBUG - 定位元素('xpath', ".//p[@class='ps-username fn-login-input-item']/input[1]")成功
2021-11-17 21:02:56,811 - webbase.py - DEBUG - send keys 2008932277 成功
2021-11-17 21:02:56,811 - webbase.py - DEBUG - 正在定位元素信息：定位方式->id, value值->j_password
2021-11-17 21:02:56,821 - webbase.py - DEBUG - 定位元素('id', 'j_password')成功
2021-11-17 21:02:56,888 - webbase.py - DEBUG - send keys hrloo.com 成功
2021-11-17 21:02:56,958 - webbase.py - DEBUG - click ['id', 'j_loginbtn'] 成功
2021-11-17 21:03:00,512 - webbase.py - DEBUG - click ['xpath', ".//div[@class='aimg']/a[1]/following-sibling::a[1]"] 成功
2021-11-17 21:03:22,454 - sanmao_login.py - INFO - 三茅登录开始
2021-11-17 21:03:31,318 - webbase.py - DEBUG - 浏览器访问请求地址：https://passport.hrloo.com/user/login?referer=https%3A%2F%2Fwww.hrloo.com&wx_check_login=no_check
2021-11-17 21:03:31,401 - webbase.py - DEBUG - click ['xpath', ".//div[@class ='new-login-tab']/span[2]"] 成功
2021-11-17 21:03:31,402 - webbase.py - DEBUG - 正在定位元素信息：定位方式->xpath, value值->.//p[@class='ps-username fn-login-input-item']/input[1]
2021-11-17 21:03:31,413 - webbase.py - DEBUG - 定位元素('xpath', ".//p[@class='ps-username fn-login-input-item']/input[1]")成功
2021-11-17 21:03:31,939 - webbase.py - DEBUG - send keys 2008932277 成功
2021-11-17 21:03:31,939 - webbase.py - DEBUG - 正在定位元素信息：定位方式->id, value值->j_password
2021-11-17 21:03:31,951 - webbase.py - DEBUG - 定位元素('id', 'j_password')成功
2021-11-17 21:03:32,017 - webbase.py - DEBUG - send keys hrloo.com 成功
2021-11-17 21:03:32,091 - webbase.py - DEBUG - click ['id', 'j_loginbtn'] 成功
2021-11-17 21:03:40,962 - webbase.py - DEBUG - click ['xpath', ".//div[@class='nsh-w-left']/a[6]"] 成功
2021-11-17 21:03:44,000 - sanmao_login.py - INFO - 三茅登录开始
2021-11-17 21:03:50,775 - webbase.py - DEBUG - 浏览器访问请求地址：https://passport.hrloo.com/user/login?referer=https%3A%2F%2Fwww.hrloo.com&wx_check_login=no_check
2021-11-17 21:03:50,843 - webbase.py - DEBUG - click ['xpath', ".//div[@class ='new-login-tab']/span[2]"] 成功
2021-11-17 21:03:50,843 - webbase.py - DEBUG - 正在定位元素信息：定位方式->xpath, value值->.//p[@class='ps-username fn-login-input-item']/input[1]
2021-11-17 21:03:50,854 - webbase.py - DEBUG - 定位元素('xpath', ".//p[@class='ps-username fn-login-input-item']/input[1]")成功
2021-11-17 21:03:51,376 - webbase.py - DEBUG - send keys 2008932277 成功
2021-11-17 21:03:51,376 - webbase.py - DEBUG - 正在定位元素信息：定位方式->id, value值->j_password
2021-11-17 21:03:51,386 - webbase.py - DEBUG - 定位元素('id', 'j_password')成功
2021-11-17 21:03:51,452 - webbase.py - DEBUG - send keys hrloo.com 成功
2021-11-17 21:03:51,520 - webbase.py - DEBUG - click ['id', 'j_loginbtn'] 成功
2021-11-17 21:03:54,580 - webbase.py - DEBUG - click ['xpath', ".//div[@class='aimg']/a[1]/following-sibling::a[1]"] 成功
2021-11-17 21:05:14,125 - sanmao_login.py - INFO - 三茅登录开始
2021-11-17 21:05:21,735 - webbase.py - DEBUG - 浏览器访问请求地址：https://passport.hrloo.com/user/login?referer=https%3A%2F%2Fwww.hrloo.com&wx_check_login=no_check
2021-11-17 21:05:21,812 - webbase.py - DEBUG - click ['xpath', ".//div[@class ='new-login-tab']/span[2]"] 成功
2021-11-17 21:05:21,812 - webbase.py - DEBUG - 正在定位元素信息：定位方式->xpath, value值->.//p[@class='ps-username fn-login-input-item']/input[1]
2021-11-17 21:05:21,824 - webbase.py - DEBUG - 定位元素('xpath', ".//p[@class='ps-username fn-login-input-item']/input[1]")成功
2021-11-17 21:05:22,351 - webbase.py - DEBUG - send keys 2008932277 成功
2021-11-17 21:05:22,351 - webbase.py - DEBUG - 正在定位元素信息：定位方式->id, value值->j_password
2021-11-17 21:05:22,362 - webbase.py - DEBUG - 定位元素('id', 'j_password')成功
2021-11-17 21:05:22,429 - webbase.py - DEBUG - send keys hrloo.com 成功
2021-11-17 21:05:22,494 - webbase.py - DEBUG - click ['id', 'j_loginbtn'] 成功
2021-11-17 21:05:37,079 - webbase.py - DEBUG - click ['xpath', ".//div[@class='nsh-w-left']/a[6]"] 成功
2021-11-17 21:05:42,293 - sanmao_login.py - INFO - 三茅登录开始
2021-11-17 21:16:13,449 - sanmao_login.py - INFO - 三茅登录开始
2021-11-17 21:16:20,519 - webbase.py - DEBUG - 浏览器访问请求地址：https://passport.hrloo.com/user/login?referer=https%3A%2F%2Fwww.hrloo.com&wx_check_login=no_check
2021-11-17 21:16:20,594 - webbase.py - DEBUG - click ['xpath', ".//div[@class ='new-login-tab']/span[2]"] 成功
2021-11-17 21:16:20,594 - webbase.py - DEBUG - 正在定位元素信息：定位方式->xpath, value值->.//p[@class='ps-username fn-login-input-item']/input[1]
2021-11-17 21:16:20,605 - webbase.py - DEBUG - 定位元素('xpath', ".//p[@class='ps-username fn-login-input-item']/input[1]")成功
2021-11-17 21:16:20,638 - webbase.py - ERROR - send keys 2008932277 失败
2021-11-17 21:23:30,882 - sanmao_login.py - INFO - 三茅登录开始
2021-11-17 21:23:38,436 - webbase.py - DEBUG - 浏览器访问请求地址：https://passport.hrloo.com/user/login?referer=https%3A%2F%2Fwww.hrloo.com&wx_check_login=no_check
2021-11-17 21:23:38,512 - webbase.py - DEBUG - click ['xpath', ".//div[@class ='new-login-tab']/span[2]"] 成功
2021-11-17 21:23:38,513 - webbase.py - DEBUG - 正在定位元素信息：定位方式->xpath, value值->.//p[@class='ps-username fn-login-input-item']/input[1]
2021-11-17 21:23:38,522 - webbase.py - DEBUG - 定位元素('xpath', ".//p[@class='ps-username fn-login-input-item']/input[1]")成功
2021-11-17 21:23:39,057 - webbase.py - DEBUG - send keys 1406607478 成功
2021-11-17 21:23:39,057 - webbase.py - DEBUG - 正在定位元素信息：定位方式->id, value值->j_password
2021-11-17 21:23:39,068 - webbase.py - DEBUG - 定位元素('id', 'j_password')成功
2021-11-17 21:23:39,136 - webbase.py - DEBUG - send keys hrloo.com 成功
2021-11-17 21:23:39,203 - webbase.py - DEBUG - click ['id', 'j_loginbtn'] 成功
2021-11-17 21:23:39,204 - sanmao_login.py - INFO - 三茅登录结束
2021-11-17 21:23:42,219 - webbase.py - DEBUG - 正在定位元素信息：定位方式->xpath, value值->.//div[text()='创作中心']
2021-11-17 21:24:03,329 - webbase.py - DEBUG - 定位元素('xpath', ".//div[text()='创作中心']")成功
2021-11-17 21:25:13,585 - sanmao_login.py - INFO - 三茅登录开始
2021-11-17 21:25:28,065 - webbase.py - DEBUG - 浏览器访问请求地址：https://passport.hrloo.com/user/login?referer=https%3A%2F%2Fwww.hrloo.com&wx_check_login=no_check
2021-11-17 21:25:28,139 - webbase.py - DEBUG - click ['xpath', ".//div[@class ='new-login-tab']/span[2]"] 成功
2021-11-17 21:25:28,139 - webbase.py - DEBUG - 正在定位元素信息：定位方式->xpath, value值->.//p[@class='ps-username fn-login-input-item']/input[1]
2021-11-17 21:25:28,151 - webbase.py - DEBUG - 定位元素('xpath', ".//p[@class='ps-username fn-login-input-item']/input[1]")成功
2021-11-17 21:25:28,682 - webbase.py - DEBUG - send keys 2008932277 成功
2021-11-17 21:25:28,682 - webbase.py - DEBUG - 正在定位元素信息：定位方式->id, value值->j_password
2021-11-17 21:25:28,692 - webbase.py - DEBUG - 定位元素('id', 'j_password')成功
2021-11-17 21:25:28,762 - webbase.py - DEBUG - send keys hrloo.com 成功
2021-11-17 21:25:28,835 - webbase.py - DEBUG - click ['id', 'j_loginbtn'] 成功
2021-11-17 21:25:28,835 - sanmao_login.py - INFO - 三茅登录结束
2021-11-17 21:25:51,648 - webbase.py - DEBUG - click ['xpath', ".//div[@class='nsh-w-left']/a[6]"] 成功
2021-11-17 21:25:56,828 - sanmao_login.py - INFO - 三茅登录开始
2021-11-17 21:27:02,504 - sanmao_login.py - INFO - 三茅登录开始
2021-11-17 21:27:10,167 - webbase.py - DEBUG - 浏览器访问请求地址：https://passport.hrloo.com/user/login?referer=https%3A%2F%2Fwww.hrloo.com&wx_check_login=no_check
2021-11-17 21:27:10,241 - webbase.py - DEBUG - click ['xpath', ".//div[@class ='new-login-tab']/span[2]"] 成功
2021-11-17 21:27:10,241 - webbase.py - DEBUG - 正在定位元素信息：定位方式->xpath, value值->.//p[@class='ps-username fn-login-input-item']/input[1]
2021-11-17 21:27:10,253 - webbase.py - DEBUG - 定位元素('xpath', ".//p[@class='ps-username fn-login-input-item']/input[1]")成功
2021-11-17 21:27:10,784 - webbase.py - DEBUG - send keys 2008932277 成功
2021-11-17 21:27:10,784 - webbase.py - DEBUG - 正在定位元素信息：定位方式->id, value值->j_password
2021-11-17 21:27:10,795 - webbase.py - DEBUG - 定位元素('id', 'j_password')成功
2021-11-17 21:27:10,863 - webbase.py - DEBUG - send keys hrloo.com 成功
2021-11-17 21:27:10,929 - webbase.py - DEBUG - click ['id', 'j_loginbtn'] 成功
2021-11-17 21:27:10,929 - sanmao_login.py - INFO - 三茅登录结束
2021-11-17 21:27:33,587 - webbase.py - DEBUG - click ['xpath', ".//div[@class='nsh-w-left']/a[6]"] 成功
2021-11-17 21:27:36,635 - sanmao_login.py - INFO - 三茅登录开始
2021-11-17 21:27:43,331 - webbase.py - DEBUG - 浏览器访问请求地址：https://passport.hrloo.com/user/login?referer=https%3A%2F%2Fwww.hrloo.com&wx_check_login=no_check
2021-11-17 21:27:43,393 - webbase.py - DEBUG - click ['xpath', ".//div[@class ='new-login-tab']/span[2]"] 成功
2021-11-17 21:27:43,394 - webbase.py - DEBUG - 正在定位元素信息：定位方式->xpath, value值->.//p[@class='ps-username fn-login-input-item']/input[1]
2021-11-17 21:27:43,406 - webbase.py - DEBUG - 定位元素('xpath', ".//p[@class='ps-username fn-login-input-item']/input[1]")成功
2021-11-17 21:27:43,929 - webbase.py - DEBUG - send keys 2008932277 成功
2021-11-17 21:27:43,930 - webbase.py - DEBUG - 正在定位元素信息：定位方式->id, value值->j_password
2021-11-17 21:27:43,938 - webbase.py - DEBUG - 定位元素('id', 'j_password')成功
2021-11-17 21:27:44,005 - webbase.py - DEBUG - send keys hrloo.com 成功
2021-11-17 21:27:44,072 - webbase.py - DEBUG - click ['id', 'j_loginbtn'] 成功
2021-11-17 21:27:44,072 - sanmao_login.py - INFO - 三茅登录结束
2021-11-17 21:27:48,101 - webbase.py - DEBUG - click ['xpath', ".//div[@class='aimg']/a[1]/following-sibling::a[1]"] 成功
2021-11-17 21:33:54,800 - sanmao_login.py - INFO - 三茅登录开始
2021-11-17 21:34:01,815 - webbase.py - DEBUG - 浏览器访问请求地址：https://passport.hrloo.com/user/login?referer=https%3A%2F%2Fwww.hrloo.com&wx_check_login=no_check
2021-11-17 21:34:01,890 - webbase.py - DEBUG - click ['xpath', ".//div[@class ='new-login-tab']/span[2]"] 成功
2021-11-17 21:34:01,890 - webbase.py - DEBUG - 正在定位元素信息：定位方式->xpath, value值->.//p[@class='ps-username fn-login-input-item']/input[1]
2021-11-17 21:34:01,901 - webbase.py - DEBUG - 定位元素('xpath', ".//p[@class='ps-username fn-login-input-item']/input[1]")成功
2021-11-17 21:34:02,422 - webbase.py - DEBUG - send keys 2008932277 成功
2021-11-17 21:34:02,422 - webbase.py - DEBUG - 正在定位元素信息：定位方式->id, value值->j_password
2021-11-17 21:34:02,433 - webbase.py - DEBUG - 定位元素('id', 'j_password')成功
2021-11-17 21:34:02,488 - webbase.py - DEBUG - send keys hrloo.com 成功
2021-11-17 21:34:02,554 - webbase.py - DEBUG - click ['id', 'j_loginbtn'] 成功
2021-11-17 21:34:02,554 - sanmao_login.py - INFO - 三茅登录结束
2021-11-17 21:34:13,673 - webbase.py - DEBUG - click ['xpath', ".//div[@class='aimg']/a[1]/following-sibling::a[1]"] 成功
2021-11-17 21:34:44,724 - sanmao_login.py - INFO - 三茅登录开始
2021-11-17 21:34:52,171 - webbase.py - DEBUG - 浏览器访问请求地址：https://passport.hrloo.com/user/login?referer=https%3A%2F%2Fwww.hrloo.com&wx_check_login=no_check
2021-11-17 21:34:52,250 - webbase.py - DEBUG - click ['xpath', ".//div[@class ='new-login-tab']/span[2]"] 成功
2021-11-17 21:34:52,251 - webbase.py - DEBUG - 正在定位元素信息：定位方式->xpath, value值->.//p[@class='ps-username fn-login-input-item']/input[1]
2021-11-17 21:34:52,261 - webbase.py - DEBUG - 定位元素('xpath', ".//p[@class='ps-username fn-login-input-item']/input[1]")成功
2021-11-17 21:34:52,787 - webbase.py - DEBUG - send keys 2008932277 成功
2021-11-17 21:34:52,787 - webbase.py - DEBUG - 正在定位元素信息：定位方式->id, value值->j_password
2021-11-17 21:34:52,799 - webbase.py - DEBUG - 定位元素('id', 'j_password')成功
2021-11-17 21:34:52,864 - webbase.py - DEBUG - send keys hrloo.com 成功
2021-11-17 21:34:52,935 - webbase.py - DEBUG - click ['id', 'j_loginbtn'] 成功
2021-11-17 21:34:52,935 - sanmao_login.py - INFO - 三茅登录结束
2021-11-17 21:35:05,792 - webbase.py - DEBUG - click ['xpath', ".//div[@class='nsh-w-left']/a[6]"] 成功
2021-11-17 21:35:08,825 - sanmao_login.py - INFO - 三茅登录开始
2021-11-17 21:35:16,334 - webbase.py - DEBUG - 浏览器访问请求地址：https://passport.hrloo.com/user/login?referer=https%3A%2F%2Fwww.hrloo.com&wx_check_login=no_check
2021-11-17 21:35:16,400 - webbase.py - DEBUG - click ['xpath', ".//div[@class ='new-login-tab']/span[2]"] 成功
2021-11-17 21:35:16,400 - webbase.py - DEBUG - 正在定位元素信息：定位方式->xpath, value值->.//p[@class='ps-username fn-login-input-item']/input[1]
2021-11-17 21:35:16,411 - webbase.py - DEBUG - 定位元素('xpath', ".//p[@class='ps-username fn-login-input-item']/input[1]")成功
2021-11-17 21:35:16,930 - webbase.py - DEBUG - send keys 2008932277 成功
2021-11-17 21:35:16,930 - webbase.py - DEBUG - 正在定位元素信息：定位方式->id, value值->j_password
2021-11-17 21:35:16,939 - webbase.py - DEBUG - 定位元素('id', 'j_password')成功
2021-11-17 21:35:17,005 - webbase.py - DEBUG - send keys hrloo.com 成功
2021-11-17 21:35:17,066 - webbase.py - DEBUG - click ['id', 'j_loginbtn'] 成功
2021-11-17 21:35:17,066 - sanmao_login.py - INFO - 三茅登录结束
2021-11-17 21:35:18,970 - webbase.py - DEBUG - click ['xpath', ".//div[@class='aimg']/a[1]/following-sibling::a[1]"] 成功
2021-11-17 21:45:01,424 - sanmao_login.py - INFO - 三茅登录开始
2021-11-17 21:45:10,488 - webbase.py - DEBUG - 浏览器访问请求地址：https://passport.hrloo.com/user/login?referer=https%3A%2F%2Fwww.hrloo.com&wx_check_login=no_check
2021-11-17 21:45:10,564 - webbase.py - DEBUG - click ['xpath', ".//div[@class ='new-login-tab']/span[2]"] 成功
2021-11-17 21:45:10,565 - webbase.py - DEBUG - 正在定位元素信息：定位方式->xpath, value值->.//p[@class='ps-username fn-login-input-item']/input[1]
2021-11-17 21:45:10,576 - webbase.py - DEBUG - 定位元素('xpath', ".//p[@class='ps-username fn-login-input-item']/input[1]")成功
2021-11-17 21:45:10,608 - webbase.py - ERROR - send keys 2008932277 失败
2021-11-17 21:47:45,280 - sanmao_login.py - INFO - 三茅登录开始
2021-11-17 21:47:53,070 - webbase.py - DEBUG - 浏览器访问请求地址：https://passport.hrloo.com/user/login?referer=https%3A%2F%2Fwww.hrloo.com&wx_check_login=no_check
2021-11-17 21:47:53,146 - webbase.py - DEBUG - click ['xpath', ".//div[@class ='new-login-tab']/span[2]"] 成功
2021-11-17 21:47:53,146 - webbase.py - DEBUG - 正在定位元素信息：定位方式->xpath, value值->.//p[@class='ps-username fn-login-input-item']/input[1]
2021-11-17 21:47:53,156 - webbase.py - DEBUG - 定位元素('xpath', ".//p[@class='ps-username fn-login-input-item']/input[1]")成功
2021-11-17 21:47:53,189 - webbase.py - ERROR - send keys 2008932277 失败
2021-11-17 21:48:29,539 - sanmao_login.py - INFO - 三茅登录开始
2021-11-17 21:48:37,213 - webbase.py - DEBUG - 浏览器访问请求地址：https://passport.hrloo.com/user/login?referer=https%3A%2F%2Fwww.hrloo.com&wx_check_login=no_check
2021-11-17 21:48:37,292 - webbase.py - DEBUG - click ['xpath', ".//div[@class ='new-login-tab']/span[2]"] 成功
2021-11-17 21:48:37,293 - webbase.py - DEBUG - 正在定位元素信息：定位方式->xpath, value值->.//p[@class='ps-username fn-login-input-item']/input[1]
2021-11-17 21:48:37,304 - webbase.py - DEBUG - 定位元素('xpath', ".//p[@class='ps-username fn-login-input-item']/input[1]")成功
2021-11-17 21:48:37,828 - webbase.py - DEBUG - send keys 2008932277 成功
2021-11-17 21:48:37,828 - webbase.py - DEBUG - 正在定位元素信息：定位方式->id, value值->j_password
2021-11-17 21:48:37,839 - webbase.py - DEBUG - 定位元素('id', 'j_password')成功
2021-11-17 21:48:37,906 - webbase.py - DEBUG - send keys hrloo.com 成功
2021-11-17 21:48:37,975 - webbase.py - DEBUG - click ['id', 'j_loginbtn'] 成功
2021-11-17 21:48:37,975 - sanmao_login.py - INFO - 三茅登录结束
2021-11-17 21:48:45,865 - webbase.py - DEBUG - click ['xpath', ".//div[@class='nsh-w-left']/a[6]"] 成功
2021-11-17 21:49:15,967 - sanmao_login.py - INFO - 三茅登录开始
2021-11-17 21:49:22,855 - webbase.py - DEBUG - 浏览器访问请求地址：https://passport.hrloo.com/user/login?referer=https%3A%2F%2Fwww.hrloo.com&wx_check_login=no_check
2021-11-17 21:49:22,930 - webbase.py - DEBUG - click ['xpath', ".//div[@class ='new-login-tab']/span[2]"] 成功
2021-11-17 21:49:22,932 - webbase.py - DEBUG - 正在定位元素信息：定位方式->xpath, value值->.//p[@class='ps-username fn-login-input-item']/input[1]
2021-11-17 21:49:22,942 - webbase.py - DEBUG - 定位元素('xpath', ".//p[@class='ps-username fn-login-input-item']/input[1]")成功
2021-11-17 21:49:23,472 - webbase.py - DEBUG - send keys 2008932277 成功
2021-11-17 21:49:23,472 - webbase.py - DEBUG - 正在定位元素信息：定位方式->id, value值->j_password
2021-11-17 21:49:23,484 - webbase.py - DEBUG - 定位元素('id', 'j_password')成功
2021-11-17 21:49:23,548 - webbase.py - DEBUG - send keys hrloo.com 成功
2021-11-17 21:49:23,617 - webbase.py - DEBUG - click ['id', 'j_loginbtn'] 成功
2021-11-17 21:49:23,617 - sanmao_login.py - INFO - 三茅登录结束
2021-11-17 21:49:42,834 - sanmao_login.py - INFO - 三茅登录开始
2021-11-17 21:49:51,565 - webbase.py - DEBUG - 浏览器访问请求地址：https://passport.hrloo.com/user/login?referer=https%3A%2F%2Fwww.hrloo.com&wx_check_login=no_check
2021-11-17 21:49:51,644 - webbase.py - DEBUG - click ['xpath', ".//div[@class ='new-login-tab']/span[2]"] 成功
2021-11-17 21:49:51,645 - webbase.py - DEBUG - 正在定位元素信息：定位方式->xpath, value值->.//p[@class='ps-username fn-login-input-item']/input[1]
2021-11-17 21:49:51,657 - webbase.py - DEBUG - 定位元素('xpath', ".//p[@class='ps-username fn-login-input-item']/input[1]")成功
2021-11-17 21:49:52,178 - webbase.py - DEBUG - send keys 2008932277 成功
2021-11-17 21:49:52,178 - webbase.py - DEBUG - 正在定位元素信息：定位方式->id, value值->j_password
2021-11-17 21:49:52,190 - webbase.py - DEBUG - 定位元素('id', 'j_password')成功
2021-11-17 21:49:52,256 - webbase.py - DEBUG - send keys hrloo.com 成功
2021-11-17 21:49:52,331 - webbase.py - DEBUG - click ['id', 'j_loginbtn'] 成功
2021-11-17 21:49:52,331 - sanmao_login.py - INFO - 三茅登录结束
2021-11-17 21:50:04,874 - webbase.py - DEBUG - click ['xpath', ".//div[@class='aimg']/a[1]/following-sibling::a[1]"] 成功
2021-11-17 21:50:19,510 - sanmao_login.py - INFO - 三茅登录开始
2021-11-17 21:50:28,010 - webbase.py - DEBUG - 浏览器访问请求地址：https://passport.hrloo.com/user/login?referer=https%3A%2F%2Fwww.hrloo.com&wx_check_login=no_check
2021-11-17 21:50:28,088 - webbase.py - DEBUG - click ['xpath', ".//div[@class ='new-login-tab']/span[2]"] 成功
2021-11-17 21:50:28,088 - webbase.py - DEBUG - 正在定位元素信息：定位方式->xpath, value值->.//p[@class='ps-username fn-login-input-item']/input[1]
2021-11-17 21:50:28,099 - webbase.py - DEBUG - 定位元素('xpath', ".//p[@class='ps-username fn-login-input-item']/input[1]")成功
2021-11-17 21:50:28,626 - webbase.py - DEBUG - send keys 2008932277 成功
2021-11-17 21:50:28,626 - webbase.py - DEBUG - 正在定位元素信息：定位方式->id, value值->j_password
2021-11-17 21:50:28,636 - webbase.py - DEBUG - 定位元素('id', 'j_password')成功
2021-11-17 21:50:28,707 - webbase.py - DEBUG - send keys hrloo.com 成功
2021-11-17 21:50:28,778 - webbase.py - DEBUG - click ['id', 'j_loginbtn'] 成功
2021-11-17 21:50:28,778 - sanmao_login.py - INFO - 三茅登录结束
2021-11-17 21:50:51,675 - webbase.py - DEBUG - click ['xpath', ".//div[@class='nsh-w-left']/a[6]"] 成功
2021-11-17 21:50:54,720 - sanmao_login.py - INFO - 三茅登录开始
2021-11-17 21:51:05,907 - webbase.py - DEBUG - 浏览器访问请求地址：https://passport.hrloo.com/user/login?referer=https%3A%2F%2Fwww.hrloo.com&wx_check_login=no_check
2021-11-17 21:51:05,967 - webbase.py - DEBUG - click ['xpath', ".//div[@class ='new-login-tab']/span[2]"] 成功
2021-11-17 21:51:05,967 - webbase.py - DEBUG - 正在定位元素信息：定位方式->xpath, value值->.//p[@class='ps-username fn-login-input-item']/input[1]
2021-11-17 21:51:05,978 - webbase.py - DEBUG - 定位元素('xpath', ".//p[@class='ps-username fn-login-input-item']/input[1]")成功
2021-11-17 21:51:06,505 - webbase.py - DEBUG - send keys 2008932277 成功
2021-11-17 21:51:06,505 - webbase.py - DEBUG - 正在定位元素信息：定位方式->id, value值->j_password
2021-11-17 21:51:06,514 - webbase.py - DEBUG - 定位元素('id', 'j_password')成功
2021-11-17 21:51:06,580 - webbase.py - DEBUG - send keys hrloo.com 成功
2021-11-17 21:51:06,644 - webbase.py - DEBUG - click ['id', 'j_loginbtn'] 成功
2021-11-17 21:51:06,644 - sanmao_login.py - INFO - 三茅登录结束
2021-11-17 21:51:09,392 - webbase.py - DEBUG - click ['xpath', ".//div[@class='aimg']/a[1]/following-sibling::a[1]"] 成功
2021-11-17 21:59:51,899 - sanmao_login.py - INFO - 三茅登录开始
2021-11-17 22:00:19,213 - webbase.py - DEBUG - 浏览器访问请求地址：https://passport.hrloo.com/user/login?referer=https%3A%2F%2Fwww.hrloo.com&wx_check_login=no_check
2021-11-17 22:00:21,509 - webbase.py - ERROR - click ['xpath', ".//div[@class ='new-login-tab']/span[2]"] 失败
2021-11-17 22:00:21,931 - sanmao_login.py - INFO - 三茅登录开始
