2021-11-15 11:00:55,422 - webbase.py - DEBUG - click ['xpath', ".//div[@class ='new-login-tab']/span[2]"] 成功
2021-11-15 11:00:55,422 - webbase.py - DEBUG - 正在定位元素信息：定位方式->xpath, value值->.//p[@class='ps-username fn-login-input-item']/input[1]
2021-11-15 11:00:55,430 - webbase.py - DEBUG - 定位元素('xpath', ".//p[@class='ps-username fn-login-input-item']/input[1]")成功
2021-11-15 11:00:55,946 - webbase.py - DEBUG - send keys 1907753493 成功
2021-11-15 11:00:55,946 - webbase.py - DEBUG - 正在定位元素信息：定位方式->id, value值->j_password
2021-11-15 11:00:55,955 - webbase.py - DEBUG - 定位元素('id', 'j_password')成功
2021-11-15 11:00:56,005 - webbase.py - DEBUG - send keys hrloo.com 成功
2021-11-15 11:00:56,061 - webbase.py - DEBUG - click ['id', 'j_loginbtn'] 成功
2021-11-15 11:02:23,854 - webbase.py - DEBUG - click ['xpath', ".//div[@class ='new-login-tab']/span[2]"] 成功
2021-11-15 11:02:23,855 - webbase.py - DEBUG - 正在定位元素信息：定位方式->xpath, value值->.//p[@class='ps-username fn-login-input-item']/input[1]
2021-11-15 11:02:23,863 - webbase.py - DEBUG - 定位元素('xpath', ".//p[@class='ps-username fn-login-input-item']/input[1]")成功
2021-11-15 11:02:24,354 - webbase.py - DEBUG - send keys 1907753493 成功
2021-11-15 11:02:24,354 - webbase.py - DEBUG - 正在定位元素信息：定位方式->id, value值->j_password
2021-11-15 11:02:24,362 - webbase.py - DEBUG - 定位元素('id', 'j_password')成功
2021-11-15 11:02:24,416 - webbase.py - DEBUG - send keys hrloo.com 成功
2021-11-15 11:02:24,472 - webbase.py - DEBUG - click ['id', 'j_loginbtn'] 成功
2021-11-15 11:06:04,904 - webbase.py - DEBUG - click ['xpath', ".//div[@class ='new-login-tab']/span[2]"] 成功
2021-11-15 11:06:04,905 - webbase.py - DEBUG - 正在定位元素信息：定位方式->xpath, value值->.//p[@class='ps-username fn-login-input-item']/input[1]
2021-11-15 11:06:04,913 - webbase.py - DEBUG - 定位元素('xpath', ".//p[@class='ps-username fn-login-input-item']/input[1]")成功
2021-11-15 11:06:05,404 - webbase.py - DEBUG - send keys 1907753493 成功
2021-11-15 11:06:05,404 - webbase.py - DEBUG - 正在定位元素信息：定位方式->id, value值->j_password
2021-11-15 11:06:05,412 - webbase.py - DEBUG - 定位元素('id', 'j_password')成功
2021-11-15 11:06:05,464 - webbase.py - DEBUG - send keys hrloo.com 成功
2021-11-15 11:06:05,546 - webbase.py - DEBUG - click ['id', 'j_loginbtn'] 成功
2021-11-15 11:07:44,223 - webbase.py - DEBUG - click ['xpath', ".//div[@class ='new-login-tab']/span[2]"] 成功
2021-11-15 11:07:44,223 - webbase.py - DEBUG - 正在定位元素信息：定位方式->xpath, value值->.//p[@class='ps-username fn-login-input-item']/input[1]
2021-11-15 11:07:44,232 - webbase.py - DEBUG - 定位元素('xpath', ".//p[@class='ps-username fn-login-input-item']/input[1]")成功
2021-11-15 11:07:44,726 - webbase.py - DEBUG - send keys 1907753493 成功
2021-11-15 11:07:44,726 - webbase.py - DEBUG - 正在定位元素信息：定位方式->id, value值->j_password
2021-11-15 11:07:44,734 - webbase.py - DEBUG - 定位元素('id', 'j_password')成功
2021-11-15 11:07:44,786 - webbase.py - DEBUG - send keys hrloo.com 成功
2021-11-15 11:07:44,843 - webbase.py - DEBUG - click ['id', 'j_loginbtn'] 成功
2021-11-15 11:07:52,288 - guibase.py - DEBUG - 查找对象2存在
2021-11-15 11:07:53,317 - guibase.py - DEBUG - 移动到图片 2 位置True, 点击:Point(x=1401, y=378) 成功
2021-11-15 11:11:27,326 - webbase.py - DEBUG - click ['xpath', ".//div[@class ='new-login-tab']/span[2]"] 成功
2021-11-15 11:11:27,326 - webbase.py - DEBUG - 正在定位元素信息：定位方式->xpath, value值->.//p[@class='ps-username fn-login-input-item']/input[1]
2021-11-15 11:11:27,335 - webbase.py - DEBUG - 定位元素('xpath', ".//p[@class='ps-username fn-login-input-item']/input[1]")成功
2021-11-15 11:11:27,825 - webbase.py - DEBUG - send keys 110300554 成功
2021-11-15 11:11:27,825 - webbase.py - DEBUG - 正在定位元素信息：定位方式->id, value值->j_password
2021-11-15 11:11:27,833 - webbase.py - DEBUG - 定位元素('id', 'j_password')成功
2021-11-15 11:11:27,881 - webbase.py - DEBUG - send keys hrloo.com 成功
2021-11-15 11:11:27,956 - webbase.py - DEBUG - click ['id', 'j_loginbtn'] 成功
2021-11-15 11:11:28,629 - webbase.py - DEBUG - click ['xpath', ".//div[@class='nsh-w-left']/a[6]"] 成功
2021-11-15 11:11:32,040 - guibase.py - DEBUG - 鼠标偏移837,591
2021-11-15 11:11:32,040 - guibase.py - DEBUG - 鼠标偏移837,591
2021-11-15 11:11:32,040 - guibase.py - DEBUG - 鼠标偏移837,591
2021-11-15 11:11:34,247 - webbase.py - DEBUG - click ['xpath', ".//div[@class='hr-course-item-global-style swiper-slide']/a[@title='N1-薪酬&绩效体系设计与变革-双料全能研修证书班']"] 成功
2021-11-15 11:11:40,385 - webbase.py - DEBUG - 只查询：查询元素('xpath', ".//div[@class='product-btns']/a[text()='立即学习']") 不存在
2021-11-15 11:11:43,472 - webbase.py - DEBUG - click ['xpath', ".//div[@class='product-btns']/a[@class='ui-btn1 ui-buy-btn fn-buy-btn' and @title='立即购买' and text()='立即购买']"] 成功
2021-11-15 11:11:46,534 - webbase.py - DEBUG - click ['xpath', ".//a[contains(@title,'立即支付')]"] 成功
2021-11-15 11:11:52,693 - guibase.py - DEBUG - 查找对象browser存在
2021-11-15 11:11:52,693 - guibase.py - DEBUG - 查找对象browser存在
2021-11-15 11:11:52,693 - guibase.py - DEBUG - 查找对象browser存在
2021-11-15 11:11:53,917 - guibase.py - DEBUG - 查找图片browser, 位置Point(x=1866, y=50), 偏移(-150, 0),点击True, 成功
2021-11-15 11:11:53,917 - guibase.py - DEBUG - 查找图片browser, 位置Point(x=1866, y=50), 偏移(-150, 0),点击True, 成功
2021-11-15 11:11:53,917 - guibase.py - DEBUG - 查找图片browser, 位置Point(x=1866, y=50), 偏移(-150, 0),点击True, 成功
2021-11-15 11:11:54,033 - guibase.py - DEBUG - 文本框输入https://www.hrloo.com/hr/product/order/pay_nofity?orderid=2020053015908185564491
2021-11-15 11:11:54,033 - guibase.py - DEBUG - 文本框输入https://www.hrloo.com/hr/product/order/pay_nofity?orderid=2020053015908185564491
2021-11-15 11:11:54,033 - guibase.py - DEBUG - 文本框输入https://www.hrloo.com/hr/product/order/pay_nofity?orderid=2020053015908185564491
2021-11-15 11:11:55,034 - guibase.py - DEBUG - 执行快捷键('Enter',)
2021-11-15 11:11:55,034 - guibase.py - DEBUG - 执行快捷键('Enter',)
2021-11-15 11:11:55,034 - guibase.py - DEBUG - 执行快捷键('Enter',)
2021-11-15 11:11:55,213 - guibase.py - DEBUG - 查找对象google存在
2021-11-15 11:11:55,213 - guibase.py - DEBUG - 查找对象google存在
2021-11-15 11:11:55,213 - guibase.py - DEBUG - 查找对象google存在
2021-11-15 11:11:56,451 - guibase.py - DEBUG - 查找图片google, 位置Point(x=907, y=1060), 偏移(-150, 0),点击True, 成功
2021-11-15 11:11:56,451 - guibase.py - DEBUG - 查找图片google, 位置Point(x=907, y=1060), 偏移(-150, 0),点击True, 成功
2021-11-15 11:11:56,451 - guibase.py - DEBUG - 查找图片google, 位置Point(x=907, y=1060), 偏移(-150, 0),点击True, 成功
2021-11-15 11:11:57,455 - guibase.py - DEBUG - 执行快捷键('ctrl', 'c')
2021-11-15 11:11:57,455 - guibase.py - DEBUG - 执行快捷键('ctrl', 'c')
2021-11-15 11:11:57,455 - guibase.py - DEBUG - 执行快捷键('ctrl', 'c')
2021-11-15 11:16:11,716 - webbase.py - DEBUG - click ['xpath', ".//div[@class ='new-login-tab']/span[2]"] 成功
2021-11-15 11:16:11,717 - webbase.py - DEBUG - 正在定位元素信息：定位方式->xpath, value值->.//p[@class='ps-username fn-login-input-item']/input[1]
2021-11-15 11:16:11,726 - webbase.py - DEBUG - 定位元素('xpath', ".//p[@class='ps-username fn-login-input-item']/input[1]")成功
2021-11-15 11:16:12,214 - webbase.py - DEBUG - send keys 110300554 成功
2021-11-15 11:16:12,214 - webbase.py - DEBUG - 正在定位元素信息：定位方式->id, value值->j_password
2021-11-15 11:16:12,223 - webbase.py - DEBUG - 定位元素('id', 'j_password')成功
2021-11-15 11:16:12,272 - webbase.py - DEBUG - send keys hrloo.com 成功
2021-11-15 11:16:12,328 - webbase.py - DEBUG - click ['id', 'j_loginbtn'] 成功
2021-11-15 11:16:13,079 - webbase.py - DEBUG - click ['xpath', ".//div[@class='nsh-w-left']/a[6]"] 成功
2021-11-15 11:16:16,497 - guibase.py - DEBUG - 鼠标偏移837,591
2021-11-15 11:16:16,497 - guibase.py - DEBUG - 鼠标偏移837,591
2021-11-15 11:16:16,497 - guibase.py - DEBUG - 鼠标偏移837,591
2021-11-15 11:16:18,712 - webbase.py - DEBUG - click ['xpath', ".//div[@class='hr-course-item-global-style swiper-slide']/a[@title='N1-薪酬&绩效体系设计与变革-双料全能研修证书班']"] 成功
2021-11-15 11:16:25,093 - webbase.py - DEBUG - 只查询：查询元素('xpath', ".//div[@class='product-btns']/a[text()='立即学习']") 不存在
2021-11-15 11:16:28,177 - webbase.py - DEBUG - click ['xpath', ".//div[@class='product-btns']/a[@class='ui-btn1 ui-buy-btn fn-buy-btn' and @title='立即购买' and text()='立即购买']"] 成功
2021-11-15 11:16:31,239 - webbase.py - DEBUG - click ['xpath', ".//a[contains(@title,'立即支付')]"] 成功
2021-11-15 11:16:37,395 - guibase.py - DEBUG - 查找对象browser存在
2021-11-15 11:16:37,395 - guibase.py - DEBUG - 查找对象browser存在
2021-11-15 11:16:37,395 - guibase.py - DEBUG - 查找对象browser存在
2021-11-15 11:16:38,619 - guibase.py - DEBUG - 查找图片browser, 位置Point(x=1866, y=50), 偏移(-150, 0),点击True, 成功
2021-11-15 11:16:38,619 - guibase.py - DEBUG - 查找图片browser, 位置Point(x=1866, y=50), 偏移(-150, 0),点击True, 成功
2021-11-15 11:16:38,619 - guibase.py - DEBUG - 查找图片browser, 位置Point(x=1866, y=50), 偏移(-150, 0),点击True, 成功
2021-11-15 11:16:38,753 - guibase.py - DEBUG - 文本框输入https://www.hrloo.com/hr/product/order/pay_nofity?orderid=2020053015908185564491
2021-11-15 11:16:38,753 - guibase.py - DEBUG - 文本框输入https://www.hrloo.com/hr/product/order/pay_nofity?orderid=2020053015908185564491
2021-11-15 11:16:38,753 - guibase.py - DEBUG - 文本框输入https://www.hrloo.com/hr/product/order/pay_nofity?orderid=2020053015908185564491
2021-11-15 11:16:39,754 - guibase.py - DEBUG - 执行快捷键('Enter',)
2021-11-15 11:16:39,754 - guibase.py - DEBUG - 执行快捷键('Enter',)
2021-11-15 11:16:39,754 - guibase.py - DEBUG - 执行快捷键('Enter',)
2021-11-15 11:16:39,940 - guibase.py - DEBUG - 查找对象orderid存在
2021-11-15 11:16:39,940 - guibase.py - DEBUG - 查找对象orderid存在
2021-11-15 11:16:39,940 - guibase.py - DEBUG - 查找对象orderid存在
2021-11-15 11:16:41,167 - guibase.py - DEBUG - 查找图片orderid, 位置Point(x=1866, y=50), 偏移(-150, 0),点击True, 成功
2021-11-15 11:16:41,167 - guibase.py - DEBUG - 查找图片orderid, 位置Point(x=1866, y=50), 偏移(-150, 0),点击True, 成功
2021-11-15 11:16:41,167 - guibase.py - DEBUG - 查找图片orderid, 位置Point(x=1866, y=50), 偏移(-150, 0),点击True, 成功
2021-11-15 11:16:42,168 - guibase.py - DEBUG - 执行快捷键('ctrl', 'c')
2021-11-15 11:16:42,168 - guibase.py - DEBUG - 执行快捷键('ctrl', 'c')
2021-11-15 11:16:42,168 - guibase.py - DEBUG - 执行快捷键('ctrl', 'c')
2021-11-15 11:17:44,677 - webbase.py - DEBUG - click ['xpath', ".//div[@class ='new-login-tab']/span[2]"] 成功
2021-11-15 11:17:44,677 - webbase.py - DEBUG - 正在定位元素信息：定位方式->xpath, value值->.//p[@class='ps-username fn-login-input-item']/input[1]
2021-11-15 11:17:44,687 - webbase.py - DEBUG - 定位元素('xpath', ".//p[@class='ps-username fn-login-input-item']/input[1]")成功
2021-11-15 11:17:45,175 - webbase.py - DEBUG - send keys 110300554 成功
2021-11-15 11:17:45,175 - webbase.py - DEBUG - 正在定位元素信息：定位方式->id, value值->j_password
2021-11-15 11:17:45,184 - webbase.py - DEBUG - 定位元素('id', 'j_password')成功
2021-11-15 11:17:45,237 - webbase.py - DEBUG - send keys hrloo.com 成功
2021-11-15 11:17:45,293 - webbase.py - DEBUG - click ['id', 'j_loginbtn'] 成功
2021-11-15 11:17:46,058 - webbase.py - DEBUG - click ['xpath', ".//div[@class='nsh-w-left']/a[6]"] 成功
2021-11-15 11:17:49,468 - guibase.py - DEBUG - 鼠标偏移837,591
2021-11-15 11:17:49,468 - guibase.py - DEBUG - 鼠标偏移837,591
2021-11-15 11:17:49,468 - guibase.py - DEBUG - 鼠标偏移837,591
2021-11-15 11:17:51,691 - webbase.py - DEBUG - click ['xpath', ".//div[@class='hr-course-item-global-style swiper-slide']/a[@title='薪酬体系设计与薪酬变革全能研修班']"] 成功
2021-11-15 11:17:59,947 - webbase.py - DEBUG - 只查询：查询元素('xpath', ".//div[@class='product-btns']/a[text()='立即学习']") 不存在
2021-11-15 11:18:03,062 - webbase.py - DEBUG - click ['xpath', ".//div[@class='product-btns']/a[@class='ui-btn1 ui-buy-btn fn-buy-btn' and @title='立即购买' and text()='立即购买']"] 成功
2021-11-15 11:18:06,132 - webbase.py - DEBUG - click ['xpath', ".//a[contains(@title,'立即支付')]"] 成功
2021-11-15 11:18:12,313 - guibase.py - DEBUG - 查找对象browser存在
2021-11-15 11:18:12,313 - guibase.py - DEBUG - 查找对象browser存在
2021-11-15 11:18:12,313 - guibase.py - DEBUG - 查找对象browser存在
2021-11-15 11:18:13,536 - guibase.py - DEBUG - 查找图片browser, 位置Point(x=1866, y=50), 偏移(-150, 0),点击True, 成功
2021-11-15 11:18:13,536 - guibase.py - DEBUG - 查找图片browser, 位置Point(x=1866, y=50), 偏移(-150, 0),点击True, 成功
2021-11-15 11:18:13,536 - guibase.py - DEBUG - 查找图片browser, 位置Point(x=1866, y=50), 偏移(-150, 0),点击True, 成功
2021-11-15 11:18:13,652 - guibase.py - DEBUG - 文本框输入https://www.hrloo.com/hr/product/order/pay_nofity?orderid=2020053015908185564491
2021-11-15 11:18:13,652 - guibase.py - DEBUG - 文本框输入https://www.hrloo.com/hr/product/order/pay_nofity?orderid=2020053015908185564491
2021-11-15 11:18:13,652 - guibase.py - DEBUG - 文本框输入https://www.hrloo.com/hr/product/order/pay_nofity?orderid=2020053015908185564491
2021-11-15 11:18:14,654 - guibase.py - DEBUG - 执行快捷键('Enter',)
2021-11-15 11:18:14,654 - guibase.py - DEBUG - 执行快捷键('Enter',)
2021-11-15 11:18:14,654 - guibase.py - DEBUG - 执行快捷键('Enter',)
2021-11-15 11:18:14,808 - guibase.py - DEBUG - 查找对象orderid存在
2021-11-15 11:18:14,808 - guibase.py - DEBUG - 查找对象orderid存在
2021-11-15 11:18:14,808 - guibase.py - DEBUG - 查找对象orderid存在
2021-11-15 11:18:16,019 - guibase.py - DEBUG - 查找图片orderid, 位置Point(x=1866, y=50), 偏移(-150, 0),点击True, 成功
2021-11-15 11:18:16,019 - guibase.py - DEBUG - 查找图片orderid, 位置Point(x=1866, y=50), 偏移(-150, 0),点击True, 成功
2021-11-15 11:18:16,019 - guibase.py - DEBUG - 查找图片orderid, 位置Point(x=1866, y=50), 偏移(-150, 0),点击True, 成功
2021-11-15 11:18:17,019 - guibase.py - DEBUG - 执行快捷键('ctrl', 'c')
2021-11-15 11:18:17,019 - guibase.py - DEBUG - 执行快捷键('ctrl', 'c')
2021-11-15 11:18:17,019 - guibase.py - DEBUG - 执行快捷键('ctrl', 'c')
2021-11-15 11:19:56,015 - webbase.py - DEBUG - click ['xpath', ".//div[@class ='new-login-tab']/span[2]"] 成功
2021-11-15 11:19:56,015 - webbase.py - DEBUG - 正在定位元素信息：定位方式->xpath, value值->.//p[@class='ps-username fn-login-input-item']/input[1]
2021-11-15 11:19:56,023 - webbase.py - DEBUG - 定位元素('xpath', ".//p[@class='ps-username fn-login-input-item']/input[1]")成功
2021-11-15 11:19:56,621 - webbase.py - DEBUG - send keys 110300554 成功
2021-11-15 11:19:56,621 - webbase.py - DEBUG - 正在定位元素信息：定位方式->id, value值->j_password
2021-11-15 11:19:56,632 - webbase.py - DEBUG - 定位元素('id', 'j_password')成功
2021-11-15 11:19:56,688 - webbase.py - DEBUG - send keys hrloo.com 成功
2021-11-15 11:19:56,745 - webbase.py - DEBUG - click ['id', 'j_loginbtn'] 成功
2021-11-15 11:19:57,444 - webbase.py - DEBUG - click ['xpath', ".//div[@class='nsh-w-left']/a[6]"] 成功
2021-11-15 11:20:00,855 - guibase.py - DEBUG - 鼠标偏移837,591
2021-11-15 11:20:00,855 - guibase.py - DEBUG - 鼠标偏移837,591
2021-11-15 11:20:00,855 - guibase.py - DEBUG - 鼠标偏移837,591
2021-11-15 11:20:03,069 - webbase.py - DEBUG - click ['xpath', ".//div[@class='hr-course-item-global-style swiper-slide']/a[@title='薪酬体系设计与薪酬变革全能研修班']"] 成功
2021-11-15 11:20:10,195 - webbase.py - DEBUG - 只查询：查询元素('xpath', ".//div[@class='product-btns']/a[text()='立即学习']") 不存在
2021-11-15 11:20:13,304 - webbase.py - DEBUG - click ['xpath', ".//div[@class='product-btns']/a[@class='ui-btn1 ui-buy-btn fn-buy-btn' and @title='立即购买' and text()='立即购买']"] 成功
2021-11-15 11:20:16,371 - webbase.py - DEBUG - click ['xpath', ".//a[contains(@title,'立即支付')]"] 成功
2021-11-15 11:20:22,560 - guibase.py - DEBUG - 查找对象browser存在
2021-11-15 11:20:22,560 - guibase.py - DEBUG - 查找对象browser存在
2021-11-15 11:20:22,560 - guibase.py - DEBUG - 查找对象browser存在
2021-11-15 11:20:23,785 - guibase.py - DEBUG - 查找图片browser, 位置Point(x=1866, y=50), 偏移(-150, 0),点击True, 成功
2021-11-15 11:20:23,785 - guibase.py - DEBUG - 查找图片browser, 位置Point(x=1866, y=50), 偏移(-150, 0),点击True, 成功
2021-11-15 11:20:23,785 - guibase.py - DEBUG - 查找图片browser, 位置Point(x=1866, y=50), 偏移(-150, 0),点击True, 成功
2021-11-15 11:20:23,901 - guibase.py - DEBUG - 文本框输入https://www.hrloo.com/hr/product/order/pay_nofity?orderid=2020053015908185564491
2021-11-15 11:20:23,901 - guibase.py - DEBUG - 文本框输入https://www.hrloo.com/hr/product/order/pay_nofity?orderid=2020053015908185564491
2021-11-15 11:20:23,901 - guibase.py - DEBUG - 文本框输入https://www.hrloo.com/hr/product/order/pay_nofity?orderid=2020053015908185564491
2021-11-15 11:20:24,904 - guibase.py - DEBUG - 执行快捷键('Enter',)
2021-11-15 11:20:24,904 - guibase.py - DEBUG - 执行快捷键('Enter',)
2021-11-15 11:20:24,904 - guibase.py - DEBUG - 执行快捷键('Enter',)
2021-11-15 11:20:25,056 - guibase.py - DEBUG - 查找对象orderid存在
2021-11-15 11:20:25,056 - guibase.py - DEBUG - 查找对象orderid存在
2021-11-15 11:20:25,056 - guibase.py - DEBUG - 查找对象orderid存在
2021-11-15 11:20:26,286 - guibase.py - DEBUG - 查找图片orderid, 位置Point(x=1866, y=50), 偏移(-150, 0),点击True, 成功
2021-11-15 11:20:26,286 - guibase.py - DEBUG - 查找图片orderid, 位置Point(x=1866, y=50), 偏移(-150, 0),点击True, 成功
2021-11-15 11:20:26,286 - guibase.py - DEBUG - 查找图片orderid, 位置Point(x=1866, y=50), 偏移(-150, 0),点击True, 成功
2021-11-15 11:20:27,286 - guibase.py - DEBUG - 执行快捷键('ctrl', 'c')
2021-11-15 11:20:27,286 - guibase.py - DEBUG - 执行快捷键('ctrl', 'c')
2021-11-15 11:20:27,286 - guibase.py - DEBUG - 执行快捷键('ctrl', 'c')
2021-11-15 11:20:33,443 - guibase.py - DEBUG - 查找对象browser存在
2021-11-15 11:20:33,443 - guibase.py - DEBUG - 查找对象browser存在
2021-11-15 11:20:33,443 - guibase.py - DEBUG - 查找对象browser存在
2021-11-15 11:20:34,668 - guibase.py - DEBUG - 查找图片browser, 位置Point(x=1866, y=50), 偏移(-150, 0),点击True, 成功
2021-11-15 11:20:34,668 - guibase.py - DEBUG - 查找图片browser, 位置Point(x=1866, y=50), 偏移(-150, 0),点击True, 成功
2021-11-15 11:20:34,668 - guibase.py - DEBUG - 查找图片browser, 位置Point(x=1866, y=50), 偏移(-150, 0),点击True, 成功
2021-11-15 11:20:35,669 - guibase.py - DEBUG - 执行快捷键('ctrl', 'v')
2021-11-15 11:20:35,669 - guibase.py - DEBUG - 执行快捷键('ctrl', 'v')
2021-11-15 11:20:35,669 - guibase.py - DEBUG - 执行快捷键('ctrl', 'v')
2021-11-15 11:20:36,670 - guibase.py - DEBUG - 执行快捷键('Enter',)
2021-11-15 11:20:36,670 - guibase.py - DEBUG - 执行快捷键('Enter',)
2021-11-15 11:20:36,670 - guibase.py - DEBUG - 执行快捷键('Enter',)
2021-11-15 11:20:39,691 - webbase.py - DEBUG - 正在定位元素信息：定位方式->xpath, value值->.//div[@class='overly '] /div[1]/h1[1]
2021-11-15 11:21:14,258 - webbase.py - DEBUG - click ['xpath', ".//div[@class ='new-login-tab']/span[2]"] 成功
2021-11-15 11:21:14,258 - webbase.py - DEBUG - 正在定位元素信息：定位方式->xpath, value值->.//p[@class='ps-username fn-login-input-item']/input[1]
2021-11-15 11:21:14,266 - webbase.py - DEBUG - 定位元素('xpath', ".//p[@class='ps-username fn-login-input-item']/input[1]")成功
2021-11-15 11:21:14,755 - webbase.py - DEBUG - send keys 110300554 成功
2021-11-15 11:21:14,755 - webbase.py - DEBUG - 正在定位元素信息：定位方式->id, value值->j_password
2021-11-15 11:21:14,764 - webbase.py - DEBUG - 定位元素('id', 'j_password')成功
2021-11-15 11:21:14,819 - webbase.py - DEBUG - send keys hrloo.com 成功
2021-11-15 11:21:14,877 - webbase.py - DEBUG - click ['id', 'j_loginbtn'] 成功
2021-11-15 11:21:15,536 - webbase.py - DEBUG - click ['xpath', ".//div[@class='nsh-w-left']/a[6]"] 成功
2021-11-15 11:21:18,947 - guibase.py - DEBUG - 鼠标偏移837,591
2021-11-15 11:21:18,947 - guibase.py - DEBUG - 鼠标偏移837,591
2021-11-15 11:21:18,947 - guibase.py - DEBUG - 鼠标偏移837,591
2021-11-15 11:21:21,158 - webbase.py - DEBUG - click ['xpath', ".//div[@class='hr-course-item-global-style swiper-slide']/a[@title='薪酬体系设计与薪酬变革全能研修班']"] 成功
2021-11-15 11:21:27,234 - webbase.py - DEBUG - 只查询：查询元素('xpath', ".//div[@class='product-btns']/a[text()='立即学习']") 不存在
2021-11-15 11:21:30,327 - webbase.py - DEBUG - click ['xpath', ".//div[@class='product-btns']/a[@class='ui-btn1 ui-buy-btn fn-buy-btn' and @title='立即购买' and text()='立即购买']"] 成功
2021-11-15 11:21:33,392 - webbase.py - DEBUG - click ['xpath', ".//a[contains(@title,'立即支付')]"] 成功
2021-11-15 11:21:39,579 - guibase.py - DEBUG - 查找对象browser存在
2021-11-15 11:21:39,579 - guibase.py - DEBUG - 查找对象browser存在
2021-11-15 11:21:39,579 - guibase.py - DEBUG - 查找对象browser存在
2021-11-15 11:21:40,803 - guibase.py - DEBUG - 查找图片browser, 位置Point(x=1866, y=50), 偏移(-150, 0),点击True, 成功
2021-11-15 11:21:40,803 - guibase.py - DEBUG - 查找图片browser, 位置Point(x=1866, y=50), 偏移(-150, 0),点击True, 成功
2021-11-15 11:21:40,803 - guibase.py - DEBUG - 查找图片browser, 位置Point(x=1866, y=50), 偏移(-150, 0),点击True, 成功
2021-11-15 11:21:40,920 - guibase.py - DEBUG - 文本框输入https://www.hrloo.com/hr/product/order/pay_nofity?orderid=2020053015908185564491
2021-11-15 11:21:40,920 - guibase.py - DEBUG - 文本框输入https://www.hrloo.com/hr/product/order/pay_nofity?orderid=2020053015908185564491
2021-11-15 11:21:40,920 - guibase.py - DEBUG - 文本框输入https://www.hrloo.com/hr/product/order/pay_nofity?orderid=2020053015908185564491
2021-11-15 11:21:41,922 - guibase.py - DEBUG - 执行快捷键('Enter',)
2021-11-15 11:21:41,922 - guibase.py - DEBUG - 执行快捷键('Enter',)
2021-11-15 11:21:41,922 - guibase.py - DEBUG - 执行快捷键('Enter',)
2021-11-15 11:21:42,091 - guibase.py - DEBUG - 查找对象orderid存在
2021-11-15 11:21:42,091 - guibase.py - DEBUG - 查找对象orderid存在
2021-11-15 11:21:42,091 - guibase.py - DEBUG - 查找对象orderid存在
2021-11-15 11:21:43,318 - guibase.py - DEBUG - 查找图片orderid, 位置Point(x=1866, y=50), 偏移(-150, 0),点击True, 成功
2021-11-15 11:21:43,318 - guibase.py - DEBUG - 查找图片orderid, 位置Point(x=1866, y=50), 偏移(-150, 0),点击True, 成功
2021-11-15 11:21:43,318 - guibase.py - DEBUG - 查找图片orderid, 位置Point(x=1866, y=50), 偏移(-150, 0),点击True, 成功
2021-11-15 11:21:44,319 - guibase.py - DEBUG - 执行快捷键('ctrl', 'c')
2021-11-15 11:21:44,319 - guibase.py - DEBUG - 执行快捷键('ctrl', 'c')
2021-11-15 11:21:44,319 - guibase.py - DEBUG - 执行快捷键('ctrl', 'c')
2021-11-15 11:21:50,458 - guibase.py - DEBUG - 查找对象browser存在
2021-11-15 11:21:50,458 - guibase.py - DEBUG - 查找对象browser存在
2021-11-15 11:21:50,458 - guibase.py - DEBUG - 查找对象browser存在
2021-11-15 11:21:51,686 - guibase.py - DEBUG - 查找图片browser, 位置Point(x=1866, y=50), 偏移(-150, 0),点击True, 成功
2021-11-15 11:21:51,686 - guibase.py - DEBUG - 查找图片browser, 位置Point(x=1866, y=50), 偏移(-150, 0),点击True, 成功
2021-11-15 11:21:51,686 - guibase.py - DEBUG - 查找图片browser, 位置Point(x=1866, y=50), 偏移(-150, 0),点击True, 成功
2021-11-15 11:21:52,686 - guibase.py - DEBUG - 执行快捷键('ctrl', 'v')
2021-11-15 11:21:52,686 - guibase.py - DEBUG - 执行快捷键('ctrl', 'v')
2021-11-15 11:21:52,686 - guibase.py - DEBUG - 执行快捷键('ctrl', 'v')
2021-11-15 11:21:53,687 - guibase.py - DEBUG - 执行快捷键('Enter',)
2021-11-15 11:21:53,687 - guibase.py - DEBUG - 执行快捷键('Enter',)
2021-11-15 11:21:53,687 - guibase.py - DEBUG - 执行快捷键('Enter',)
2021-11-15 11:21:56,707 - webbase.py - DEBUG - 正在定位元素信息：定位方式->xpath, value值->.//div[@class='overly '] /div[1]/h1[1]
2021-11-15 11:21:57,035 - webbase.py - DEBUG - 定位元素('xpath', ".//div[@class='overly '] /div[1]/h1[1]")成功
2021-11-15 11:22:57,070 - webbase.py - DEBUG - click ['xpath', ".//div[@class ='new-login-tab']/span[2]"] 成功
2021-11-15 11:22:57,070 - webbase.py - DEBUG - 正在定位元素信息：定位方式->xpath, value值->.//p[@class='ps-username fn-login-input-item']/input[1]
2021-11-15 11:22:57,079 - webbase.py - DEBUG - 定位元素('xpath', ".//p[@class='ps-username fn-login-input-item']/input[1]")成功
2021-11-15 11:22:57,567 - webbase.py - DEBUG - send keys 1406607478 成功
2021-11-15 11:22:57,568 - webbase.py - DEBUG - 正在定位元素信息：定位方式->id, value值->j_password
2021-11-15 11:22:57,577 - webbase.py - DEBUG - 定位元素('id', 'j_password')成功
2021-11-15 11:22:57,630 - webbase.py - DEBUG - send keys hrloo.com 成功
2021-11-15 11:22:57,690 - webbase.py - DEBUG - click ['id', 'j_loginbtn'] 成功
2021-11-15 11:22:58,476 - webbase.py - DEBUG - click ['xpath', ".//div[@class='aimg']/a[1]/following-sibling::a[1]"] 成功
2021-11-15 11:22:59,558 - guibase.py - DEBUG - 查找对象show存在
2021-11-15 11:22:59,558 - guibase.py - DEBUG - 查找对象show存在
2021-11-15 11:22:59,558 - guibase.py - DEBUG - 查找对象show存在
2021-11-15 11:23:00,323 - guibase.py - DEBUG - 移动到图片 show 位置True, 点击:Point(x=646, y=310) 成功
2021-11-15 11:23:00,323 - guibase.py - DEBUG - 移动到图片 show 位置True, 点击:Point(x=646, y=310) 成功
2021-11-15 11:23:00,323 - guibase.py - DEBUG - 移动到图片 show 位置True, 点击:Point(x=646, y=310) 成功
2021-11-15 11:23:00,417 - webbase.py - DEBUG - click ['xpath', ".//ul[@class = 'hr-header-tab box']/li[3]"] 成功
2021-11-15 11:23:14,494 - webbase.py - ERROR - click ['xpath', ".//div[@class='popupwrap dn']/preceding-sibling::p[1]/a[1]"] 失败
2021-11-15 11:25:36,619 - webbase.py - DEBUG - click ['xpath', ".//div[@class ='new-login-tab']/span[2]"] 成功
2021-11-15 11:25:36,619 - webbase.py - DEBUG - 正在定位元素信息：定位方式->xpath, value值->.//p[@class='ps-username fn-login-input-item']/input[1]
2021-11-15 11:25:36,628 - webbase.py - DEBUG - 定位元素('xpath', ".//p[@class='ps-username fn-login-input-item']/input[1]")成功
2021-11-15 11:25:37,116 - webbase.py - DEBUG - send keys 1406607478 成功
2021-11-15 11:25:37,116 - webbase.py - DEBUG - 正在定位元素信息：定位方式->id, value值->j_password
2021-11-15 11:25:37,124 - webbase.py - DEBUG - 定位元素('id', 'j_password')成功
2021-11-15 11:25:37,176 - webbase.py - DEBUG - send keys hrloo.com 成功
2021-11-15 11:25:37,257 - webbase.py - DEBUG - click ['id', 'j_loginbtn'] 成功
2021-11-15 11:25:38,085 - webbase.py - DEBUG - click ['xpath', ".//div[@class='aimg']/a[1]/following-sibling::a[1]"] 成功
2021-11-15 11:25:38,775 - guibase.py - DEBUG - 查找对象show存在
2021-11-15 11:25:38,775 - guibase.py - DEBUG - 查找对象show存在
2021-11-15 11:25:38,775 - guibase.py - DEBUG - 查找对象show存在
2021-11-15 11:25:39,536 - guibase.py - DEBUG - 移动到图片 show 位置True, 点击:Point(x=646, y=266) 成功
2021-11-15 11:25:39,536 - guibase.py - DEBUG - 移动到图片 show 位置True, 点击:Point(x=646, y=266) 成功
2021-11-15 11:25:39,536 - guibase.py - DEBUG - 移动到图片 show 位置True, 点击:Point(x=646, y=266) 成功
2021-11-15 11:25:39,629 - webbase.py - DEBUG - click ['xpath', ".//ul[@class = 'hr-header-tab box']/li[4]"] 成功
2021-11-15 11:25:42,694 - webbase.py - DEBUG - click ['xpath', ".//div[@class='popupwrap dn']/preceding-sibling::p[1]/a[1]"] 成功
2021-11-15 11:25:42,694 - webbase.py - DEBUG - 正在定位元素信息：定位方式->xpath, value值->.//div[@class='tit-input tpl1-input']/input[@id='subject']
2021-11-15 11:25:43,340 - webbase.py - DEBUG - 定位元素('xpath', ".//div[@class='tit-input tpl1-input']/input[@id='subject']")成功
2021-11-15 11:25:43,387 - webbase.py - DEBUG - send keys 你我皆是羔羊却没有草原 成功
2021-11-15 11:25:48,681 - guibase.py - DEBUG - 查找对象write_content存在
2021-11-15 11:25:48,681 - guibase.py - DEBUG - 查找对象write_content存在
2021-11-15 11:25:48,681 - guibase.py - DEBUG - 查找对象write_content存在
2021-11-15 11:25:49,453 - guibase.py - DEBUG - 移动到图片 write_content 位置True, 点击:Point(x=656, y=357) 成功
2021-11-15 11:25:49,453 - guibase.py - DEBUG - 移动到图片 write_content 位置True, 点击:Point(x=656, y=357) 成功
2021-11-15 11:25:49,453 - guibase.py - DEBUG - 移动到图片 write_content 位置True, 点击:Point(x=656, y=357) 成功
2021-11-15 11:25:53,470 - guibase.py - DEBUG - 执行快捷键('ctrl', 'v')
2021-11-15 11:25:53,470 - guibase.py - DEBUG - 执行快捷键('ctrl', 'v')
2021-11-15 11:25:53,470 - guibase.py - DEBUG - 执行快捷键('ctrl', 'v')
2021-11-15 11:25:53,602 - webbase.py - DEBUG - click ['xpath', ".//div[@class='r']/a[text()='发布']"] 成功
2021-11-15 11:25:56,659 - webbase.py - DEBUG - click ['xpath', ".//div[@class='eidt-field clearfix']/span[1]/following-sibling::div/div[1]/span[5]"] 成功
2021-11-15 11:25:59,708 - webbase.py - DEBUG - click ['xpath', ".//div[@class='eidt-field clearfix']/span[1]/following-sibling::div/div[1]/span[1]"] 成功
2021-11-15 11:26:02,742 - webbase.py - DEBUG - click ['xpath', ".//div[@class='eidt-field clearfix']/span[1]/following-sibling::div/div[1]/span[5]"] 成功
2021-11-15 11:26:05,742 - webbase.py - DEBUG - 正在定位元素信息：定位方式->xpath, value值->.//div[@class='clearfix in-tags']/div[1]/ul/li[1]/input[@type='text']
2021-11-15 11:26:05,752 - webbase.py - DEBUG - 定位元素('xpath', ".//div[@class='clearfix in-tags']/div[1]/ul/li[1]/input[@type='text']")成功
2021-11-15 11:26:05,799 - webbase.py - DEBUG - send keys 人力效率1 成功
2021-11-15 11:26:05,853 - webbase.py - DEBUG - click ['xpath', ".//li/span[text()='贴上']"] 成功
2021-11-15 11:26:05,853 - webbase.py - DEBUG - 正在定位元素信息：定位方式->xpath, value值->.//div[@class='clearfix in-tags']/div[1]/ul/li[1]/input[@type='text']
2021-11-15 11:26:05,858 - webbase.py - DEBUG - 定位元素('xpath', ".//div[@class='clearfix in-tags']/div[1]/ul/li[1]/input[@type='text']")成功
2021-11-15 11:26:05,891 - webbase.py - DEBUG - send keys 人力效率2 成功
2021-11-15 11:26:05,932 - webbase.py - DEBUG - click ['xpath', ".//li/span[text()='贴上']"] 成功
2021-11-15 11:26:06,031 - webbase.py - DEBUG - click ['id', 'saveBtn'] 成功
2021-11-15 11:26:06,032 - webbase.py - DEBUG - 正在定位元素信息：定位方式->xpath, value值->.//div[@class='tip']/h1
2021-11-15 11:26:07,914 - webbase.py - DEBUG - 定位元素('xpath', ".//div[@class='tip']/h1")成功
2021-11-15 11:28:09,285 - webbase.py - DEBUG - click ['xpath', ".//div[@class ='new-login-tab']/span[2]"] 成功
2021-11-15 11:28:09,285 - webbase.py - DEBUG - 正在定位元素信息：定位方式->xpath, value值->.//p[@class='ps-username fn-login-input-item']/input[1]
2021-11-15 11:28:09,293 - webbase.py - DEBUG - 定位元素('xpath', ".//p[@class='ps-username fn-login-input-item']/input[1]")成功
2021-11-15 11:28:09,885 - webbase.py - DEBUG - send keys 1406607478 成功
2021-11-15 11:28:09,885 - webbase.py - DEBUG - 正在定位元素信息：定位方式->id, value值->j_password
2021-11-15 11:28:09,894 - webbase.py - DEBUG - 定位元素('id', 'j_password')成功
2021-11-15 11:28:09,945 - webbase.py - DEBUG - send keys hrloo.com 成功
2021-11-15 11:28:10,027 - webbase.py - DEBUG - click ['id', 'j_loginbtn'] 成功
2021-11-15 11:28:13,027 - webbase.py - DEBUG - 正在定位元素信息：定位方式->xpath, value值->.//div[text()='会员中心']
2021-11-15 11:28:13,040 - webbase.py - DEBUG - 定位元素('xpath', ".//div[text()='会员中心']")成功
2021-11-15 11:28:23,529 - webbase.py - DEBUG - click ['xpath', ".//div[@class ='new-login-tab']/span[2]"] 成功
2021-11-15 11:28:23,529 - webbase.py - DEBUG - 正在定位元素信息：定位方式->xpath, value值->.//p[@class='ps-username fn-login-input-item']/input[1]
2021-11-15 11:28:23,538 - webbase.py - DEBUG - 定位元素('xpath', ".//p[@class='ps-username fn-login-input-item']/input[1]")成功
2021-11-15 11:28:24,038 - webbase.py - DEBUG - send keys 1406607478 成功
2021-11-15 11:28:24,038 - webbase.py - DEBUG - 正在定位元素信息：定位方式->id, value值->j_password
2021-11-15 11:28:24,046 - webbase.py - DEBUG - 定位元素('id', 'j_password')成功
2021-11-15 11:28:24,103 - webbase.py - DEBUG - send keys hrloo.com 成功
2021-11-15 11:28:24,164 - webbase.py - DEBUG - click ['id', 'j_loginbtn'] 成功
2021-11-15 11:28:25,344 - webbase.py - DEBUG - click ['xpath', ".//div[@class='fn-vip-link-nologin']/preceding-sibling::div[1]"] 成功
2021-11-15 11:28:27,410 - webbase.py - DEBUG - click ['xpath', ".//a[@class='vip-ct-item item1 fn-common-href']"] 成功
2021-11-15 11:28:33,605 - webbase.py - DEBUG - click ['xpath', ".//div[@class='fr rightBlock']"] 成功
2021-11-15 11:28:33,910 - webbase.py - DEBUG - click ['xpath', ".//div[@class='item-wrap clearfix']/div[1]/p[1]/span[1]"] 成功
2021-11-15 11:28:36,964 - webbase.py - DEBUG - click ['xpath', ".//div[@class='item-wrap clearfix']/div[2]/p[1]/span[1]"] 成功
2021-11-15 11:28:40,094 - webbase.py - DEBUG - click ['xpath', ".//div[@class='fn-vip-link-nologin']/preceding-sibling::div[1]"] 成功
2021-11-15 11:28:43,275 - webbase.py - DEBUG - click ['id', 'egg-animate1'] 成功
2021-11-15 11:28:46,321 - webbase.py - DEBUG - click ['xpath', ".//div[@class='smashing-btns']/div[3]"] 成功
2021-11-15 11:28:46,322 - webbase.py - DEBUG - 正在定位元素信息：定位方式->xpath, value值->.//div[@class='popup-layout _transform _show']/section[1]/div[1]/p[1]
2021-11-15 11:28:47,501 - webbase.py - DEBUG - 定位元素('xpath', ".//div[@class='popup-layout _transform _show']/section[1]/div[1]/p[1]")成功
2021-11-15 11:30:23,320 - webbase.py - DEBUG - click ['xpath', ".//div[@class ='new-login-tab']/span[2]"] 成功
2021-11-15 11:30:23,320 - webbase.py - DEBUG - 正在定位元素信息：定位方式->xpath, value值->.//p[@class='ps-username fn-login-input-item']/input[1]
2021-11-15 11:30:23,329 - webbase.py - DEBUG - 定位元素('xpath', ".//p[@class='ps-username fn-login-input-item']/input[1]")成功
2021-11-15 11:30:23,848 - webbase.py - DEBUG - send keys 1406607478 成功
2021-11-15 11:30:23,848 - webbase.py - DEBUG - 正在定位元素信息：定位方式->id, value值->j_password
2021-11-15 11:30:23,858 - webbase.py - DEBUG - 定位元素('id', 'j_password')成功
2021-11-15 11:30:23,910 - webbase.py - DEBUG - send keys hrloo.com 成功
2021-11-15 11:30:23,975 - webbase.py - DEBUG - click ['id', 'j_loginbtn'] 成功
2021-11-15 11:30:24,903 - webbase.py - DEBUG - click ['xpath', ".//div[@class='hr-nfr-item  nfr-msg fn-sms-center-click']/div[1]/div[@class='nfr-text']"] 成功
2021-11-15 11:30:37,961 - webbase.py - DEBUG - 只查询：查询元素('xpath', ".//div[@class='tit']/a[text()='阿特洛波斯13405']") 不存在
2021-11-15 11:30:49,034 - webbase.py - ERROR - click ['xpath', ".//div[@class='tit']/a[text()='176毛毛虫']"] 失败
2021-11-15 11:31:20,573 - webbase.py - DEBUG - click ['xpath', ".//div[@class ='new-login-tab']/span[2]"] 成功
2021-11-15 11:31:20,573 - webbase.py - DEBUG - 正在定位元素信息：定位方式->xpath, value值->.//p[@class='ps-username fn-login-input-item']/input[1]
2021-11-15 11:31:20,582 - webbase.py - DEBUG - 定位元素('xpath', ".//p[@class='ps-username fn-login-input-item']/input[1]")成功
2021-11-15 11:31:21,068 - webbase.py - DEBUG - send keys 1406607478 成功
2021-11-15 11:31:21,068 - webbase.py - DEBUG - 正在定位元素信息：定位方式->id, value值->j_password
2021-11-15 11:31:21,076 - webbase.py - DEBUG - 定位元素('id', 'j_password')成功
2021-11-15 11:31:21,129 - webbase.py - DEBUG - send keys hrloo.com 成功
2021-11-15 11:31:21,210 - webbase.py - DEBUG - click ['id', 'j_loginbtn'] 成功
2021-11-15 11:31:21,915 - webbase.py - DEBUG - click ['xpath', ".//div[@class='hr-nfr-item  nfr-msg fn-sms-center-click']/div[1]/div[@class='nfr-text']"] 成功
2021-11-15 11:31:23,925 - webbase.py - DEBUG - 只查询：查询元素('xpath', ".//div[@class='tit']/a[text()='Benjamin02099']") 存在
2021-11-15 11:31:23,976 - webbase.py - DEBUG - click ['xpath', ".//div[@class='tit']/a[text()='Benjamin02099']"] 成功
2021-11-15 11:31:25,977 - webbase.py - DEBUG - 正在定位元素信息：定位方式->xpath, value值->.//div[@class='chat-w-bottom']/textarea[1]
2021-11-15 11:31:25,986 - webbase.py - DEBUG - 定位元素('xpath', ".//div[@class='chat-w-bottom']/textarea[1]")成功
2021-11-15 11:31:26,041 - webbase.py - DEBUG - send keys 你今天好吗？ 成功
2021-11-15 11:31:27,041 - guibase.py - DEBUG - 执行快捷键('shift', 'enter')
2021-11-15 11:31:28,042 - guibase.py - DEBUG - 执行快捷键('shift', 'enter')
2021-11-15 11:31:29,064 - guibase.py - DEBUG - 执行快捷键('ctrl', 'v')
2021-11-15 11:31:31,121 - webbase.py - DEBUG - click ['xpath', ".//div[@class='chat-wb-send fn-chat-wb-send active']/span[1]"] 成功
2021-11-15 11:31:31,173 - webbase.py - DEBUG - click ['xpath', ".//div[@class='chat-w-bottom']/div[1]/img[1]"] 成功
2021-11-15 11:31:36,309 - guibase.py - DEBUG - 查找对象img存在
2021-11-15 11:31:37,070 - guibase.py - DEBUG - 移动到图片 img 位置True, 点击:Point(x=315, y=267) 成功
2021-11-15 11:31:37,230 - guibase.py - DEBUG - 查找对象img2存在
2021-11-15 11:31:38,255 - guibase.py - DEBUG - 移动到图片 img2 位置True, 点击:Point(x=828, y=378) 成功
2021-11-15 11:31:49,912 - webbase.py - DEBUG - click ['xpath', ".//div[@class ='new-login-tab']/span[2]"] 成功
2021-11-15 11:31:51,914 - webbase.py - DEBUG - 正在定位元素信息：定位方式->xpath, value值->.//p[@class='ps-username fn-login-input-item']/input[1]
2021-11-15 11:31:51,916 - webbase.py - DEBUG - 定位元素('xpath', ".//p[@class='ps-username fn-login-input-item']/input[1]")成功
2021-11-15 11:31:51,946 - webbase.py - DEBUG - send keys 2008932277 成功
2021-11-15 11:31:51,946 - webbase.py - DEBUG - 正在定位元素信息：定位方式->id, value值->j_password
2021-11-15 11:31:51,949 - webbase.py - DEBUG - 定位元素('id', 'j_password')成功
2021-11-15 11:31:51,965 - webbase.py - DEBUG - send keys hrloo.com 成功
2021-11-15 11:31:52,894 - webbase.py - DEBUG - click ['id', 'j_loginbtn'] 成功
2021-11-15 11:31:56,128 - webbase.py - DEBUG - click ['xpath', ".//div[@class='hr-nfr-item  nfr-msg fn-sms-center-click']/div[1]/div[@class='nfr-text']"] 成功
2021-11-15 11:32:06,253 - webbase.py - ERROR - click ['xpath', ".//a[text()='徐渤bobo']"] 失败
2021-11-15 11:33:57,892 - webbase.py - DEBUG - click ['xpath', ".//div[@class ='new-login-tab']/span[2]"] 成功
2021-11-15 11:33:57,892 - webbase.py - DEBUG - 正在定位元素信息：定位方式->xpath, value值->.//p[@class='ps-username fn-login-input-item']/input[1]
2021-11-15 11:33:57,900 - webbase.py - DEBUG - 定位元素('xpath', ".//p[@class='ps-username fn-login-input-item']/input[1]")成功
2021-11-15 11:33:58,390 - webbase.py - DEBUG - send keys 1406607478 成功
2021-11-15 11:33:58,390 - webbase.py - DEBUG - 正在定位元素信息：定位方式->id, value值->j_password
2021-11-15 11:33:58,399 - webbase.py - DEBUG - 定位元素('id', 'j_password')成功
2021-11-15 11:33:58,454 - webbase.py - DEBUG - send keys hrloo.com 成功
2021-11-15 11:33:58,514 - webbase.py - DEBUG - click ['id', 'j_loginbtn'] 成功
2021-11-15 11:33:59,195 - webbase.py - DEBUG - click ['xpath', ".//div[@class='hr-nfr-item  nfr-msg fn-sms-center-click']/div[1]/div[@class='nfr-text']"] 成功
2021-11-15 11:34:01,206 - webbase.py - DEBUG - 只查询：查询元素('xpath', ".//div[@class='tit']/a[text()='Benjamin02099']") 存在
2021-11-15 11:34:01,256 - webbase.py - DEBUG - click ['xpath', ".//div[@class='tit']/a[text()='Benjamin02099']"] 成功
2021-11-15 11:34:03,257 - webbase.py - DEBUG - 正在定位元素信息：定位方式->xpath, value值->.//div[@class='chat-w-bottom']/textarea[1]
2021-11-15 11:34:03,266 - webbase.py - DEBUG - 定位元素('xpath', ".//div[@class='chat-w-bottom']/textarea[1]")成功
2021-11-15 11:34:03,317 - webbase.py - DEBUG - send keys 你今天好吗？ 成功
2021-11-15 11:34:04,318 - guibase.py - DEBUG - 执行快捷键('shift', 'enter')
2021-11-15 11:34:05,318 - guibase.py - DEBUG - 执行快捷键('shift', 'enter')
2021-11-15 11:34:06,338 - guibase.py - DEBUG - 执行快捷键('ctrl', 'v')
2021-11-15 11:34:08,395 - webbase.py - DEBUG - click ['xpath', ".//div[@class='chat-wb-send fn-chat-wb-send active']/span[1]"] 成功
2021-11-15 11:34:08,444 - webbase.py - DEBUG - click ['xpath', ".//div[@class='chat-w-bottom']/div[1]/img[1]"] 成功
2021-11-15 11:34:13,584 - guibase.py - DEBUG - 查找对象img存在
2021-11-15 11:34:14,355 - guibase.py - DEBUG - 移动到图片 img 位置True, 点击:Point(x=315, y=267) 成功
2021-11-15 11:34:14,491 - guibase.py - DEBUG - 查找对象img2存在
2021-11-15 11:34:15,521 - guibase.py - DEBUG - 移动到图片 img2 位置True, 点击:Point(x=828, y=378) 成功
2021-11-15 11:34:25,469 - webbase.py - DEBUG - click ['xpath', ".//div[@class ='new-login-tab']/span[2]"] 成功
2021-11-15 11:34:27,470 - webbase.py - DEBUG - 正在定位元素信息：定位方式->xpath, value值->.//p[@class='ps-username fn-login-input-item']/input[1]
2021-11-15 11:34:27,472 - webbase.py - DEBUG - 定位元素('xpath', ".//p[@class='ps-username fn-login-input-item']/input[1]")成功
2021-11-15 11:34:27,500 - webbase.py - DEBUG - send keys 2111713263 成功
2021-11-15 11:34:27,500 - webbase.py - DEBUG - 正在定位元素信息：定位方式->id, value值->j_password
2021-11-15 11:34:27,503 - webbase.py - DEBUG - 定位元素('id', 'j_password')成功
2021-11-15 11:34:27,516 - webbase.py - DEBUG - send keys hrloo.com 成功
2021-11-15 11:34:27,750 - webbase.py - DEBUG - click ['id', 'j_loginbtn'] 成功
2021-11-15 11:34:40,824 - webbase.py - ERROR - click ['xpath', ".//div[@class='hr-nfr-item  nfr-msg fn-sms-center-click']/div[1]/div[@class='nfr-text']"] 失败
2021-11-15 11:39:13,996 - webbase.py - DEBUG - click ['xpath', ".//div[@class ='new-login-tab']/span[2]"] 成功
2021-11-15 11:39:13,997 - webbase.py - DEBUG - 正在定位元素信息：定位方式->xpath, value值->.//p[@class='ps-username fn-login-input-item']/input[1]
2021-11-15 11:39:14,006 - webbase.py - DEBUG - 定位元素('xpath', ".//p[@class='ps-username fn-login-input-item']/input[1]")成功
2021-11-15 11:39:14,510 - webbase.py - DEBUG - send keys 1406607478 成功
2021-11-15 11:39:14,510 - webbase.py - DEBUG - 正在定位元素信息：定位方式->id, value值->j_password
2021-11-15 11:39:14,519 - webbase.py - DEBUG - 定位元素('id', 'j_password')成功
2021-11-15 11:39:14,579 - webbase.py - DEBUG - send keys hrloo.com 成功
2021-11-15 11:39:14,648 - webbase.py - DEBUG - click ['id', 'j_loginbtn'] 成功
2021-11-15 11:39:15,621 - webbase.py - DEBUG - click ['xpath', ".//div[@class='hr-nfr-item  nfr-msg fn-sms-center-click']/div[1]/div[@class='nfr-text']"] 成功
2021-11-15 11:39:28,711 - webbase.py - DEBUG - 只查询：查询元素('xpath', ".//div[@class='tit']/a[text()='Benjamin02099']") 不存在
2021-11-15 11:39:34,691 - webbase.py - ERROR - click ['xpath', ".//div[@class='tit']/a[text()='176毛毛虫']"] 失败
2021-11-15 11:40:25,821 - webbase.py - DEBUG - click ['xpath', ".//div[@class ='new-login-tab']/span[2]"] 成功
2021-11-15 11:40:25,821 - webbase.py - DEBUG - 正在定位元素信息：定位方式->xpath, value值->.//p[@class='ps-username fn-login-input-item']/input[1]
2021-11-15 11:40:25,829 - webbase.py - DEBUG - 定位元素('xpath', ".//p[@class='ps-username fn-login-input-item']/input[1]")成功
2021-11-15 11:40:26,318 - webbase.py - DEBUG - send keys 1406607478 成功
2021-11-15 11:40:26,318 - webbase.py - DEBUG - 正在定位元素信息：定位方式->id, value值->j_password
2021-11-15 11:40:26,327 - webbase.py - DEBUG - 定位元素('id', 'j_password')成功
2021-11-15 11:40:26,385 - webbase.py - DEBUG - send keys hrloo.com 成功
2021-11-15 11:40:26,477 - webbase.py - DEBUG - click ['id', 'j_loginbtn'] 成功
2021-11-15 11:40:27,602 - webbase.py - DEBUG - click ['xpath', ".//div[@class='hr-nfr-item  nfr-msg fn-sms-center-click']/div[1]/div[@class='nfr-text']"] 成功
2021-11-15 11:40:29,613 - webbase.py - DEBUG - 只查询：查询元素('xpath', ".//div[@class='tit']/a[text()='阿特洛波斯13405']") 存在
2021-11-15 11:40:29,662 - webbase.py - DEBUG - click ['xpath', ".//div[@class='tit']/a[text()='阿特洛波斯13405']"] 成功
2021-11-15 11:40:31,663 - webbase.py - DEBUG - 正在定位元素信息：定位方式->xpath, value值->.//div[@class='chat-w-bottom']/textarea[1]
2021-11-15 11:40:31,673 - webbase.py - DEBUG - 定位元素('xpath', ".//div[@class='chat-w-bottom']/textarea[1]")成功
2021-11-15 11:40:31,726 - webbase.py - DEBUG - send keys 你今天好吗？ 成功
2021-11-15 11:40:32,727 - guibase.py - DEBUG - 执行快捷键('shift', 'enter')
2021-11-15 11:40:33,727 - guibase.py - DEBUG - 执行快捷键('shift', 'enter')
2021-11-15 11:40:34,751 - guibase.py - DEBUG - 执行快捷键('ctrl', 'v')
2021-11-15 11:40:36,810 - webbase.py - DEBUG - click ['xpath', ".//div[@class='chat-wb-send fn-chat-wb-send active']/span[1]"] 成功
2021-11-15 11:40:36,862 - webbase.py - DEBUG - click ['xpath', ".//div[@class='chat-w-bottom']/div[1]/img[1]"] 成功
2021-11-15 11:40:42,005 - guibase.py - DEBUG - 查找对象img存在
2021-11-15 11:40:42,774 - guibase.py - DEBUG - 移动到图片 img 位置True, 点击:Point(x=315, y=267) 成功
2021-11-15 11:40:42,908 - guibase.py - DEBUG - 查找对象img2存在
2021-11-15 11:40:43,939 - guibase.py - DEBUG - 移动到图片 img2 位置True, 点击:Point(x=828, y=378) 成功
2021-11-15 11:40:53,775 - webbase.py - DEBUG - click ['xpath', ".//div[@class ='new-login-tab']/span[2]"] 成功
2021-11-15 11:40:55,775 - webbase.py - DEBUG - 正在定位元素信息：定位方式->xpath, value值->.//p[@class='ps-username fn-login-input-item']/input[1]
2021-11-15 11:40:55,778 - webbase.py - DEBUG - 定位元素('xpath', ".//p[@class='ps-username fn-login-input-item']/input[1]")成功
2021-11-15 11:40:55,807 - webbase.py - DEBUG - send keys 2111713263 成功
2021-11-15 11:40:55,807 - webbase.py - DEBUG - 正在定位元素信息：定位方式->id, value值->j_password
2021-11-15 11:40:55,812 - webbase.py - DEBUG - 定位元素('id', 'j_password')成功
2021-11-15 11:40:55,829 - webbase.py - DEBUG - send keys hrloo.com 成功
2021-11-15 11:40:57,025 - webbase.py - DEBUG - click ['id', 'j_loginbtn'] 成功
2021-11-15 11:41:00,262 - webbase.py - DEBUG - click ['xpath', ".//div[@class='hr-nfr-item  nfr-msg fn-sms-center-click']/div[1]/div[@class='nfr-text']"] 成功
2021-11-15 11:41:10,331 - webbase.py - ERROR - click ['xpath', ".//a[text()='徐渤bobo']"] 失败
2021-11-15 11:42:31,574 - webbase.py - DEBUG - click ['xpath', ".//div[@class ='new-login-tab']/span[2]"] 成功
2021-11-15 11:42:31,574 - webbase.py - DEBUG - 正在定位元素信息：定位方式->xpath, value值->.//p[@class='ps-username fn-login-input-item']/input[1]
2021-11-15 11:42:31,583 - webbase.py - DEBUG - 定位元素('xpath', ".//p[@class='ps-username fn-login-input-item']/input[1]")成功
2021-11-15 11:42:32,072 - webbase.py - DEBUG - send keys 1406607478 成功
2021-11-15 11:42:32,072 - webbase.py - DEBUG - 正在定位元素信息：定位方式->id, value值->j_password
2021-11-15 11:42:32,079 - webbase.py - DEBUG - 定位元素('id', 'j_password')成功
2021-11-15 11:42:32,132 - webbase.py - DEBUG - send keys hrloo.com 成功
2021-11-15 11:42:32,187 - webbase.py - DEBUG - click ['id', 'j_loginbtn'] 成功
2021-11-15 11:42:32,850 - webbase.py - DEBUG - click ['xpath', ".//div[@class='hr-nfr-item  nfr-msg fn-sms-center-click']/div[1]/div[@class='nfr-text']"] 成功
2021-11-15 11:42:34,867 - webbase.py - DEBUG - 只查询：查询元素('xpath', ".//div[@class='tit']/a[text()='阿特洛波斯13405']") 存在
2021-11-15 11:42:34,915 - webbase.py - DEBUG - click ['xpath', ".//div[@class='tit']/a[text()='阿特洛波斯13405']"] 成功
2021-11-15 11:42:36,915 - webbase.py - DEBUG - 正在定位元素信息：定位方式->xpath, value值->.//div[@class='chat-w-bottom']/textarea[1]
2021-11-15 11:42:36,926 - webbase.py - DEBUG - 定位元素('xpath', ".//div[@class='chat-w-bottom']/textarea[1]")成功
2021-11-15 11:42:36,974 - webbase.py - DEBUG - send keys 你今天好吗？ 成功
2021-11-15 11:42:37,975 - guibase.py - DEBUG - 执行快捷键('shift', 'enter')
2021-11-15 11:42:38,975 - guibase.py - DEBUG - 执行快捷键('shift', 'enter')
2021-11-15 11:42:40,003 - guibase.py - DEBUG - 执行快捷键('ctrl', 'v')
2021-11-15 11:42:42,061 - webbase.py - DEBUG - click ['xpath', ".//div[@class='chat-wb-send fn-chat-wb-send active']/span[1]"] 成功
2021-11-15 11:42:42,110 - webbase.py - DEBUG - click ['xpath', ".//div[@class='chat-w-bottom']/div[1]/img[1]"] 成功
2021-11-15 11:42:47,245 - guibase.py - DEBUG - 查找对象img存在
2021-11-15 11:42:48,005 - guibase.py - DEBUG - 移动到图片 img 位置True, 点击:Point(x=315, y=267) 成功
2021-11-15 11:42:48,139 - guibase.py - DEBUG - 查找对象img2存在
2021-11-15 11:42:49,172 - guibase.py - DEBUG - 移动到图片 img2 位置True, 点击:Point(x=828, y=378) 成功
2021-11-15 11:42:58,965 - webbase.py - DEBUG - click ['xpath', ".//div[@class ='new-login-tab']/span[2]"] 成功
2021-11-15 11:43:00,966 - webbase.py - DEBUG - 正在定位元素信息：定位方式->xpath, value值->.//p[@class='ps-username fn-login-input-item']/input[1]
2021-11-15 11:43:00,969 - webbase.py - DEBUG - 定位元素('xpath', ".//p[@class='ps-username fn-login-input-item']/input[1]")成功
2021-11-15 11:43:00,995 - webbase.py - DEBUG - send keys 2111713263 成功
2021-11-15 11:43:00,995 - webbase.py - DEBUG - 正在定位元素信息：定位方式->id, value值->j_password
2021-11-15 11:43:00,998 - webbase.py - DEBUG - 定位元素('id', 'j_password')成功
2021-11-15 11:43:01,014 - webbase.py - DEBUG - send keys hrloo.com 成功
2021-11-15 11:43:01,747 - webbase.py - DEBUG - click ['id', 'j_loginbtn'] 成功
2021-11-15 11:43:04,980 - webbase.py - DEBUG - click ['xpath', ".//div[@class='hr-nfr-item  nfr-msg fn-sms-center-click']/div[1]/div[@class='nfr-text']"] 成功
2021-11-15 11:43:15,080 - webbase.py - ERROR - click ['xpath', ".//a[text()='徐渤bobo']"] 失败
2021-11-15 11:43:34,046 - webbase.py - DEBUG - click ['xpath', ".//div[@class ='new-login-tab']/span[2]"] 成功
2021-11-15 11:43:34,046 - webbase.py - DEBUG - 正在定位元素信息：定位方式->xpath, value值->.//p[@class='ps-username fn-login-input-item']/input[1]
2021-11-15 11:43:34,054 - webbase.py - DEBUG - 定位元素('xpath', ".//p[@class='ps-username fn-login-input-item']/input[1]")成功
2021-11-15 11:43:34,545 - webbase.py - DEBUG - send keys 1406607478 成功
2021-11-15 11:43:34,545 - webbase.py - DEBUG - 正在定位元素信息：定位方式->id, value值->j_password
2021-11-15 11:43:34,555 - webbase.py - DEBUG - 定位元素('id', 'j_password')成功
2021-11-15 11:43:34,612 - webbase.py - DEBUG - send keys hrloo.com 成功
2021-11-15 11:43:34,689 - webbase.py - DEBUG - click ['id', 'j_loginbtn'] 成功
2021-11-15 11:43:35,576 - webbase.py - DEBUG - click ['xpath', ".//div[@class='hr-nfr-item  nfr-msg fn-sms-center-click']/div[1]/div[@class='nfr-text']"] 成功
2021-11-15 11:43:37,586 - webbase.py - DEBUG - 只查询：查询元素('xpath', ".//div[@class='tit']/a[text()='阿特洛波斯13405']") 存在
2021-11-15 11:43:37,636 - webbase.py - DEBUG - click ['xpath', ".//div[@class='tit']/a[text()='阿特洛波斯13405']"] 成功
2021-11-15 11:43:39,636 - webbase.py - DEBUG - 正在定位元素信息：定位方式->xpath, value值->.//div[@class='chat-w-bottom']/textarea[1]
2021-11-15 11:43:39,646 - webbase.py - DEBUG - 定位元素('xpath', ".//div[@class='chat-w-bottom']/textarea[1]")成功
2021-11-15 11:43:39,697 - webbase.py - DEBUG - send keys 你今天好吗？ 成功
2021-11-15 11:43:40,697 - guibase.py - DEBUG - 执行快捷键('shift', 'enter')
2021-11-15 11:43:41,698 - guibase.py - DEBUG - 执行快捷键('shift', 'enter')
2021-11-15 11:43:42,717 - guibase.py - DEBUG - 执行快捷键('ctrl', 'v')
2021-11-15 11:43:44,773 - webbase.py - DEBUG - click ['xpath', ".//div[@class='chat-wb-send fn-chat-wb-send active']/span[1]"] 成功
2021-11-15 11:43:44,823 - webbase.py - DEBUG - click ['xpath', ".//div[@class='chat-w-bottom']/div[1]/img[1]"] 成功
2021-11-15 11:43:49,956 - guibase.py - DEBUG - 查找对象img存在
2021-11-15 11:43:50,722 - guibase.py - DEBUG - 移动到图片 img 位置True, 点击:Point(x=315, y=267) 成功
2021-11-15 11:43:50,856 - guibase.py - DEBUG - 查找对象img2存在
2021-11-15 11:43:51,889 - guibase.py - DEBUG - 移动到图片 img2 位置True, 点击:Point(x=828, y=378) 成功
2021-11-15 11:44:01,147 - webbase.py - DEBUG - click ['xpath', ".//div[@class ='new-login-tab']/span[2]"] 成功
2021-11-15 11:44:03,148 - webbase.py - DEBUG - 正在定位元素信息：定位方式->xpath, value值->.//p[@class='ps-username fn-login-input-item']/input[1]
2021-11-15 11:44:03,150 - webbase.py - DEBUG - 定位元素('xpath', ".//p[@class='ps-username fn-login-input-item']/input[1]")成功
2021-11-15 11:44:03,178 - webbase.py - DEBUG - send keys 2111713263 成功
2021-11-15 11:44:03,178 - webbase.py - DEBUG - 正在定位元素信息：定位方式->id, value值->j_password
2021-11-15 11:44:03,180 - webbase.py - DEBUG - 定位元素('id', 'j_password')成功
2021-11-15 11:44:03,196 - webbase.py - DEBUG - send keys hrloo.com 成功
2021-11-15 11:44:04,010 - webbase.py - DEBUG - click ['id', 'j_loginbtn'] 成功
2021-11-15 11:44:07,238 - webbase.py - DEBUG - click ['xpath', ".//div[@class='hr-nfr-item  nfr-msg fn-sms-center-click']/div[1]/div[@class='nfr-text']"] 成功
2021-11-15 11:44:17,325 - webbase.py - ERROR - click ['xpath', ".//a[text()='徐渤bobo']"] 失败
2021-11-15 11:49:33,750 - webbase.py - DEBUG - click ['xpath', ".//div[@class ='new-login-tab']/span[2]"] 成功
2021-11-15 11:49:33,750 - webbase.py - DEBUG - 正在定位元素信息：定位方式->xpath, value值->.//p[@class='ps-username fn-login-input-item']/input[1]
2021-11-15 11:49:33,760 - webbase.py - DEBUG - 定位元素('xpath', ".//p[@class='ps-username fn-login-input-item']/input[1]")成功
2021-11-15 11:49:34,260 - webbase.py - DEBUG - send keys 1406607478 成功
2021-11-15 11:49:34,260 - webbase.py - DEBUG - 正在定位元素信息：定位方式->id, value值->j_password
2021-11-15 11:49:34,269 - webbase.py - DEBUG - 定位元素('id', 'j_password')成功
2021-11-15 11:49:34,322 - webbase.py - DEBUG - send keys hrloo.com 成功
2021-11-15 11:49:34,382 - webbase.py - DEBUG - click ['id', 'j_loginbtn'] 成功
2021-11-15 11:49:35,209 - webbase.py - DEBUG - click ['xpath', ".//div[@class='hr-nfr-item  nfr-msg fn-sms-center-click']/div[1]/div[@class='nfr-text']"] 成功
2021-11-15 11:49:37,220 - webbase.py - DEBUG - 只查询：查询元素('xpath', ".//div[@class='tit']/a[text()='阿特洛波斯13405']") 存在
2021-11-15 11:49:37,270 - webbase.py - DEBUG - click ['xpath', ".//div[@class='tit']/a[text()='阿特洛波斯13405']"] 成功
2021-11-15 11:49:39,270 - webbase.py - DEBUG - 正在定位元素信息：定位方式->xpath, value值->.//div[@class='chat-w-bottom']/textarea[1]
2021-11-15 11:49:39,279 - webbase.py - DEBUG - 定位元素('xpath', ".//div[@class='chat-w-bottom']/textarea[1]")成功
2021-11-15 11:49:39,334 - webbase.py - DEBUG - send keys 你今天好吗？ 成功
2021-11-15 11:49:40,334 - guibase.py - DEBUG - 执行快捷键('shift', 'enter')
2021-11-15 11:49:41,335 - guibase.py - DEBUG - 执行快捷键('shift', 'enter')
2021-11-15 11:49:42,367 - guibase.py - DEBUG - 执行快捷键('ctrl', 'v')
2021-11-15 11:49:44,428 - webbase.py - DEBUG - click ['xpath', ".//div[@class='chat-wb-send fn-chat-wb-send active']/span[1]"] 成功
2021-11-15 11:49:44,479 - webbase.py - DEBUG - click ['xpath', ".//div[@class='chat-w-bottom']/div[1]/img[1]"] 成功
2021-11-15 11:49:49,610 - guibase.py - DEBUG - 查找对象img存在
2021-11-15 11:49:50,373 - guibase.py - DEBUG - 移动到图片 img 位置True, 点击:Point(x=315, y=267) 成功
2021-11-15 11:49:50,507 - guibase.py - DEBUG - 查找对象img2存在
2021-11-15 11:49:51,540 - guibase.py - DEBUG - 移动到图片 img2 位置True, 点击:Point(x=828, y=378) 成功
2021-11-15 11:50:02,873 - webbase.py - DEBUG - click ['xpath', ".//div[@class ='new-login-tab']/span[2]"] 成功
2021-11-15 11:50:04,874 - webbase.py - DEBUG - 正在定位元素信息：定位方式->xpath, value值->.//p[@class='ps-username fn-login-input-item']/input[1]
2021-11-15 11:50:04,877 - webbase.py - DEBUG - 定位元素('xpath', ".//p[@class='ps-username fn-login-input-item']/input[1]")成功
2021-11-15 11:50:04,909 - webbase.py - DEBUG - send keys 2111713263 成功
2021-11-15 11:50:04,909 - webbase.py - DEBUG - 正在定位元素信息：定位方式->id, value值->j_password
2021-11-15 11:50:04,912 - webbase.py - DEBUG - 定位元素('id', 'j_password')成功
2021-11-15 11:50:04,928 - webbase.py - DEBUG - send keys hrloo.com 成功
2021-11-15 11:50:05,156 - webbase.py - DEBUG - click ['id', 'j_loginbtn'] 成功
2021-11-15 11:50:08,386 - webbase.py - DEBUG - click ['xpath', ".//div[@class='hr-nfr-item  nfr-msg fn-sms-center-click']/div[1]/div[@class='nfr-text']"] 成功
2021-11-15 11:50:18,465 - webbase.py - ERROR - click ['xpath', ".//a[text()='徐渤bobo']"] 失败
