1634111460247	geckodriver	INFO	Listening on 127.0.0.1:57612
1634111463208	mozrunner::runner	INFO	Running command: "C:\\Program Files\\Mozilla Firefox\\firefox.exe" "--marionette" "-no-remote" "-profile" "C:\\Users\\www\\AppData\\Local\\Temp\\rust_mozprofilelkJEzC"
1634111463913	Marionette	INFO	Marionette enabled
console.warn: SearchSettings: "get: No settings file exists, new profile?" (new NotFoundError("Could not open the file at C:\\Users\\www\\AppData\\Local\\Temp\\rust_mozprofilelkJEzC\\search.json.mozlz4", (void 0)))
console.warn: TopSitesFeed: Failed to fetch data from Contile server: NetworkError when attempting to fetch resource.
1634111466150	Marionette	INFO	Listening on port 49197
console.error: Region.jsm: "Error fetching region" (new TypeError("NetworkError when attempting to fetch resource.", ""))
console.error: Region.jsm: "Failed to fetch region" (new Error("NO_RESULT", "resource://gre/modules/Region.jsm", 419))
1634111466335	RemoteAgent	WARN	TLS certificate errors will be ignored for this session
1634111974289	addons.xpi	ERROR	System addon update list error Error: Failed downloading XML, status: 0, reason: error
SourceActor threw an exception: Error: Failed to fetch https://t.captcha.qq.com/template/drag_ele.html?t=1634111467247. Code 2153390067.
Stack: onResponse@resource://devtools/shared/DevToolsUtils.js:556:16
onStopRequest@resource://gre/modules/NetUtil.jsm:128:18
Line: 556, column: 16
console.error: (new Error("Failed to fetch https://t.captcha.qq.com/template/drag_ele.html?t=1634111467247. Code 2153390067.", "resource://devtools/shared/DevToolsUtils.js", 556))
JavaScript error: resource://devtools/shared/DevToolsUtils.js, line 556: Error: Failed to fetch https://t.captcha.qq.com/template/drag_ele.html?t=1634111467247. Code 2153390067.
SourceActor threw an exception: Error: Failed to fetch https://static.hrloo.com/hrloo/passport/js/config.min.js?v=20210430103650. Code 2153390067.
Stack: onResponse@resource://devtools/shared/DevToolsUtils.js:556:16
onStopRequest@resource://gre/modules/NetUtil.jsm:128:18
Line: 556, column: 16
console.error: (new Error("Failed to fetch https://static.hrloo.com/hrloo/passport/js/conf1634112410024	Marionette	INFO	Stopped listening on port 55561
JavaScript error: resource:///modules/Interactions.jsm, line 201: NS_ERROR_FAILURE: Component returned failure code: 0x80004005 (NS_ERROR_FAILURE) [nsIUserIdleService.removeIdleObserver]
console.warn: TopSitesFeed: Failed to fetch data from Contile server: NetworkError when attempting to fetch resource.
m/user/login?referer=https%3A%2F%2Fwww.hrloo.com&wx_check_login=no_check. Code 2153390067.
Stack: onResponse@resource://devtools/shared/DevToolsUtils.js:556:16
onStopRequest@resource://gre/modules/NetUtil.jsm:128:18
Line: 556, column: 16
console.error: (new Error("Failed to fetch https://passport.hrloo.com/user/login?referer=https%3A%2F%2Fwww.hrloo.com&wx_check_login=no_check. Code 2153390067.", "resource://devtools/shared/DevToolsUtils.js", 556))
JavaScript error: resource://devtools/shared/DevToolsUtils.js, line 556: Error: Failed to fetch https://passport.hrloo.com/user/login?referer=https%3A%2F%2Fwww.hrloo.com&wx_check_login=no_check. Code 21533900616341634112596658	Marionette	INFO	Stopped listening on port 49197
JavaScript error: resource:///modules/Interactions.jsm, line 201: NS_ERROR_FAILURE: Component returned failure code: 0x80004005 (NS_ERROR_FAILURE) [nsIUserIdleService.removeIdleObserver]
console.warn: TopSitesFeed: Failed to fetch data from Contile server: NetworkError when attempting to fetch resource.
end/recv, messages will be lost


###!!! [Child][MessageChannel] Error: (msgtype=0x680023,name=PNecko::Msg_RemoveRequestContext) Channel closing: too late to send/recv, messages will be lost

console.warn: TopSitesFeed: Failed to fetch data from Contile server: NetworkError when attempting to fetch resource.
rionette	INFO	Stopped listening on port 60769
JavaScript error: resource:///modules/Interactions.jsm, line 201: NS_ERROR_FAILURE: Component returned failure code: 0x80004005 (NS_ERROR_FAILURE) [nsIUserIdleService.removeIdleObserver]
console.warn: TopSitesFeed: Failed to fetch data from Contile server: NetworkError when attempting to fetch resource.
1634112677781	geckodriver	INFO	Listening on 127.0.0.1:55419
1634112680808	mozrunner::runner	INFO	Running command: "C:\\Program Files\\Mozilla Firefox\\firefox.exe" "--marionette" "-no-remote" "-profile" "C:\\Users\\www\\AppData\\Local\\Temp\\rust_mozprofile6sLQCp"
1634112681117	Marionette	INFO	Marionette enabled
console.warn: SearchSettings: "get: No settings file exists, new profile?" (new NotFoundError("Could not open the file at C:\\Users\\www\\AppData\\Local\\Temp\\rust_mozprofile6sLQCp\\search.json.mozlz4", (void 0)))
console.warn: TopSitesFeed: Failed to fetch data from Contile server: NetworkError when attempting to fetch resource.
1634112683345	Marionette	INFO	Listening on port 53505
console.error: Region.jsm: "Error fetching region" (new TypeError("NetworkError when attempting to fetch resource.", ""))
console.error: Region.jsm: "Failed to fetch region" (new Error("NO_RESULT", "resource://gre/modules/Region.jsm", 419))
1634112683445	RemoteAgent	WARN	TLS certificate errors will be ignored for this session
1634112878423	Marionette	INFO	Stopped listening on port 53505
JavaScript error: resource:///modules/Interactions.jsm, line 201: NS_ERROR_FAILURE: Component returned failure code: 0x80004005 (NS_ERROR_FAILURE) [nsIUserIdleService.removeIdleObserver]
console.warn: TopSitesFeed: Failed to fetch data from Contile server: NetworkError when attempting to fetch resource.
ists, new profile?" (new NotFoundError("Could not open the file at C:\\Users\\www\\AppData\\Local\\Temp\\rust_mozprofileusDoiX\\search.json.mozlz4", (void 0)))
console.warn: TopSitesFeed: Failed to fetch data from Contile server: NetworkError when attempting to fetch resource.
1634112721761	Marionette	INFO	Listening on port 64311
console.error: Region.jsm: "Error fetching region" (new TypeError("NetworkError when attempting to fetch resource.", ""))
console.error: Region.jsm: "Failed to fetch region" (new Error("NO_RESULT", "resource://gre/modules/Region.jsm", 419))
1634112722184	RemoteAgent	WARN	TLS certificate errors will be ignored for this session
1634112879188	Marionette	INFO	Stopped listening on port 64311
JavaScript error: resource:///modules/Interactions.jsm, line 201: NS_ERROR_FAILURE: Component returned failure code: 0x80004005 (NS_ERROR_FAILURE) [nsIUserIdleService.removeIdleObserver]
console.warn: TopSitesFeed: Failed to fetch data from Contile server: NetworkError when attempting to fetch resource.
ists, new profile?" (new NotFoundError("Could not open the file at C:\\Users\\www\\AppData\\Local\\Temp\\rust_mozprofileVn4NSg\\search.json.mozlz4", (void 0)))
console.warn: TopSitesFeed: Failed to fetch data from Contile server: NetworkError when attempting to fetch resource.
1634112791942	Marionette	INFO	Listening on port 63331
console.error: Region.jsm: "Error fetching region" (new TypeError("NetworkError when attempting to fetch resource.", ""))
console.error: Region.jsm: "Failed to fetch region" (new Error("NO_RESULT", "resource://gre/modules/Region.jsm", 419))
1634112792140	RemoteAgent	WARN	TLS certificate errors will be ignored for this session
1634112880084	Marionette	INFO	Stopped listening on port 63331
JavaScript error: resource:///modules/Interactions.jsm, line 201: NS_ERROR_FAILURE: Component returned failure code: 0x80004005 (NS_ERROR_FAILURE) [nsIUserIdleService.removeIdleObserver]
console.warn: TopSitesFeed: Failed to fetch data from Contile server: NetworkError when attempting to fetch resource.

###!!! [Parent][RunMessage] Error: Channel closing: too late to send/recv, messages will be lost

1634112957001	geckodriver	INFO	Listening on 127.0.0.1:52923
1634112960028	mozrunner::runner	INFO	Running command: "C:\\Program Files\\Mozilla Firefox\\firefox.exe" "--marionette" "-no-remote" "-profile" "C:\\Users\\www\\AppData\\Local\\Temp\\rust_mozprofilezoNIcc"
1634112960365	Marionette	INFO	Marionette enabled
console.warn: SearchSettings: "get: No settings file exists, new profile?" (new NotFoundError("Could not open the file at C:\\Users\\www\\AppData\\Local\\Temp\\rust_mozprofilezoNIcc\\search.json.mozlz4", (void 0)))
console.warn: TopSitesFeed: Failed to fetch data from Contile server: NetworkError when attempting to fetch resource.
1634112962604	Marionette	INFO	Listening on port 51536
1634112962653	RemoteAgent	WARN	TLS certificate errors will be ignored for this session
1634113163248	Marionette	INFO	Stopped listening on port 51536
JavaScript error: resource:///modules/Interactions.jsm, line 201: NS_ERROR_FAILURE: Component returned failure code: 0x80004005 (NS_ERROR_FAILURE) [nsIUserIdleService.removeIdleObserver]
console.warn: TopSitesFeed: Failed to fetch data from Contile server: NetworkError when attempting to fetch resource.

###!!! [Parent][RunMessage] Error: Channel closing: too late to send/recv, messages will be lost

p\\rust_mozprofile4hVTu4\\search.json.mozlz4", (void 0)))
console.warn: TopSitesFeed: Failed to fetch data from Contile server: NetworkError when attempting to fetch resource.
1634112984884	Marionette	INFO	Listening on port 57032
console.error: Region.jsm: "Error fetching region" (new TypeError("NetworkError when attempting to fetch resource.", ""))
console.error: Region.jsm: "Failed to fetch region" (new Error("NO_RESULT", "resource://gre/modules/Region.jsm", 419))
1634112985035	RemoteAgent	WARN	TLS certificate errors will be ignored for this session
1634113162395	Marionette	INFO	Stopped listening on port 57032
JavaScript error: resource:///modules/Interactions.jsm, line 201: NS_ERROR_FAILURE: Component returned failure code: 0x80004005 (NS_ERROR_FAILURE) [nsIUserIdleService.removeIdleObserver]
console.warn: TopSitesFeed: Failed to fetch data from Contile server: NetworkError when attempting to fetch resource.
ists, new profile?" (new NotFoundError("Could not open the file at C:\\Users\\www\\AppData\\Local\\Temp\\rust_mozprofileqqvnaT\\search.json.mozlz4", (void 0)))
console.warn: TopSitesFeed: Failed to fetch data from Contile server: NetworkError when attempting to fetch resource.
1634113024617	Marionette	INFO	Listening on port 56577
console.error: Region.jsm: "Error fetching region" (new TypeError("NetworkError when attempting to fetch resource.", ""))
console.error: Region.jsm: "Failed to fetch region" (new Error("NO_RESULT", "resource://gre/modules/Region.jsm", 419))
1634113024840	RemoteAgent	WARN	TLS certificate errors will be ignored for this session
console.error: services.settings: 
  main/query-stripping Signature failed  TypeError: NetworkError when attempting to fetch resource.
1634113161675	Marionette	INFO	Stopped listening on port 56577
JavaScript error: resource:///modules/Interactions.jsm, line 201: NS_ERROR_FAILURE: Component returned failure code: 0x80004005 (NS_ERROR_FAILURE) [nsIUserIdleService.removeIdleObserver]
console.warn: TopSitesFeed: Failed to fetch data from Contile server: NetworkError when attempting to fetch resource.
ists, new profile?" (new NotFoundError("Could not open the file at C:\\Users\\www\\AppData\\Local\\Temp\\rust_mozprofileQBvvq2\\search.json.mozlz4", (void 0)))
console.warn: TopSitesFeed: Failed to fetch data from Contile server: NetworkError when attempting to fetch resource.
1634113052774	Marionette	INFO	Listening on port 53660
console.error: Region.jsm: "Error fetching region" (new TypeError("NetworkError when attempting to fetch resource.", ""))
console.error: Region.jsm: "Failed to fetch region" (new Error("NO_RESULT", "resource://gre/modules/Region.jsm", 419))
1634113053053	RemoteAgent	WARN	TLS certificate errors will be ignored for this session
1634113059698	Marionette	INFO	Stopped listening on port 53660
JavaScript error: resource:///modules/Interactions.jsm, line 201: NS_ERROR_FAILURE: Component returned failure code: 0x80004005 (NS_ERROR_FAILURE) [nsIUserIdleService.removeIdleObserver]

###!!! [Child][RunMessage] Error: Channel closing: too late to send/recv, messages will be lost

console.warn: TopSitesFeed: Failed to fetch data from Contile server: NetworkError when attempting to fetch resource.
