1624324129155	geckodriver	INFO	Listening on 127.0.0.1:50277
1624324132239	mozrunner::runner	INFO	Running command: "C:\\Program Files\\Mozilla Firefox\\firefox.exe" "--marionette" "-foreground" "-no-remote" "-profile" "C:\\Users\\19344\\AppData\\Local\\Temp\\rust_mozprofileiIj8Sr"
1624324132549	Marionette	INFO	Marionette enabled
console.warn: SearchSettings: "get: No settings file exists, new profile?" (new NotFoundError("Could not open the file at C:\\Users\\19344\\AppData\\Local\\Temp\\rust_mozprofileiIj8Sr\\search.json.mozlz4", (void 0)))
1624324134455	Marionette	INFO	Listening on port 61125
1624324134902	Marionette	WARN	TLS certificate errors will be ignored for this session
1624324155511	Marionette	INFO	Stopped listening on port 61125
1624324357042	geckodriver	INFO	Listening on 127.0.0.1:61885
1624324360119	mozrunner::runner	INFO	Running command: "C:\\Program Files\\Mozilla Firefox\\firefox.exe" "--marionette" "-foreground" "-no-remote" "-profile" "C:\\Users\\19344\\AppData\\Local\\Temp\\rust_mozprofileqVOXKF"
1624324360392	Marionette	INFO	Marionette enabled
console.warn: SearchSettings: "get: No settings file exists, new profile?" (new NotFoundError("Could not open the file at C:\\Users\\19344\\AppData\\Local\\Temp\\rust_mozprofileqVOXKF\\search.json.mozlz4", (void 0)))
1624324362195	Marionette	INFO	Listening on port 61893
1624324362273	Marionette	WARN	TLS certificate errors will be ignored for this session
1624324367925	Marionette	WARN	Ignoring event 'DOMContentLoaded' because document has an invalid readyState of 'complete'.
console.error: "Error writing response to: documentElement"
console.error: "Error while calling actor 'domwalker's method 'documentElement'" "Component returned failure code: 0x80070057 (NS_ERROR_ILLEGAL_VALUE) [nsIEventListenerService.getListenerInfoFor]"
console.error: ({})
console.error: (new Error("Protocol error (NS_ERROR_ILLEGAL_VALUE): Component returned failure code: 0x80070057 (NS_ERROR_ILLEGAL_VALUE) [nsIEventListenerService.getListenerInfoFor] from: server0.conn0.child4/domwalker23 (resource://devtools/server/actors/inspector/event-collector.js:266:0)", "resource://devtools/shared/protocol/Front.js", 365))
1624366026966	Marionette	INFO	Stopped listening on port 61893

###!!! [Child][RunMessage] Error: Channel closing: too late to send/recv, messages will be lost

1624601160768	geckodriver	INFO	Listening on 127.0.0.1:64479
1624601163838	mozrunner::runner	INFO	Running command: "C:\\Program Files\\Mozilla Firefox\\firefox.exe" "--marionette" "-foreground" "-no-remote" "-profile" "C:\\Users\\19344\\AppData\\Local\\Temp\\rust_mozprofileGwSkpk"
1624601195156	geckodriver	INFO	Listening on 127.0.0.1:64121
1624601198249	mozrunner::runner	INFO	Running command: "C:\\Program Files\\Mozilla Firefox\\firefox.exe" "--marionette" "-foreground" "-no-remote" "-profile" "C:\\Users\\19344\\AppData\\Local\\Temp\\rust_mozprofileJ7jz3T"
1624601198533	Marionette	INFO	Marionette enabled
console.warn: SearchSettings: "get: No settings file exists, new profile?" (new NotFoundError("Could not open the file at C:\\Users\\19344\\AppData\\Local\\Temp\\rust_mozprofileJ7jz3T\\search.json.mozlz4", (void 0)))
1624601200239	Marionette	INFO	Listening on port 62180
1624601200286	Marionette	WARN	TLS certificate errors will be ignored for this session
1624601232836	Marionette	INFO	Stopped listening on port 62180

###!!! [Child][RunMessage] Error: Channel closing: too late to send/recv, messages will be lost

1624601246139	geckodriver	INFO	Listening on 127.0.0.1:50858
1624601249207	mozrunner::runner	INFO	Running command: "C:\\Program Files\\Mozilla Firefox\\firefox.exe" "--marionette" "-foreground" "-no-remote" "-profile" "C:\\Users\\19344\\AppData\\Local\\Temp\\rust_mozprofile2oClHE"
1624601249467	Marionette	INFO	Marionette enabled
console.warn: SearchSettings: "get: No settings file exists, new profile?" (new NotFoundError("Could not open the file at C:\\Users\\19344\\AppData\\Local\\Temp\\rust_mozprofile2oClHE\\search.json.mozlz4", (void 0)))
1624601251253	Marionette	INFO	Listening on port 50869
1624601251356	Marionette	WARN	TLS certificate errors will be ignored for this session
1624601264031	Marionette	INFO	Stopped listening on port 50869

###!!! [Child][RunMessage] Error: Channel closing: too late to send/recv, messages will be lost

1624601376588	geckodriver	INFO	Listening on 127.0.0.1:65250
1624601379663	mozrunner::runner	INFO	Running command: "C:\\Program Files\\Mozilla Firefox\\firefox.exe" "--marionette" "-foreground" "-no-remote" "-profile" "C:\\Users\\19344\\AppData\\Local\\Temp\\rust_mozprofile4QlPfO"
1624601379921	Marionette	INFO	Marionette enabled
console.warn: SearchSettings: "get: No settings file exists, new profile?" (new NotFoundError("Could not open the file at C:\\Users\\19344\\AppData\\Local\\Temp\\rust_mozprofile4QlPfO\\search.json.mozlz4", (void 0)))
1624601381650	Marionette	INFO	Listening on port 62078
1624601381692	Marionette	WARN	TLS certificate errors will be ignored for this session
console.warn: LoginRecipes: "getRecipes: falling back to a synchronous message for:" "http://127.0.0.1"
1624601689850	Marionette	INFO	Stopped listening on port 62078

###!!! [Child][RunMessage] Error: Channel closing: too late to send/recv, messages will be lost

1624601922360	geckodriver	INFO	Listening on 127.0.0.1:54810
1624601925433	mozrunner::runner	INFO	Running command: "C:\\Program Files\\Mozilla Firefox\\firefox.exe" "--marionette" "-foreground" "-no-remote" "-profile" "C:\\Users\\19344\\AppData\\Local\\Temp\\rust_mozprofileBonnNG"
1624601925696	Marionette	INFO	Marionette enabled
console.warn: SearchSettings: "get: No settings file exists, new profile?" (new NotFoundError("Could not open the file at C:\\Users\\19344\\AppData\\Local\\Temp\\rust_mozprofileBonnNG\\search.json.mozlz4", (void 0)))
1624601927626	Marionette	INFO	Listening on port 64036
1624601928111	Marionette	WARN	TLS certificate errors will be ignored for this session
console.log: WebExtensions: reset-default-search: starting.
console.log: WebExtensions: reset-default-search: No addons in our list are installed.
1624613550912	Marionette	INFO	Stopped listening on port 64036
1634106223718	geckodriver	INFO	Listening on 127.0.0.1:52502
1634106226715	mozprofile::profile	INFO	Using profile path C:\Users\www\AppData\Local\Temp\rust_mozprofile.mE7rrOcWaqiz
1634106226718	geckodriver::marionette	INFO	Starting browser C:\Program Files (x86)\Mozilla Firefox\firefox.exe
1634106226733	geckodriver::marionette	INFO	Connecting to Marionette on localhost:63770
1634106227677	Marionette	INFO	Listening on port 63770
1634106745999	geckodriver	INFO	Listening on 127.0.0.1:61116
1634106748993	mozprofile::profile	INFO	Using profile path C:\Users\www\AppData\Local\Temp\rust_mozprofile.H4oHRVqts8Tv
1634106748997	geckodriver::marionette	INFO	Starting browser C:\Program Files (x86)\Mozilla Firefox\firefox.exe
1634106749008	geckodriver::marionette	INFO	Connecting to Marionette on localhost:61127
1634106749957	Marionette	INFO	Listening on port 61127
JavaScript warning: https://static.hrloo.com/hrloo56/global/js/clipboard280.js?v=20210608221039, line 7: mutating the [[Prototype]] of an object will cause your code to run very slowly; instead create the object with the correct initial [[Prototype]] value using Object.create
JavaScript warning: https://cdn-go.cn/aegis/aegis-sdk/1.34.60/aegis.min.js, line 10: mutating the [[Prototype]] of an object will cause your code to run very slowly; instead create the object with the correct initial [[Prototype]] value using Object.create
1634106823953	geckodriver	INFO	Listening on 127.0.0.1:59766
1634106826964	mozprofile::profile	INFO	Using profile path C:\Users\www\AppData\Local\Temp\rust_mozprofile.BItWwPFRopu3
1634106826967	geckodriver::marionette	INFO	Starting browser C:\Program Files (x86)\Mozilla Firefox\firefox.exe
1634106826979	geckodriver::marionette	INFO	Connecting to Marionette on localhost:59777
1634106827942	Marionette	INFO	Listening on port 59777
1634107307701	geckodriver	INFO	Listening on 127.0.0.1:51930
1634107310626	mozprofile::profile	INFO	Using profile path C:\Users\www\AppData\Local\Temp\rust_mozprofile.6E4qHf4TLd2N
1634107310629	geckodriver::marionette	INFO	Starting browser C:\Program Files (x86)\Mozilla Firefox\firefox.exe
1634107310641	geckodriver::marionette	INFO	Connecting to Marionette on localhost:51941
1634107311668	Marionette	INFO	Listening on port 51941
1634107372999	addons.productaddons	WARN	Failed downloading XML, status: 0, reason: error
1634107618520	geckodriver	INFO	Listening on 127.0.0.1:59473
1634107621506	mozprofile::profile	INFO	Using profile path C:\Users\www\AppData\Local\Temp\rust_mozprofile.iCOcA8DGIxB6
1634107621512	geckodriver::marionette	INFO	Starting browser C:\Program Files (x86)\Mozilla Firefox\firefox.exe
1634107621523	geckodriver::marionette	INFO	Connecting to Marionette on localhost:59485
1634107622471	Marionette	INFO	Listening on port 59485
1634107735370	geckodriver	INFO	Listening on 127.0.0.1:62102
1634107738371	mozprofile::profile	INFO	Using profile path C:\Users\www\AppData\Local\Temp\rust_mozprofile.ushzFgDW5uIr
1634107738375	geckodriver::marionette	INFO	Starting browser C:\Program Files (x86)\Mozilla Firefox\firefox.exe
1634107738386	geckodriver::marionette	INFO	Connecting to Marionette on localhost:62112
1634107739357	Marionette	INFO	Listening on port 62112
1634107800788	addons.productaddons	WARN	Failed downloading XML, status: 0, reason: error
1634107974849	geckodriver	INFO	Listening on 127.0.0.1:55488
1634107977785	mozprofile::profile	INFO	Using profile path C:\Users\www\AppData\Local\Temp\rust_mozprofile.4EOsEHFARs3S
1634107977788	geckodriver::marionette	INFO	Starting browser C:\Program Files (x86)\Mozilla Firefox\firefox.exe
1634107977804	geckodriver::marionette	INFO	Connecting to Marionette on localhost:55502
1634107978763	Marionette	INFO	Listening on port 55502
1634108506180	geckodriver	INFO	Listening on 127.0.0.1:53100
1634109976623	geckodriver	INFO	Listening on 127.0.0.1:58192
1634109979582	mozrunner::runner	INFO	Running command: "C:\\Program Files\\Mozilla Firefox\\firefox.exe" "--marionette" "-no-remote" "-profile" "C:\\Users\\www\\AppData\\Local\\Temp\\rust_mozprofilelUg5As"
1634109981146	Marionette	INFO	Marionette enabled
console.warn: SearchSettings: "get: No settings file exists, new profile?" (new NotFoundError("Could not open the file at C:\\Users\\www\\AppData\\Local\\Temp\\rust_mozprofilelUg5As\\search.json.mozlz4", (void 0)))
console.warn: TopSitesFeed: Failed to fetch data from Contile server: NetworkError when attempting to fetch resource.
1634109983251	Marionette	INFO	Listening on port 58202
console.error: Region.jsm: "Error fetching region" (new TypeError("NetworkError when attempting to fetch resource.", ""))
console.error: Region.jsm: "Failed to fetch region" (new Error("NO_RESULT", "resource://gre/modules/Region.jsm", 419))
1634109983835	RemoteAgent	WARN	TLS certificate errors will be ignored for this session
1634110266642	Marionette	INFO	Stopped listening on port 58202
JavaScript error: resource:///modules/Interactions.jsm, line 201: NS_ERROR_FAILURE: Component returned failure code: 0x80004005 (NS_ERROR_FAILURE) [nsIUserIdleService.removeIdleObserver]
console.warn: TopSitesFeed: Failed to fetch data from Contile server: NetworkError when attempting to fetch resource.
ists, new profile?" (new NotFoundError("Could not open the file at C:\\Users\\www\\AppData\\Local\\Temp\\rust_mozprofileyU0koJ\\search.json.mozlz4", (void 0)))
console.warn: TopSitesFeed: Failed to fetch data from Contile server: NetworkError when attempting to fetch resource.
1634110089011	Marionette	INFO	Listening on port 57820
1634110089075	RemoteAgent	WARN	TLS certificate errors will be ignored for this session
SourceActor threw an exception: Error: Failed to fetch https://passport.hrloo.com/user/login?referer=https%3A%2F%2Fwww.hrloo.com&wx_check_login=no_check. Code 2153390067.
Stack: onResponse@resource://devtools/shared/DevToolsUtils.js:556:16
onStopRequest@resource://gre/modules/NetUtil.jsm:128:18
Line: 556, column: 16
console.error: (new Error("Failed to fetch https://passport.hrloo.com/user/login?referer=https%3A%2F%2Fwww.hrloo.com&wx_check_login=no_check. Code 2153390067.", "resource://devtools/shared/DevToolsUtils.js", 556))
JavaScript error: resource://devtools/shared/DevToolsUtils.js, line 556: Error: Failed to fetch https://passport.hrloo.com/user/login?referer=https%3A%2F%2Fwww.hrloo.com&wx_check_login=no_check. Code 2153390067.
SourceActor threw an exception: Error: Failed to fetch https://t.captcha.qq.com/template/drag_ele.html?t=1634110089721. Code 2153390067.
Stack: onResponse@resource://devtools/shared/DevToolsUtils.js:556:16
onStopRequest@resource://gre/modules/NetUtil.jsm:128:18
Line: 556, column: 16
console.error: (new Error("Failed to fetch https://t.captcha.qq.com/template/drag_ele.html?t=1634110089721. Code 2153390067.", "resource://devtools/shared/DevToolsUtils.js", 556))
JavaScript error: resource://devtools/shared/DevToolsUtils.js, line 556: Error: Failed to fetch https://t.captcha.qq.com/template/drag_ele.html?t=1634110089721. Code 2153390067.
SourceActor threw an exception: Error: Failed to fetch https://static.hrloo.com/hrloo/passport/js/config.min.js?v=20210430103650. Code 2153390067.
Stack: onResponse@resource://devtools/shared/DevToolsUtils.js:556:16
onStopRequest@resource://gre/modules/NetUtil.jsm:128:18
Line: 556, column: 16
console.error: (new Error("Failed to fetch https://static.hrloo.com/hrloo/passport/js/config.min.js?v=20210430103650. Code 2153390067.", "resource://devtools/shared/DevToolsUtils.js", 556))
JavaScript error: resource://devtools/shared/DevToolsUtils.js, line 556: Error: Failed to fetch https://static.hrloo.com/hrloo/passport/js/config.min.js?v=20210430103650. Code 2153390067.
1634110267483	Marionette	INFO	Stopped listening on port 57820
JavaScript error: resource:///modules/Interactions.jsm, line 201: NS_ERROR_FAILURE: Component returned failure code: 0x80004005 (NS_ERROR_FAILURE) [nsIUserIdleService.removeIdleObserver]
console.warn: TopSitesFeed: Failed to fetch data from Contile server: NetworkError when attempting to fetch resource.
1634110820035	geckodriver	INFO	Listening on 127.0.0.1:60240
1634110822999	mozrunner::runner	INFO	Running command: "C:\\Program Files\\Mozilla Firefox\\firefox.exe" "--marionette" "-no-remote" "-profile" "C:\\Users\\www\\AppData\\Local\\Temp\\rust_mozprofileLjDInW"
1634110823520	Marionette	INFO	Marionette enabled
console.warn: SearchSettings: "get: No settings file exists, new profile?" (new NotFoundError("Could not open the file at C:\\Users\\www\\AppData\\Local\\Temp\\rust_mozprofileLjDInW\\search.json.mozlz4", (void 0)))
1634110825483	Marionette	INFO	Listening on port 61292
console.error: Region.jsm: "Error fetching region" (new TypeError("NetworkError when attempting to fetch resource.", ""))
console.error: Region.jsm: "Failed to fetch region" (new Error("NO_RESULT", "resource://gre/modules/Region.jsm", 419))
1634110825623	RemoteAgent	WARN	TLS certificate errors will be ignored for this session
1634111006917	Marionette	INFO	Stopped listening on port 61292
JavaScript error: resource:///modules/Interactions.jsm, line 201: NS_ERROR_FAILURE: Component returned failure code: 0x80004005 (NS_ERROR_FAILURE) [nsIUserIdleService.removeIdleObserver]
console.warn: TopSitesFeed: Failed to fetch data from Contile server: NetworkError when attempting to fetch resource.
ists, new profile?" (new NotFoundError("Could not open the file at C:\\Users\\www\\AppData\\Local\\Temp\\rust_mozprofilelrMLTS\\search.json.mozlz4", (void 0)))
console.warn: TopSitesFeed: Failed to fetch data from Contile server: NetworkError when attempting to fetch resource.
1634110915176	Marionette	INFO	Listening on port 59257
console.error: Region.jsm: "Error fetching region" (new TypeError("NetworkError when attempting to fetch resource.", ""))
console.error: Region.jsm: "Failed to fetch region" (new Error("NO_RESULT", "resource://gre/modules/Region.jsm", 419))
1634110915613	RemoteAgent	WARN	TLS certificate errors will be ignored for this session
1634111005803	Marionette	INFO	Stopped listening on port 59257
JavaScript error: resource:///modules/Interactions.jsm, line 201: NS_ERROR_FAILURE: Component returned failure code: 0x80004005 (NS_ERROR_FAILURE) [nsIUserIdleService.removeIdleObserver]

###!!! [Child][RunMessage] Error: Channel closing: too late to send/recv, messages will be lost

console.warn: TopSitesFeed: Failed to fetch data from Contile server: NetworkError when attempting to fetch resource.

###!!! [Parent][RunMessage] Error: Channel closing: too late to send/recv, messages will be lost

h data from Contile server: NetworkError when attempting to fetch resource.
1634110976196	Marionette	INFO	Listening on port 55111
console.error: Region.jsm: "Error fetching region" (new TypeError("NetworkError when attempting to fetch resource.", ""))
console.error: Region.jsm: "Failed to fetch region" (new Error("NO_RESULT", "resource://gre/modules/Region.jsm", 419))
1634110976454	RemoteAgent	WARN	TLS certificate errors will be ignored for this session
1634111005031	Marionette	INFO	Stopped listening on port 55111
JavaScript error: resource:///modules/Interactions.jsm, line 201: NS_ERROR_FAILURE: Component returned failure code: 0x80004005 (NS_ERROR_FAILURE) [nsIUserIdleService.removeIdleObserver]
console.warn: TopSitesFeed: Failed to fetch data from Contile server: NetworkError when attempting to fetch resource.

###!!! [Parent][RunMessage] Error: Channel closing: too late to send/recv, messages will be lost

1634111999748	geckodriver	INFO	Listening on 127.0.0.1:59536
1634112002766	mozrunner::runner	INFO	Running command: "C:\\Program Files\\Mozilla Firefox\\firefox.exe" "--marionette" "-no-remote" "-profile" "C:\\Users\\www\\AppData\\Local\\Temp\\rust_mozprofileNwKnSF"
1634112003086	Marionette	INFO	Marionette enabled
console.warn: SearchSettings: "get: No settings file exists, new profile?" (new NotFoundError("Could not open the file at C:\\Users\\www\\AppData\\Local\\Temp\\rust_mozprofileNwKnSF\\search.json.mozlz4", (void 0)))
console.warn: TopSitesFeed: Failed to fetch data from Contile server: NetworkError when attempting to fetch resource.
1634112005289	Marionette	INFO	Listening on port 56273
console.error: Region.jsm: "Error fetching region" (new TypeError("NetworkError when attempting to fetch resource.", ""))
console.error: Region.jsm: "Failed to fetch region" (new Error("NO_RESULT", "resource://gre/modules/Region.jsm", 419))
1634112005393	RemoteAgent	WARN	TLS certificate errors will be ignored for this session
1634112405483	Marionette	INFO	Stopped listening on port 56273
JavaScript error: resource:///modules/Interactions.jsm, line 201: NS_ERROR_FAILURE: Component returned failure code: 0x80004005 (NS_ERROR_FAILURE) [nsIUserIdleService.removeIdleObserver]
console.warn: TopSitesFeed: Failed to fetch data from Contile server: NetworkError when attempting to fetch resource.
ists, new profile?" (new NotFoundError("Could not open the file at C:\\Users\\www\\AppData\\Local\\Temp\\rust_mozprofilebwGwSS\\search.json.mozlz4", (void 0)))
console.warn: TopSitesFeed: Failed to fetch data from Contile server: NetworkError when attempting to fetch resource.
console.error: Region.jsm: "Error fetching region" (new TypeError("NetworkError when attempting to fetch resource.", ""))
console.error: Region.jsm: "Failed to fetch region" (new Error("NO_RESULT", "resource://gre/modules/Region.jsm", 419))
1634112063361	Marionette	INFO	Listening on port 55123
1634112063721	RemoteAgent	WARN	TLS certificate errors will be ignored for this session
1634112401164	Marionette	INFO	Stopped listening on port 55123
JavaScript error: resource:///modules/Interactions.jsm, line 201: NS_ERROR_FAILURE: Component returned failure code: 0x80004005 (NS_ERROR_FAILURE) [nsIUserIdleService.removeIdleObserver]
console.warn: TopSitesFeed: Failed to fetch data from Contile server: NetworkError when attempting to fetch resource.
1634112495154	geckodriver	INFO	Listening on 127.0.0.1:54208
1634112498181	mozrunner::runner	INFO	Running command: "C:\\Program Files\\Mozilla Firefox\\firefox.exe" "--marionette" "-no-remote" "-profile" "C:\\Users\\www\\AppData\\Local\\Temp\\rust_mozprofilet9Pzxg"
1634112499459	Marionette	INFO	Marionette enabled
console.warn: SearchSettings: "get: No settings file exists, new profile?" (new NotFoundError("Could not open the file at C:\\Users\\www\\AppData\\Local\\Temp\\rust_mozprofilet9Pzxg\\search.json.mozlz4", (void 0)))
console.warn: TopSitesFeed: Failed to fetch data from Contile server: NetworkError when attempting to fetch resource.
1634112501777	Marionette	INFO	Listening on port 65063
1634112501828	RemoteAgent	WARN	TLS certificate errors will be ignored for this session
1634112596573	Marionette	INFO	Stopped listening on port 65063
JavaScript error: resource:///modules/Interactions.jsm, line 201: NS_ERROR_FAILURE: Component returned failure code: 0x80004005 (NS_ERROR_FAILURE) [nsIUserIdleService.removeIdleObserver]
console.warn: TopSitesFeed: Failed to fetch data from Contile server: NetworkError when attempting to fetch resource.
1634112632227	geckodriver	INFO	Listening on 127.0.0.1:58931
1634112635255	mozrunner::runner	INFO	Running command: "C:\\Program Files\\Mozilla Firefox\\firefox.exe" "--marionette" "-no-remote" "-profile" "C:\\Users\\www\\AppData\\Local\\Temp\\rust_mozprofileH9jdnZ"
1634112636071	Marionette	INFO	Marionette enabled
console.warn: SearchSettings: "get: No settings file exists, new profile?" (new NotFoundError("Could not open the file at C:\\Users\\www\\AppData\\Local\\Temp\\rust_mozprofileH9jdnZ\\search.json.mozlz4", (void 0)))
1634112638139	Marionette	INFO	Listening on port 61580
console.warn: TopSitesFeed: Failed to fetch data from Contile server: NetworkError when attempting to fetch resource.
console.error: Region.jsm: "Error fetching region" (new TypeError("NetworkError when attempting to fetch resource.", ""))
console.error: Region.jsm: "Failed to fetch region" (new Error("NO_RESULT", "resource://gre/modules/Region.jsm", 419))
1634112638380	RemoteAgent	WARN	TLS certificate errors will be ignored for this session
SourceActor threw an exception: Error: Failed to fetch https://t.captcha.qq.com/template/drag_ele.html?t=1634112638911. Code 2153390067.
Stack: onResponse@resource://devtools/shared/DevToolsUtils.js:556:16
onStopRequest@resource://gre/modules/NetUtil.jsm:128:18
Line: 556, column: 16
console.error: (new Error("Failed to fetch https://t.captcha.qq.com/template/drag_ele.html?t=1634112638911. Code 2153390067.", "resource://devtools/shared/DevToolsUtils.js", 556))
JavaScript error: resource://devtools/shared/DevToolsUtils.js, line 556: Error: Failed to fetch https://t.captcha.qq.com/template/drag_ele.html?t=1634112638911. Code 2153390067.
SourceActor threw an exception: Error: Failed to fetch https://passport.hrloo.com/user/login?referer=https%3A%2F%2Fwww.hrloo.com&wx_check_login=no_check. Code 2153390067.
Stack: onResponse@resource://devtools/shared/DevToolsUtils.js:556:16
onStopRequest@resource://gre/modules/NetUtil.jsm:128:18
Line: 556, column: 16
console.error: (new Error("Failed to fetch https://passport.hrloo.com/user/login?referer=https%3A%2F%2Fwww.hrloo.com&wx_check_login=no_check. Code 2153390067.", "resource://devtools/shared/DevToolsUtils.js", 556))
JavaScript error: resource://devtools/shared/DevToolsUtils.js, line 556: Error: Failed to fetch https://passport.hrloo.com/user/login?referer=https%3A%2F%2Fwww.hrloo.com&wx_check_login=no_check. Code 2153390067.
SourceActor threw an exception: Error: Failed to fetch https://static.hrloo.com/hrloo/passport/js/config.min.js?v=20210430103650. Code 2153390067.
Stack: onResponse@resource://devtools/shared/DevToolsUtils.js:556:16
onStopRequest@resource://gre/modules/NetUtil.jsm:128:18
Line: 556, column: 16
console.error: (new Error("Failed to fetch https://static.hrloo.com/hrloo/passport/js/config.min.js?v=20210430103650. Code 2153390067.", "resource://devtools/shared/DevToolsUtils.js", 556))
JavaScript error: resource://devtools/shared/DevToolsUtils.js, line 556: Error: Failed to fetch https://static.hrloo.com/hrloo/passport/js/config.min.js?v=20210430103650. Code 2153390067.
JavaScript error: resource://gre/actors/AutoCompleteChild.jsm, line 125: Error: Invalid autocomplete selectedIndex
JavaScript error: resource://gre/actors/AutoCompleteChild.jsm, line 125: Error: Invalid autocomplete selectedIndex
JavaScript error: resource://gre/actors/AutoCompleteChild.jsm, line 125: Error: Invalid autocomplete selectedIndex
1634113146646	addons.xpi	ERROR	System addon update list error Error: Failed downloading XML, status: 0, reason: error
1634113165563	Marionette	INFO	Stopped listening on port 61580
JavaScript error: resource:///modules/Interactions.jsm, line 201: NS_ERROR_FAILURE: Component returned failure code: 0x80004005 (NS_ERROR_FAILURE) [nsIUserIdleService.removeIdleObserver]
console.warn: TopSitesFeed: Failed to fetch data from Contile server: NetworkError when attempting to fetch resource.
1634113484346	geckodriver	INFO	Listening on 127.0.0.1:59436
1634113487372	mozrunner::runner	INFO	Running command: "C:\\Program Files\\Mozilla Firefox\\firefox.exe" "--marionette" "-no-remote" "-profile" "C:\\Users\\www\\AppData\\Local\\Temp\\rust_mozprofileaQ7LOr"
1634113487948	Marionette	INFO	Marionette enabled
console.warn: SearchSettings: "get: No settings file exists, new profile?" (new NotFoundError("Could not open the file at C:\\Users\\www\\AppData\\Local\\Temp\\rust_mozprofileaQ7LOr\\search.json.mozlz4", (void 0)))
console.warn: TopSitesFeed: Failed to fetch data from Contile server: NetworkError when attempting to fetch resource.
1634113489892	Marionette	INFO	Listening on port 50423
1634113489994	RemoteAgent	WARN	TLS certificate errors will be ignored for this session
1634113548035	Marionette	INFO	Stopped listening on port 50423
JavaScript error: resource:///modules/Interactions.jsm, line 201: NS_ERROR_FAILURE: Component returned failure code: 0x80004005 (NS_ERROR_FAILURE) [nsIUserIdleService.removeIdleObserver]
console.warn: TopSitesFeed: Failed to fetch data from Contile server: NetworkError when attempting to fetch resource.

###!!! [Parent][RunMessage] Error: Channel closing: too late to send/recv, messages will be lost

1634113646527	geckodriver	INFO	Listening on 127.0.0.1:64467
1634113649554	mozrunner::runner	INFO	Running command: "C:\\Program Files\\Mozilla Firefox\\firefox.exe" "--marionette" "-no-remote" "-profile" "C:\\Users\\www\\AppData\\Local\\Temp\\rust_mozprofileo4zYPp"
1634113649877	Marionette	INFO	Marionette enabled
console.warn: SearchSettings: "get: No settings file exists, new profile?" (new NotFoundError("Could not open the file at C:\\Users\\www\\AppData\\Local\\Temp\\rust_mozprofileo4zYPp\\search.json.mozlz4", (void 0)))
console.warn: TopSitesFeed: Failed to fetch data from Contile server: NetworkError when attempting to fetch resource.
1634113652037	Marionette	INFO	Listening on port 56006
console.error: Region.jsm: "Error fetching region" (new TypeError("NetworkError when attempting to fetch resource.", ""))
console.error: Region.jsm: "Failed to fetch region" (new Error("NO_RESULT", "resource://gre/modules/Region.jsm", 419))
1634113652175	RemoteAgent	WARN	TLS certificate errors will be ignored for this session
1634113686292	Marionette	INFO	Stopped listening on port 56006
JavaScript error: resource:///modules/Interactions.jsm, line 201: NS_ERROR_FAILURE: Component returned failure code: 0x80004005 (NS_ERROR_FAILURE) [nsIUserIdleService.removeIdleObserver]
console.warn: TopSitesFeed: Failed to fetch data from Contile server: NetworkError when attempting to fetch resource.
[Parent 19892, IPC I/O Parent] WARNING: file /builds/worker/checkouts/gecko/ipc/chromium/src/base/process_util_win.cc:167
1634113722474	geckodriver	INFO	Listening on 127.0.0.1:64302
1634113725498	mozrunner::runner	INFO	Running command: "C:\\Program Files\\Mozilla Firefox\\firefox.exe" "--marionette" "-no-remote" "-profile" "C:\\Users\\www\\AppData\\Local\\Temp\\rust_mozprofilenlGtdl"
1634113726067	Marionette	INFO	Marionette enabled
console.warn: SearchSettings: "get: No settings file exists, new profile?" (new NotFoundError("Could not open the file at C:\\Users\\www\\AppData\\Local\\Temp\\rust_mozprofilenlGtdl\\search.json.mozlz4", (void 0)))
console.warn: TopSitesFeed: Failed to fetch data from Contile server: NetworkError when attempting to fetch resource.
console.error: Region.jsm: "Error fetching region" (new TypeError("NetworkError when attempting to fetch resource.", ""))
console.error: Region.jsm: "Failed to fetch region" (new Error("NO_RESULT", "resource://gre/modules/Region.jsm", 419))
1634113728352	Marionette	INFO	Listening on port 60287
1634113728631	RemoteAgent	WARN	TLS certificate errors will be ignored for this session
SourceActor threw an exception: Error: Failed to fetch https://www.hrloo.com/. Code 2153390067.
Stack: onResponse@resource://devtools/shared/DevToolsUtils.js:556:16
onStopRequest@resource://gre/modules/NetUtil.jsm:128:18
Line: 556, column: 16
console.error: (new Error("Failed to fetch https://www.hrloo.com/. Code 2153390067.", "resource://devtools/shared/DevToolsUtils.js", 556))
JavaScript error: resource://devtools/shared/DevToolsUtils.js, line 556: Error: Failed to fetch https://www.hrloo.com/. Code 2153390067.
SourceActor threw an exception: Error: Failed to fetch https://static.hrloo.com/hrloo/home/js/config.min.js?v=20210418162121. Code 2153390067.
Stack: onResponse@resource://devtools/shared/DevToolsUtils.js:556:16
onStopRequest@resource://gre/modules/NetUtil.jsm:128:18
Line: 556, column: 16
console.error: (new Error("Failed to fetch https://static.hrloo.com/hrloo/home/js/config.min.js?v=20210418162121. Code 2153390067.", "resource://devtools/shared/DevToolsUtils.js", 556))
JavaScript error: resource://devtools/shared/DevToolsUtils.js, line 556: Error: Failed to fetch https://static.hrloo.com/hrloo/home/js/config.min.js?v=20210418162121. Code 2153390067.
JavaScript error: chrome://pippki/content/certManager.js, line 793: TypeError: caTreeView.loadCerts is not a function
console.log: WebExtensions: reset-default-search: starting.
console.log: WebExtensions: reset-default-search: No addons in our list are installed.
1634114398632	Marionette	INFO	Stopped listening on port 60287
JavaScript error: resource:///modules/Interactions.jsm, line 201: NS_ERROR_FAILURE: Component returned failure code: 0x80004005 (NS_ERROR_FAILURE) [nsIUserIdleService.removeIdleObserver]
console.warn: TopSitesFeed: Failed to fetch data from Contile server: NetworkError when attempting to fetch resource.
ists, new profile?" (new NotFoundError("Could not open the file at C:\\Users\\www\\AppData\\Local\\Temp\\rust_mozprofileRUkys8\\search.json.mozlz4", (void 0)))
console.warn: TopSitesFeed: Failed to fetch data from Contile server: NetworkError when attempting to fetch resource.
1634114362352	Marionette	INFO	Listening on port 60000
console.error: Region.jsm: "Error fetching region" (new TypeError("NetworkError when attempting to fetch resource.", ""))
console.error: Region.jsm: "Failed to fetch region" (new Error("NO_RESULT", "resource://gre/modules/Region.jsm", 419))
1634114362720	RemoteAgent	WARN	TLS certificate errors will be ignored for this session
1634114419996	Marionette	INFO	Stopped listening on port 60000
JavaScript error: resource:///modules/Interactions.jsm, line 201: NS_ERROR_FAILURE: Component returned failure code: 0x80004005 (NS_ERROR_FAILURE) [nsIUserIdleService.removeIdleObserver]
console.warn: TopSitesFeed: Failed to fetch data from Contile server: NetworkError when attempting to fetch resource.
1634114489852	geckodriver	INFO	Listening on 127.0.0.1:61274
1634114492885	mozrunner::runner	INFO	Running command: "C:\\Program Files\\Mozilla Firefox\\firefox.exe" "--marionette" "-no-remote" "-profile" "C:\\Users\\www\\AppData\\Local\\Temp\\rust_mozprofileQyvrMm"
1634114493605	Marionette	INFO	Marionette enabled
console.warn: SearchSettings: "get: No settings file exists, new profile?" (new NotFoundError("Could not open the file at C:\\Users\\www\\AppData\\Local\\Temp\\rust_mozprofileQyvrMm\\search.json.mozlz4", (void 0)))
console.warn: TopSitesFeed: Failed to fetch data from Contile server: NetworkError when attempting to fetch resource.
1634114495561	Marionette	INFO	Listening on port 51456
console.error: Region.jsm: "Error fetching region" (new TypeError("NetworkError when attempting to fetch resource.", ""))
console.error: Region.jsm: "Failed to fetch region" (new Error("NO_RESULT", "resource://gre/modules/Region.jsm", 419))
1634114496015	RemoteAgent	WARN	TLS certificate errors will be ignored for this session
1634114921237	Marionette	INFO	Stopped listening on port 51456
JavaScript error: resource:///modules/Interactions.jsm, line 201: NS_ERROR_FAILURE: Component returned failure code: 0x80004005 (NS_ERROR_FAILURE) [nsIUserIdleService.removeIdleObserver]

###!!! [Child][RunMessage] Error: Channel closing: too late to send/recv, messages will be lost


###!!! [Child][RunMessage] Error: Channel closing: too late to send/recv, messages will be lost


###!!! [Child][RunMessage] Error: Channel closing: too late to send/recv, messages will be lost

console.warn: TopSitesFeed: Failed to fetch data from Contile server: NetworkError when attempting to fetch resource.
JavaScript error: chrome://remote/content/marionette/cert.js, line 55: NS_ERROR_NOT_AVAILABLE: Component returned failure code: 0x80040111 (NS_ERROR_NOT_AVAILABLE) [nsICertOverrideService.setDisableAllSecurityChecksAndLetAttackersInterceptMyData]

###!!! [Parent][RunMessage] Error: Channel closing: too late to send/recv, messages will be lost

his session
1634114922266	Marionette	INFO	Stopped listening on port 55876
JavaScript error: resource:///modules/Interactions.jsm, line 201: NS_ERROR_FAILURE: Component returned failure code: 0x80004005 (NS_ERROR_FAILURE) [nsIUserIdleService.removeIdleObserver]

###!!! [Child][RunMessage] Error: Channel closing: too late to send/recv, messages will be lost


###!!! [Child][RunMessage] Error: Channel closing: too late to send/recv, messages will be lost

console.warn: TopSitesFeed: Failed to fetch data from Contile server: NetworkError when attempting to fetch resource.
JavaScript error: chrome://remote/content/marionette/cert.js, line 55: NS_ERROR_NOT_AVAILABLE: Component returned failure code: 0x80040111 (NS_ERROR_NOT_AVAILABLE) [nsICertOverrideService.setDisableAllSecurityChecksAndLetAttackersInterceptMyData]
[Parent 22232, IPC I/O Parent] WARNING: file /builds/worker/checkouts/gecko/ipc/chromium/src/base/process_util_win.cc:167
1634114959125	geckodriver	INFO	Listening on 127.0.0.1:54709
1634114962151	mozrunner::runner	INFO	Running command: "C:\\Program Files\\Mozilla Firefox\\firefox.exe" "--marionette" "-no-remote" "-profile" "C:\\Users\\www\\AppData\\Local\\Temp\\rust_mozprofileIAttUE"
1634114963040	Marionette	INFO	Marionette enabled
console.warn: SearchSettings: "get: No settings file exists, new profile?" (new NotFoundError("Could not open the file at C:\\Users\\www\\AppData\\Local\\Temp\\rust_mozprofileIAttUE\\search.json.mozlz4", (void 0)))
console.warn: TopSitesFeed: Failed to fetch data from Contile server: NetworkError when attempting to fetch resource.
1634114965078	Marionette	INFO	Listening on port 54718
console.error: Region.jsm: "Error fetching region" (new TypeError("NetworkError when attempting to fetch resource.", ""))
console.error: Region.jsm: "Failed to fetch region" (new Error("NO_RESULT", "resource://gre/modules/Region.jsm", 419))
1634114965282	RemoteAgent	WARN	TLS certificate errors will be ignored for this session
1634115001639	Marionette	INFO	Stopped listening on port 54718
JavaScript error: resource:///modules/Interactions.jsm, line 201: NS_ERROR_FAILURE: Component returned failure code: 0x80004005 (NS_ERROR_FAILURE) [nsIUserIdleService.removeIdleObserver]
console.warn: TopSitesFeed: Failed to fetch data from Contile server: NetworkError when attempting to fetch resource.

###!!! [Child][MessageChannel] Error: (msgtype=0x680023,name=PNecko::Msg_RemoveRequestContext) Channel closing: too late to send/recv, messages will be lost

1634115026764	geckodriver	INFO	Listening on 127.0.0.1:58433
1634115029800	mozrunner::runner	INFO	Running command: "C:\\Program Files\\Mozilla Firefox\\firefox.exe" "--marionette" "-no-remote" "-profile" "C:\\Users\\www\\AppData\\Local\\Temp\\rust_mozprofile7OO77p"
1634115030719	Marionette	INFO	Marionette enabled
console.warn: SearchSettings: "get: No settings file exists, new profile?" (new NotFoundError("Could not open the file at C:\\Users\\www\\AppData\\Local\\Temp\\rust_mozprofile7OO77p\\search.json.mozlz4", (void 0)))
console.warn: TopSitesFeed: Failed to fetch data from Contile server: NetworkError when attempting to fetch resource.
1634115032813	Marionette	INFO	Listening on port 58442
1634115032928	RemoteAgent	WARN	TLS certificate errors will be ignored for this session
SourceActor threw an exception: Error: Failed to fetch https://static.hrloo.com/hrloo/home/js/config.min.js?v=20210418162121. Code 2153390067.
Stack: onResponse@resource://devtools/shared/DevToolsUtils.js:556:16
onStopRequest@resource://gre/modules/NetUtil.jsm:128:18
Line: 556, column: 16
console.error: (new Error("Failed to fetch https://static.hrloo.com/hrloo/home/js/config.min.js?v=20210418162121. Code 2153390067.", "resource://devtools/shared/DevToolsUtils.js", 556))
SourceActor threw an exception: Error: Failed to fetch https://www.hrloo.com/. Code 2153390067.
Stack: onResponse@resource://devtools/shared/DevToolsUtils.js:556:16
onStopRequest@resource://gre/modules/NetUtil.jsm:128:18
Line: 556, column: 16
console.error: (new Error("Failed to fetch https://www.hrloo.com/. Code 2153390067.", "resource://devtools/shared/DevToolsUtils.js", 556))
JavaScript error: resource://devtools/shared/DevToolsUtils.js, line 556: Error: Failed to fetch https://static.hrloo.com/hrloo/home/js/config.min.js?v=20210418162121. Code 2153390067.
JavaScript error: resource://devtools/shared/DevToolsUtils.js, line 556: Error: Failed to fetch https://www.hrloo.com/. Code 2153390067.
1634115334425	Marionette	INFO	Stopped listening on port 58442
JavaScript error: resource:///modules/Interactions.jsm, line 201: NS_ERROR_FAILURE: Component returned failure code: 0x80004005 (NS_ERROR_FAILURE) [nsIUserIdleService.removeIdleObserver]
console.warn: TopSitesFeed: Failed to fetch data from Contile server: NetworkError when attempting to fetch resource.

###!!! [Parent][RunMessage] Error: Channel closing: too late to send/recv, messages will be lost

p\\rust_mozprofilegd5JeU\\search.json.mozlz4", (void 0)))
console.warn: TopSitesFeed: Failed to fetch data from Contile server: NetworkError when attempting to fetch resource.
console.error: Region.jsm: "Error fetching region" (new TypeError("NetworkError when attempting to fetch resource.", ""))
console.error: Region.jsm: "Failed to fetch region" (new Error("NO_RESULT", "resource://gre/modules/Region.jsm", 419))
1634115290696	Marionette	INFO	Listening on port 62952
1634115291065	RemoteAgent	WARN	TLS certificate errors will be ignored for this session
1634115798709	addons.xpi	ERROR	System addon update list error Error: Failed downloading XML, status: 0, reason: error
1634116516739	Marionette	INFO	Stopped listening on port 62952
JavaScript error: resource:///modules/Interactions.jsm, line 201: NS_ERROR_FAILURE: Component returned failure code: 0x80004005 (NS_ERROR_FAILURE) [nsIUserIdleService.removeIdleObserver]
console.warn: TopSitesFeed: Failed to fetch data from Contile server: NetworkError when attempting to fetch resource.
1634116535817	geckodriver	INFO	Listening on 127.0.0.1:60151
1634116538847	mozrunner::runner	INFO	Running command: "C:\\Program Files\\Mozilla Firefox\\firefox.exe" "--marionette" "-no-remote" "-profile" "C:\\Users\\www\\AppData\\Local\\Temp\\rust_mozprofileJ6NeEl"
1634116539660	Marionette	INFO	Marionette enabled
console.warn: SearchSettings: "get: No settings file exists, new profile?" (new NotFoundError("Could not open the file at C:\\Users\\www\\AppData\\Local\\Temp\\rust_mozprofileJ6NeEl\\search.json.mozlz4", (void 0)))
console.warn: TopSitesFeed: Failed to fetch data from Contile server: NetworkError when attempting to fetch resource.
1634116541880	Marionette	INFO	Listening on port 60161
console.error: Region.jsm: "Error fetching region" (new TypeError("NetworkError when attempting to fetch resource.", ""))
console.error: Region.jsm: "Failed to fetch region" (new Error("NO_RESULT", "resource://gre/modules/Region.jsm", 419))
1634116541974	RemoteAgent	WARN	TLS certificate errors will be ignored for this session
1634116701593	Marionette	INFO	Stopped listening on port 60161
JavaScript error: resource:///modules/Interactions.jsm, line 201: NS_ERROR_FAILURE: Component returned failure code: 0x80004005 (NS_ERROR_FAILURE) [nsIUserIdleService.removeIdleObserver]

###!!! [Child][RunMessage] Error: Channel closing: too late to send/recv, messages will be lost

console.warn: TopSitesFeed: Failed to fetch data from Contile server: NetworkError when attempting to fetch resource.
1634116752495	geckodriver	INFO	Listening on 127.0.0.1:54017
1634116755517	mozrunner::runner	INFO	Running command: "C:\\Program Files\\Mozilla Firefox\\firefox.exe" "--marionette" "-no-remote" "-profile" "C:\\Users\\www\\AppData\\Local\\Temp\\rust_mozprofileWBHrIK"
1634116756076	Marionette	INFO	Marionette enabled
console.warn: SearchSettings: "get: No settings file exists, new profile?" (new NotFoundError("Could not open the file at C:\\Users\\www\\AppData\\Local\\Temp\\rust_mozprofileWBHrIK\\search.json.mozlz4", (void 0)))
1634116758383	Marionette	INFO	Listening on port 54026
1634116758646	RemoteAgent	WARN	TLS certificate errors will be ignored for this session
1634116911085	geckodriver	INFO	Listening on 127.0.0.1:51833
1634116914102	mozrunner::runner	INFO	Running command: "C:\\Program Files\\Mozilla Firefox\\firefox.exe" "--marionette" "-no-remote" "-profile" "C:\\Users\\www\\AppData\\Local\\Temp\\rust_mozprofilefsQaWg"
1634116914971	Marionette	INFO	Marionette enabled
console.warn: SearchSettings: "get: No settings file exists, new profile?" (new NotFoundError("Could not open the file at C:\\Users\\www\\AppData\\Local\\Temp\\rust_mozprofilefsQaWg\\search.json.mozlz4", (void 0)))
console.warn: TopSitesFeed: Failed to fetch data from Contile server: NetworkError when attempting to fetch resource.
console.error: Region.jsm: "Error fetching region" (new TypeError("NetworkError when attempting to fetch resource.", ""))
console.error: Region.jsm: "Failed to fetch region" (new Error("NO_RESULT", "resource://gre/modules/Region.jsm", 419))
1634116917171	Marionette	INFO	Listening on port 62788
1634116917231	RemoteAgent	WARN	TLS certificate errors will be ignored for this session
1634117011674	Marionette	INFO	Stopped listening on port 62788
JavaScript error: resource:///modules/Interactions.jsm, line 201: NS_ERROR_FAILURE: Component returned failure code: 0x80004005 (NS_ERROR_FAILURE) [nsIUserIdleService.removeIdleObserver]
console.warn: TopSitesFeed: Failed to fetch data from Contile server: NetworkError when attempting to fetch resource.

###!!! [Child][RunMessage] Error: Channel closing: too late to send/recv, messages will be lost


###!!! [Child][RunMessage] Error: Channel closing: too late to send/recv, messages will be lost


###!!! [Child][RunMessage] Error: Channel closing: too late to send/recv, messages will be lost


###!!! [Parent][RunMessage] Error: Channel closing: too late to send/recv, messages will be lost

1634117044043	geckodriver	INFO	Listening on 127.0.0.1:51671
1634117047080	mozrunner::runner	INFO	Running command: "C:\\Program Files\\Mozilla Firefox\\firefox.exe" "--marionette" "-no-remote" "-profile" "C:\\Users\\www\\AppData\\Local\\Temp\\rust_mozprofile3TTCl6"
1634117047631	Marionette	INFO	Marionette enabled
console.warn: SearchSettings: "get: No settings file exists, new profile?" (new NotFoundError("Could not open the file at C:\\Users\\www\\AppData\\Local\\Temp\\rust_mozprofile3TTCl6\\search.json.mozlz4", (void 0)))
console.warn: TopSitesFeed: Failed to fetch data from Contile server: NetworkError when attempting to fetch resource.
1634117049924	Marionette	INFO	Listening on port 51685
console.error: Region.jsm: "Error fetching region" (new TypeError("NetworkError when attempting to fetch resource.", ""))
console.error: Region.jsm: "Failed to fetch region" (new Error("NO_RESULT", "resource://gre/modules/Region.jsm", 419))
1634117050208	RemoteAgent	WARN	TLS certificate errors will be ignored for this session
1634117308831	Marionette	INFO	Stopped listening on port 51685
JavaScript error: resource:///modules/Interactions.jsm, line 201: NS_ERROR_FAILURE: Component returned failure code: 0x80004005 (NS_ERROR_FAILURE) [nsIUserIdleService.removeIdleObserver]

###!!! [Child][MessageChannel] Error: (msgtype=0x680023,name=PNecko::Msg_RemoveRequestContext) Channel closing: too late to send/recv, messages will be lost

console.warn: TopSitesFeed: Failed to fetch data from Contile server: NetworkError when attempting to fetch resource.
1634117341727	geckodriver	INFO	Listening on 127.0.0.1:53515
1634117344756	mozrunner::runner	INFO	Running command: "C:\\Program Files\\Mozilla Firefox\\firefox.exe" "--marionette" "-no-remote" "-profile" "C:\\Users\\www\\AppData\\Local\\Temp\\rust_mozprofileuCHV3B"
1634117345385	Marionette	INFO	Marionette enabled
console.warn: SearchSettings: "get: No settings file exists, new profile?" (new NotFoundError("Could not open the file at C:\\Users\\www\\AppData\\Local\\Temp\\rust_mozprofileuCHV3B\\search.json.mozlz4", (void 0)))
console.warn: TopSitesFeed: Failed to fetch data from Contile server: NetworkError when attempting to fetch resource.
console.error: Region.jsm: "Error fetching region" (new TypeError("NetworkError when attempting to fetch resource.", ""))
console.error: Region.jsm: "Failed to fetch region" (new Error("NO_RESULT", "resource://gre/modules/Region.jsm", 419))
1634117347971	Marionette	INFO	Listening on port 53524
1634117348386	RemoteAgent	WARN	TLS certificate errors will be ignored for this session
1634117394051	Marionette	INFO	Stopped listening on port 53524
JavaScript error: resource:///modules/Interactions.jsm, line 201: NS_ERROR_FAILURE: Component returned failure code: 0x80004005 (NS_ERROR_FAILURE) [nsIUserIdleService.removeIdleObserver]

###!!! [Child][RunMessage] Error: Channel closing: too late to send/recv, messages will be lost


###!!! [Parent][RunMessage] Error: Channel closing: too late to send/recv, messages will be lost

1634117625810	geckodriver	INFO	Listening on 127.0.0.1:56021
1634117628861	mozrunner::runner	INFO	Running command: "C:\\Program Files\\Mozilla Firefox\\firefox.exe" "--marionette" "-no-remote" "-profile" "C:\\Users\\www\\AppData\\Local\\Temp\\rust_mozprofileMx6byR"
1634117629672	Marionette	INFO	Marionette enabled
console.warn: SearchSettings: "get: No settings file exists, new profile?" (new NotFoundError("Could not open the file at C:\\Users\\www\\AppData\\Local\\Temp\\rust_mozprofileMx6byR\\search.json.mozlz4", (void 0)))
console.warn: TopSitesFeed: Failed to fetch data from Contile server: NetworkError when attempting to fetch resource.
1634117631558	Marionette	INFO	Listening on port 56031
console.error: Region.jsm: "Error fetching region" (new TypeError("NetworkError when attempting to fetch resource.", ""))
console.error: Region.jsm: "Failed to fetch region" (new Error("NO_RESULT", "resource://gre/modules/Region.jsm", 419))
1634117631987	RemoteAgent	WARN	TLS certificate errors will be ignored for this session
1634117676874	Marionette	INFO	Stopped listening on port 56031
JavaScript error: resource:///modules/Interactions.jsm, line 201: NS_ERROR_FAILURE: Component returned failure code: 0x80004005 (NS_ERROR_FAILURE) [nsIUserIdleService.removeIdleObserver]
[Parent 20776, IPC I/O Parent] WARNING: file /builds/worker/checkouts/gecko/ipc/chromium/src/base/process_util_win.cc:167

###!!! [Child][RunMessage] Error: Channel closing: too late to send/recv, messages will be lost

1634117751558	geckodriver	INFO	Listening on 127.0.0.1:56869
1634117754593	mozrunner::runner	INFO	Running command: "C:\\Program Files\\Mozilla Firefox\\firefox.exe" "--marionette" "-no-remote" "-profile" "C:\\Users\\www\\AppData\\Local\\Temp\\rust_mozprofilecJ7UiJ"
1634117755480	Marionette	INFO	Marionette enabled
console.warn: SearchSettings: "get: No settings file exists, new profile?" (new NotFoundError("Could not open the file at C:\\Users\\www\\AppData\\Local\\Temp\\rust_mozprofilecJ7UiJ\\search.json.mozlz4", (void 0)))
console.warn: TopSitesFeed: Failed to fetch data from Contile server: NetworkError when attempting to fetch resource.
1634117757474	Marionette	INFO	Listening on port 56879
console.error: Region.jsm: "Error fetching region" (new TypeError("NetworkError when attempting to fetch resource.", ""))
console.error: Region.jsm: "Failed to fetch region" (new Error("NO_RESULT", "resource://gre/modules/Region.jsm", 419))
1634117757720	RemoteAgent	WARN	TLS certificate errors will be ignored for this session
1634117784279	Marionette	INFO	Stopped listening on port 56879
JavaScript error: resource:///modules/Interactions.jsm, line 201: NS_ERROR_FAILURE: Component returned failure code: 0x80004005 (NS_ERROR_FAILURE) [nsIUserIdleService.removeIdleObserver]
console.warn: TopSitesFeed: Failed to fetch data from Contile server: NetworkError when attempting to fetch resource.
1634118765438	geckodriver	INFO	Listening on 127.0.0.1:63155
1634118768462	mozrunner::runner	INFO	Running command: "C:\\Program Files\\Mozilla Firefox\\firefox.exe" "--marionette" "-no-remote" "-profile" "C:\\Users\\www\\AppData\\Local\\Temp\\rust_mozprofileBGHuhV"
1634118769033	Marionette	INFO	Marionette enabled
console.warn: SearchSettings: "get: No settings file exists, new profile?" (new NotFoundError("Could not open the file at C:\\Users\\www\\AppData\\Local\\Temp\\rust_mozprofileBGHuhV\\search.json.mozlz4", (void 0)))
console.warn: TopSitesFeed: Failed to fetch data from Contile server: NetworkError when attempting to fetch resource.
1634118771349	Marionette	INFO	Listening on port 63165
console.error: Region.jsm: "Error fetching region" (new TypeError("NetworkError when attempting to fetch resource.", ""))
console.error: Region.jsm: "Failed to fetch region" (new Error("NO_RESULT", "resource://gre/modules/Region.jsm", 419))
1634118771590	RemoteAgent	WARN	TLS certificate errors will be ignored for this session
1634119158820	geckodriver	INFO	Listening on 127.0.0.1:64565
1634119161843	mozrunner::runner	INFO	Running command: "C:\\Program Files\\Mozilla Firefox\\firefox.exe" "--marionette" "-no-remote" "-profile" "C:\\Users\\www\\AppData\\Local\\Temp\\rust_mozprofileRMDKyT"
1634119162904	Marionette	INFO	Marionette enabled
console.warn: SearchSettings: "get: No settings file exists, new profile?" (new NotFoundError("Could not open the file at C:\\Users\\www\\AppData\\Local\\Temp\\rust_mozprofileRMDKyT\\search.json.mozlz4", (void 0)))
console.warn: TopSitesFeed: Failed to fetch data from Contile server: NetworkError when attempting to fetch resource.
1634119165084	Marionette	INFO	Listening on port 64574
console.error: Region.jsm: "Error fetching region" (new TypeError("NetworkError when attempting to fetch resource.", ""))
console.error: Region.jsm: "Failed to fetch region" (new Error("NO_RESULT", "resource://gre/modules/Region.jsm", 419))
1634119165481	RemoteAgent	WARN	TLS certificate errors will be ignored for this session
1634119217644	Marionette	INFO	Stopped listening on port 64574
JavaScript error: resource:///modules/Interactions.jsm, line 201: NS_ERROR_FAILURE: Component returned failure code: 0x80004005 (NS_ERROR_FAILURE) [nsIUserIdleService.removeIdleObserver]

###!!! [Child][RunMessage] Error: Channel closing: too late to send/recv, messages will be lost


###!!! [Child][RunMessage] Error: Channel closing: too late to send/recv, messages will be lost


###!!! [Child][RunMessage] Error: Channel closing: too late to send/recv, messages will be lost


###!!! [Parent][RunMessage] Error: Channel closing: too late to send/recv, messages will be lost

1634119297186	geckodriver	INFO	Listening on 127.0.0.1:61588
1634119300205	mozrunner::runner	INFO	Running command: "C:\\Program Files\\Mozilla Firefox\\firefox.exe" "--marionette" "-no-remote" "-profile" "C:\\Users\\www\\AppData\\Local\\Temp\\rust_mozprofilej4qi00"
1634119300774	Marionette	INFO	Marionette enabled
console.warn: SearchSettings: "get: No settings file exists, new profile?" (new NotFoundError("Could not open the file at C:\\Users\\www\\AppData\\Local\\Temp\\rust_mozprofilej4qi00\\search.json.mozlz4", (void 0)))
console.warn: TopSitesFeed: Failed to fetch data from Contile server: NetworkError when attempting to fetch resource.
1634119302830	Marionette	INFO	Listening on port 61597
console.error: Region.jsm: "Error fetching region" (new TypeError("NetworkError when attempting to fetch resource.", ""))
console.error: Region.jsm: "Failed to fetch region" (new Error("NO_RESULT", "resource://gre/modules/Region.jsm", 419))
1634119303334	RemoteAgent	WARN	TLS certificate errors will be ignored for this session
1634119355636	Marionette	INFO	Stopped listening on port 61597
JavaScript error: resource:///modules/Interactions.jsm, line 201: NS_ERROR_FAILURE: Component returned failure code: 0x80004005 (NS_ERROR_FAILURE) [nsIUserIdleService.removeIdleObserver]
1634119556226	geckodriver	INFO	Listening on 127.0.0.1:65063
1634119559262	mozrunner::runner	INFO	Running command: "C:\\Program Files\\Mozilla Firefox\\firefox.exe" "--marionette" "-no-remote" "-profile" "C:\\Users\\www\\AppData\\Local\\Temp\\rust_mozprofileLzv4Fp"
1634119559932	Marionette	INFO	Marionette enabled
console.warn: SearchSettings: "get: No settings file exists, new profile?" (new NotFoundError("Could not open the file at C:\\Users\\www\\AppData\\Local\\Temp\\rust_mozprofileLzv4Fp\\search.json.mozlz4", (void 0)))
console.warn: TopSitesFeed: Failed to fetch data from Contile server: NetworkError when attempting to fetch resource.
1634119562633	Marionette	INFO	Listening on port 65072
console.error: Region.jsm: "Error fetching region" (new TypeError("NetworkError when attempting to fetch resource.", ""))
console.error: Region.jsm: "Failed to fetch region" (new Error("NO_RESULT", "resource://gre/modules/Region.jsm", 419))
1634119562892	RemoteAgent	WARN	TLS certificate errors will be ignored for this session
1634119616214	Marionette	INFO	Stopped listening on port 65072
JavaScript error: resource:///modules/Interactions.jsm, line 201: NS_ERROR_FAILURE: Component returned failure code: 0x80004005 (NS_ERROR_FAILURE) [nsIUserIdleService.removeIdleObserver]

###!!! [Child][RunMessage] Error: Channel closing: too late to send/recv, messages will be lost


###!!! [Child][RunMessage] Error: Channel closing: too late to send/recv, messages will be lost


###!!! [Child][RunMessage] Error: Channel closing: too late to send/recv, messages will be lost

1636947098337	geckodriver	INFO	Listening on 127.0.0.1:64356
1636947101360	mozrunner::runner	INFO	Running command: "C:\\Program Files\\Mozilla Firefox\\firefox.exe" "--marionette" "-no-remote" "-profile" "C:\\Users\\www\\AppData\\Local\\Temp\\rust_mozprofile86dHi4"
1636947102675	Marionette	INFO	Marionette enabled
console.warn: SearchSettings: "get: No settings file exists, new profile?" (new NotFoundError("Could not open the file at C:\\Users\\www\\AppData\\Local\\Temp\\rust_mozprofile86dHi4\\search.json.mozlz4", (void 0)))
1636947104840	Marionette	INFO	Listening on port 64369
1636947104998	RemoteAgent	WARN	TLS certificate errors will be ignored for this session
console.log: WebExtensions: reset-default-search: starting.
console.log: WebExtensions: reset-default-search: No addons in our list are installed.
1636947702727	Marionette	INFO	Stopped listening on port 64369

###!!! [Child][MessageChannel] Error: (msgtype=0x680023,name=PNecko::Msg_RemoveRequestContext) Channel closing: too late to send/recv, messages will be lost


###!!! [Child][RunMessage] Error: Channel closing: too late to send/recv, messages will be lost

console.warn: TopSitesFeed: Failed to fetch data from Contile server: NetworkError when attempting to fetch resource.
[Parent 16020, IPC I/O Parent] WARNING: file /builds/worker/checkouts/gecko/ipc/1636947703569	Marionette	INFO	Stopped listening on port 59597
console.warn: TopSitesFeed: Failed to fetch data from Contile server: NetworkError when attempting to fetch resource.

###!!! [Parent][RunMessage] Error: Channel closing: too late to send/recv, messages will be lost

nette	INFO	Marionette enabled
console.warn: SearchSettings: "get: No settings file exists, new profile?" (new NotFoundError("Could not open the file at C:\\Users\\www\\AppData\\Local\\Temp\\rust_mozprofiledKRDl4\\search.json.mozlz4", (void 0)))
1636947649538	Marionette	INFO	Listening on port 61724
1636947649639	RemoteAgent	WARN	TLS certificate errors will be ignored for this session
1636947704571	Marionette	INFO	Stopped listening on port 61724
console.warn: TopSitesFeed: Failed to fetch data from Contile server: NetworkError when attempting to fetch resource.

###!!! [Parent][RunMessage] Error: Channel closing: too late to send/recv, messages will be lost

1636947769190	geckodriver	INFO	Listening on 127.0.0.1:56885
1636947772208	mozrunner::runner	INFO	Running command: "C:\\Program Files\\Mozilla Firefox\\firefox.exe" "--marionette" "-no-remote" "-profile" "C:\\Users\\www\\AppData\\Local\\Temp\\rust_mozprofileTtLPUT"
1636947772695	Marionette	INFO	Marionette enabled
console.warn: SearchSettings: "get: No settings file exists, new profile?" (new NotFoundError("Could not open the file at C:\\Users\\www\\AppData\\Local\\Temp\\rust_mozprofileTtLPUT\\search.json.mozlz4", (void 0)))
1636947774805	Marionette	INFO	Listening on port 56895
1636947774830	RemoteAgent	WARN	TLS certificate errors will be ignored for this session
1636947803307	Marionette	INFO	Stopped listening on port 56895

###!!! [Child][RunMessage] Error: Channel closing: too late to send/recv, messages will be lost

console.warn: TopSitesFeed: Failed to fetch data from Contile server: NetworkError when attempting to fetch resource.

###!!! [Parent][RunMessage] Error: Channel closing: too late to send/recv, messages will be lost

1636947831902	geckodriver	INFO	Listening on 127.0.0.1:54981
1636947834937	mozrunner::runner	INFO	Running command: "C:\\Program Files\\Mozilla Firefox\\firefox.exe" "--marionette" "-no-remote" "-profile" "C:\\Users\\www\\AppData\\Local\\Temp\\rust_mozprofileym5Vhw"
1636947835422	Marionette	INFO	Marionette enabled
console.warn: SearchSettings: "get: No settings file exists, new profile?" (new NotFoundError("Could not open the file at C:\\Users\\www\\AppData\\Local\\Temp\\rust_mozprofileym5Vhw\\search.json.mozlz4", (void 0)))
1636947837260	Marionette	INFO	Listening on port 54991
1636947837557	RemoteAgent	WARN	TLS certificate errors will be ignored for this session
JavaScript error: resource://devtools/server/actors/network-monitor/network-event-actor.js, line 110: Error: Got a request https://static.hrloo.com/hrloo/global/css/base.css?v=20210129173028 without a browsingContextID set
JavaScript error: resource://devtools/server/actors/network-monitor/network-event-actor.js, line 110: Error: Got a request https://static.hrloo.com/hrloo/global/css/hrloo.css?v=20211109152640 without a browsingContextID set
JavaScript error: resource://devtools/server/actors/network-monitor/network-event-actor.js, line 110: Error: Got a request https://static.hrloo.com/hrloo/home/css/home.css?v=20211026184941 without a browsingContextID set
JavaScript error: resource://devtools/server/actors/network-monitor/network-event-actor.js, line 110: Error: Got a request https://static.hrloo.com/hrloo56/global/css/swiper.css?v=20201106183749 without a browsingContextID set
JavaScript error: resource://devtools/server/actors/network-monitor/network-event-actor.js, line 110: Error: Got a request https://static.hrloo.com/hrloo56/search/index/css/search_global_input.css?v=20210430103657 without a browsingContextID set
JavaScript error: resource://devtools/server/actors/network-monitor/network-event-actor.js, line 110: Error: Got a request https://static.hrloo.com/hrloo56/global/css/global_chat.css?v=20210914191427 without a browsingContextID set
1636948145854	Marionette	INFO	Stopped listening on port 54991
console.warn: TopSitesFeed: Failed to fetch data from Contile server: NetworkError when attempting to fetch resource.

###!!! [Parent][RunMessage] Error: Channel closing: too late to send/recv, messages will be lost

1636948191553	geckodriver	INFO	Listening on 127.0.0.1:55945
1636948194588	mozrunner::runner	INFO	Running command: "C:\\Program Files\\Mozilla Firefox\\firefox.exe" "--marionette" "-no-remote" "-profile" "C:\\Users\\www\\AppData\\Local\\Temp\\rust_mozprofileR9C8OU"
1636948195073	Marionette	INFO	Marionette enabled
console.warn: SearchSettings: "get: No settings file exists, new profile?" (new NotFoundError("Could not open the file at C:\\Users\\www\\AppData\\Local\\Temp\\rust_mozprofileR9C8OU\\search.json.mozlz4", (void 0)))
1636948197844	Marionette	INFO	Listening on port 55954
1636948198683	RemoteAgent	WARN	TLS certificate errors will be ignored for this session
JavaScript error: resource://devtools/server/actors/network-monitor/network-event-actor.js, line 110: Error: Got a request https://static.hrloo.com/hrloo/global/css/base.css?v=20210129173028 without a browsingContextID set
JavaScript error: resource://devtools/server/actors/network-monitor/network-event-actor.js, line 110: Error: Got a request https://static.hrloo.com/hrloo/global/css/hrloo.css?v=20211109152640 without a browsingContextID set
JavaScript error: resource://devtools/server/actors/network-monitor/network-event-actor.js, line 110: Error: Got a request https://static.hrloo.com/hrloo/home/css/home.css?v=20211026184941 without a browsingContextID set
JavaScript error: resource://devtools/server/actors/network-monitor/network-event-actor.js, line 110: Error: Got a request https://static.hrloo.com/hrloo56/global/css/swiper.css?v=20201106183749 without a browsingContextID set
JavaScript error: resource://devtools/server/actors/network-monitor/network-event-actor.js, line 110: Error: Got a request https://static.hrloo.com/hrloo56/search/index/css/search_global_input.css?v=20210430103657 without a browsingContextID set
JavaScript error: resource://devtools/server/actors/network-monitor/network-event-actor.js, line 110: Error: Got a request https://static.hrloo.com/hrloo56/global/css/global_chat.css?v=20210914191427 without a browsingContextID set
console.log: WebExtensions: reset-default-search: starting.
console.log: WebExtensions: reset-default-search: No addons in our list are installed.
console.error: (new TypeError("container.node.targetFront is null", "resource://devtools/client/inspector/markup/markup.js", 2314))
console.error: (new TypeError("container.node.targetFront is null", "resource://devtools/client/inspector/markup/markup.js", 2314))
console.error: (new TypeError("container.node.targetFront is null", "resource://devtools/client/inspector/markup/markup.js", 2314))
console.error: (new TypeError("container.node.targetFront is null", "resource://devtools/client/inspector/markup/markup.js", 2314))
1636954379557	Marionette	INFO	Stopped listening on port 55954
console.warn: TopSitesFeed: Failed to fetch data from Contile server: NetworkError when attempting to fetch resource.
1636954494993	geckodriver	INFO	Listening on 127.0.0.1:49850
1636954498027	mozrunner::runner	INFO	Running command: "C:\\Program Files\\Mozilla Firefox\\firefox.exe" "--marionette" "-no-remote" "-profile" "C:\\Users\\www\\AppData\\Local\\Temp\\rust_mozprofile7ArLiA"
1636954499547	Marionette	INFO	Marionette enabled
console.warn: SearchSettings: "get: No settings file exists, new profile?" (new NotFoundError("Could not open the file at C:\\Users\\www\\AppData\\Local\\Temp\\rust_mozprofile7ArLiA\\search.json.mozlz4", (void 0)))
1636954501563	Marionette	INFO	Listening on port 49860
1636954501662	RemoteAgent	WARN	TLS certificate errors will be ignored for this session
1636954565811	geckodriver	INFO	Listening on 127.0.0.1:62483
1636954568844	mozrunner::runner	INFO	Running command: "C:\\Program Files\\Mozilla Firefox\\firefox.exe" "--marionette" "-no-remote" "-profile" "C:\\Users\\www\\AppData\\Local\\Temp\\rust_mozprofileW8aHCn"
1636954569299	Marionette	INFO	Marionette enabled
console.warn: SearchSettings: "get: No settings file exists, new profile?" (new NotFoundError("Could not open the file at C:\\Users\\www\\AppData\\Local\\Temp\\rust_mozprofileW8aHCn\\search.json.mozlz4", (void 0)))
1636954571046	Marionette	INFO	Listening on port 62492
1636954571463	RemoteAgent	WARN	TLS certificate errors will be ignored for this session
1636955220330	geckodriver	INFO	Listening on 127.0.0.1:60770
1636955223359	mozrunner::runner	INFO	Running command: "C:\\Program Files\\Mozilla Firefox\\firefox.exe" "--marionette" "-no-remote" "-profile" "C:\\Users\\www\\AppData\\Local\\Temp\\rust_mozprofileq1Q3Bv"
1636955223653	Marionette	INFO	Marionette enabled
console.warn: SearchSettings: "get: No settings file exists, new profile?" (new NotFoundError("Could not open the file at C:\\Users\\www\\AppData\\Local\\Temp\\rust_mozprofileq1Q3Bv\\search.json.mozlz4", (void 0)))
1636955225460	Marionette	INFO	Listening on port 60780
1636955225493	RemoteAgent	WARN	TLS certificate errors will be ignored for this session
1636955246220	Marionette	INFO	Stopped listening on port 60780
console.warn: TopSitesFeed: Failed to fetch data from Contile server: NetworkError when attempting to fetch resource.
1636955279678	geckodriver	INFO	Listening on 127.0.0.1:61093
1636955282711	mozrunner::runner	INFO	Running command: "C:\\Program Files\\Mozilla Firefox\\firefox.exe" "--marionette" "-no-remote" "-profile" "C:\\Users\\www\\AppData\\Local\\Temp\\rust_mozprofilel6PjqX"
1636955283165	Marionette	INFO	Marionette enabled
console.warn: SearchSettings: "get: No settings file exists, new profile?" (new NotFoundError("Could not open the file at C:\\Users\\www\\AppData\\Local\\Temp\\rust_mozprofilel6PjqX\\search.json.mozlz4", (void 0)))
1636955284893	Marionette	INFO	Listening on port 61104
1636955285335	RemoteAgent	WARN	TLS certificate errors will be ignored for this session
1636955385529	Marionette	INFO	Stopped listening on port 61104
console.warn: TopSitesFeed: Failed to fetch data from Contile server: NetworkError when attempting to fetch resource.
1636955410028	geckodriver	INFO	Listening on 127.0.0.1:60824
1636955413061	mozrunner::runner	INFO	Running command: "C:\\Program Files\\Mozilla Firefox\\firefox.exe" "--marionette" "-no-remote" "-profile" "C:\\Users\\www\\AppData\\Local\\Temp\\rust_mozprofilebqN4BG"
1636955413507	Marionette	INFO	Marionette enabled
console.warn: SearchSettings: "get: No settings file exists, new profile?" (new NotFoundError("Could not open the file at C:\\Users\\www\\AppData\\Local\\Temp\\rust_mozprofilebqN4BG\\search.json.mozlz4", (void 0)))
1636955415412	Marionette	INFO	Listening on port 60836
1636955415683	RemoteAgent	WARN	TLS certificate errors will be ignored for this session
1636955454067	Marionette	WARN	TimedPromise timed out after 500 ms: stacktrace:
TimedPromise/<@chrome://remote/content/marionette/sync.js:238:19
TimedPromise@chrome://remote/content/marionette/sync.js:223:10
interaction.flushEventLoop@chrome://remote/content/marionette/interaction.js:431:10
webdriverClickElement@chrome://remote/content/marionette/interaction.js:179:31
1636955470293	Marionette	INFO	Stopped listening on port 60836

###!!! [Parent][MessageChannel] Error: (msgtype=0x39014D,name=PContent::Reply_DiscardBrowsingContext) Closed channel: cannot send/recv


###!!! [Parent][MessageChannel] Error: (msgtype=0x39007A,name=PContent::Msg_DestroyBrowsingContextGroup) Closed channel: cannot send/recv

JavaScript error: resource://gre/modules/CrashManager.jsm, line 828: AbortError: IOUtils: Shutting down and refusing additional I/O tasks

###!!! [Parent][RunMessage] Error: Channel closing: too late to send/recv, messages will be lost

1636956924088	geckodriver	INFO	Listening on 127.0.0.1:51770
1636956927108	mozrunner::runner	INFO	Running command: "C:\\Program Files\\Mozilla Firefox\\firefox.exe" "--marionette" "-no-remote" "-profile" "C:\\Users\\www\\AppData\\Local\\Temp\\rust_mozprofileurZXUZ"
1636956927574	Marionette	INFO	Marionette enabled
console.warn: SearchSettings: "get: No settings file exists, new profile?" (new NotFoundError("Could not open the file at C:\\Users\\www\\AppData\\Local\\Temp\\rust_mozprofileurZXUZ\\search.json.mozlz4", (void 0)))
1636956929458	Marionette	INFO	Listening on port 51780
1636956929730	RemoteAgent	WARN	TLS certificate errors will be ignored for this session
1636956982037	Marionette	INFO	Stopped listening on port 51780

###!!! [Child][RunMessage] Error: Channel closing: too late to send/recv, messages will be lost

1636957416088	geckodriver	INFO	Listening on 127.0.0.1:53374
1636957419113	mozrunner::runner	INFO	Running command: "C:\\Program Files\\Mozilla Firefox\\firefox.exe" "--marionette" "-no-remote" "-profile" "C:\\Users\\www\\AppData\\Local\\Temp\\rust_mozprofilegQig5l"
1636957419557	Marionette	INFO	Marionette enabled
console.warn: SearchSettings: "get: No settings file exists, new profile?" (new NotFoundError("Could not open the file at C:\\Users\\www\\AppData\\Local\\Temp\\rust_mozprofilegQig5l\\search.json.mozlz4", (void 0)))
1636957421833	Marionette	INFO	Listening on port 53384
1636957422230	RemoteAgent	WARN	TLS certificate errors will be ignored for this session
1636957467458	Marionette	INFO	Stopped listening on port 53384

###!!! [Child][RunMessage] Error: Channel closing: too late to send/recv, messages will be lost


###!!! [Parent][RunMessage] Error: Channel closing: too late to send/recv, messages will be lost

1636957979437	geckodriver	INFO	Listening on 127.0.0.1:57808
1636957982455	mozrunner::runner	INFO	Running command: "C:\\Program Files\\Mozilla Firefox\\firefox.exe" "--marionette" "-no-remote" "-profile" "C:\\Users\\www\\AppData\\Local\\Temp\\rust_mozprofile4bVdAK"
1636957982917	Marionette	INFO	Marionette enabled
console.warn: SearchSettings: "get: No settings file exists, new profile?" (new NotFoundError("Could not open the file at C:\\Users\\www\\AppData\\Local\\Temp\\rust_mozprofile4bVdAK\\search.json.mozlz4", (void 0)))
1636957984755	Marionette	INFO	Listening on port 57817
1636957985076	RemoteAgent	WARN	TLS certificate errors will be ignored for this session
1636958032258	Marionette	INFO	Stopped listening on port 57817
1636958090222	geckodriver	INFO	Listening on 127.0.0.1:58636
1636958093228	mozrunner::runner	INFO	Running command: "C:\\Program Files\\Mozilla Firefox\\firefox.exe" "--marionette" "-no-remote" "-profile" "C:\\Users\\www\\AppData\\Local\\Temp\\rust_mozprofileX5VRAA"
1636958093675	Marionette	INFO	Marionette enabled
console.warn: SearchSettings: "get: No settings file exists, new profile?" (new NotFoundError("Could not open the file at C:\\Users\\www\\AppData\\Local\\Temp\\rust_mozprofileX5VRAA\\search.json.mozlz4", (void 0)))
1636958095468	Marionette	INFO	Listening on port 58645
1636958095850	RemoteAgent	WARN	TLS certificate errors will be ignored for this session
console.log: WebExtensions: reset-default-search: starting.
console.log: WebExtensions: reset-default-search: No addons in our list are installed.
1636958797721	Marionette	INFO	Stopped listening on port 58645
console.warn: TopSitesFeed: Failed to fetch data from Contile server: NetworkError when attempting to fetch resource.
[Parent 15572, IPC I/O Parent] WARNING: file /builds/worker/checkouts/gecko/ipc/chromium/src/base/process_util_win.cc:167
 enabled
console.warn: SearchSettings: "get: No settings file exists, new profile?" (new NotFoundError("Could not open the file at C:\\Users\\www\\AppData\\Local\\Temp\\rust_mozprofilef4uuFs\\search.json.mozlz4", (void 0)))
1636958694371	Marionette	INFO	Listening on port 59263
1636958694657	RemoteAgent	WARN	TLS certificate errors will be ignored for this session
1636958713750	Marionette	INFO	Stopped listening on port 59263
console.warn: TopSitesFeed: Failed to fetch data from Contile server: NetworkError when attempting to fetch resource.
JavaScript error: chrome://remote/content/marionette/cert.js, line 55: NS_ERROR_NOT_AVAILABLE: Component returned failure code: 0x80040111 (NS_ERROR_NOT_AVAILABLE) [nsICertOverrideService.setDisableAllSecurityChecksAndLetAttackersInterceptMyData]
ile at C:\\Users\\www\\AppData\\Local\\Temp\\rust_mozprofilewTwAzR\\search.json.mozlz4", (void 0)))
1636958701448	Marionette	INFO	Listening on port 64046
1636958701644	RemoteAgent	WARN	TLS certificate errors will be ignored for this session
1636958711111	Marionette	INFO	Stopped listening on port 64046
console.warn: TopSitesFeed: Failed to fetch data from Contile server: NetworkError when attempting to fetch resource.
JavaScript error: chrome://remote/content/marionette/cert.js, line 55: NS_ERROR_NOT_AVAILABLE: Component returned failure code: 0x80040111 (NS_ERROR_NOT_AVAILABLE) [nsICertOverrideService.setDisableAllSecurityChecksAndLetAttackersInterceptMyData]
1636958730452	geckodriver	INFO	Listening on 127.0.0.1:64581
1636958733468	mozrunner::runner	INFO	Running command: "C:\\Program Files\\Mozilla Firefox\\firefox.exe" "--marionette" "-no-remote" "-profile" "C:\\Users\\www\\AppData\\Local\\Temp\\rust_mozprofileKaDcC1"
1636958733802	Marionette	INFO	Marionette enabled
console.warn: SearchSettings: "get: No settings file exists, new profile?" (new NotFoundError("Could not open the file at C:\\Users\\www\\AppData\\Local\\Temp\\rust_mozprofileKaDcC1\\search.json.mozlz4", (void 0)))
1636958735837	Marionette	INFO	Listening on port 57314
1636958736095	RemoteAgent	WARN	TLS certificate errors will be ignored for this session
1636958797743	Marionette	INFO	Stopped listening on port 57314
console.warn: TopSitesFeed: Failed to fetch data from Contile server: NetworkError when attempting to fetch resource.
JavaScript error: chrome://remote/content/marionette/cert.js, line 55: NS_ERROR_NOT_AVAILABLE: Component returned failure code: 0x80040111 (NS_ERROR_NOT_AVAILABLE) [nsICertOverrideService.setDisableAllSecurityChecksAndLetAttackersInterceptMyData]
[Parent 19328, IPC I/O Parent] WARNING: file /builds/worker/checkouts/gecko/ipc/chromium/src/base/process_util_win.cc:167
te	INFO	Listening on port 56800
1636958760086	RemoteAgent	WARN	TLS certificate errors will be ignored for this session
1636958797715	Marionette	INFO	Stopped listening on port 56800

###!!! [Child][RunMessage] Error: Channel closing: too late to send/recv, messages will be lost


###!!! [Child][RunMessage] Error: Channel closing: too late to send/recv, messages will be lost


###!!! [Child][RunMessage] Error: Channel closing: too late to send/recv, messages will be lost


###!!! [Child][RunMessage] Error: Channel closing: too late to send/recv, messages will be lost

console.warn: TopSitesFeed: Failed to fetch data from Contile server: NetworkError when attempting to fetch resource.
JavaScript error: chrome://remote/content/marionette/cert.js, line 55: NS_ERROR_NOT_AVAILABLE: Component returned failure code: 0x80040111 (NS_ERROR_NOT_AVAILABLE) [nsICertOverrideService.setDisableAllSecurityChecksAndLetAttackersInterceptMyData]
[Parent 19276, IPC I/O Parent] WARNING: file /builds/worker/checkouts/gecko/ipc/chromium/src/base/process_util_win.cc:167
1636958819780	geckodriver	INFO	Listening on 127.0.0.1:61256
1636958822791	mozrunner::runner	INFO	Running command: "C:\\Program Files\\Mozilla Firefox\\firefox.exe" "--marionette" "-no-remote" "-profile" "C:\\Users\\www\\AppData\\Local\\Temp\\rust_mozprofilea2LEf1"
1636958823241	Marionette	INFO	Marionette enabled
console.warn: SearchSettings: "get: No settings file exists, new profile?" (new NotFoundError("Could not open the file at C:\\Users\\www\\AppData\\Local\\Temp\\rust_mozprofilea2LEf1\\search.json.mozlz4", (void 0)))
1636958824969	Marionette	INFO	Listening on port 64270
1636958825412	RemoteAgent	WARN	TLS certificate errors will be ignored for this session
1636958902056	geckodriver	INFO	Listening on 127.0.0.1:49860
1636958905087	mozrunner::runner	INFO	Running command: "C:\\Program Files\\Mozilla Firefox\\firefox.exe" "--marionette" "-no-remote" "-profile" "C:\\Users\\www\\AppData\\Local\\Temp\\rust_mozprofileq7jb5p"
1636958905544	Marionette	INFO	Marionette enabled
console.warn: SearchSettings: "get: No settings file exists, new profile?" (new NotFoundError("Could not open the file at C:\\Users\\www\\AppData\\Local\\Temp\\rust_mozprofileq7jb5p\\search.json.mozlz4", (void 0)))
1636958907620	Marionette	INFO	Listening on port 49870
1636958907713	RemoteAgent	WARN	TLS certificate errors will be ignored for this session
console.log: WebExtensions: reset-default-search: starting.
console.log: WebExtensions: reset-default-search: No addons in our list are installed.
1636959420751	Marionette	INFO	Stopped listening on port 49870
console.warn: TopSitesFeed: Failed to fetch data from Contile server: NetworkError when attempting to fetch resource.

###!!! [Parent][RunMessage] Error: Channel closing: too late to send/recv, messages will be lost

 at C:\\Users\\www\\AppData\\Local\\Temp\\rust_mozprofilepDhlbr\\search.json.mozlz4", (void 0)))
1636959087046	Marionette	INFO	Listening on port 65197
1636959087426	RemoteAgent	WARN	TLS certificate errors will be ignored for this session
1636959461004	geckodriver	INFO	Listening on 127.0.0.1:55320
1636959464036	mozrunner::runner	INFO	Running command: "C:\\Program Files\\Mozilla Firefox\\firefox.exe" "--marionette" "-no-remote" "-profile" "C:\\Users\\www\\AppData\\Local\\Temp\\rust_mozprofileaOvC4g"
1636959464521	Marionette	INFO	Marionette enabled
console.warn: SearchSettings: "get: No settings file exists, new profile?" (new NotFoundError("Could not open the file at C:\\Users\\www\\AppData\\Local\\Temp\\rust_mozprofileaOvC4g\\search.json.mozlz4", (void 0)))
1636959467204	Marionette	INFO	Listening on port 55330
1636959467663	RemoteAgent	WARN	TLS certificate errors will be ignored for this session
1636959527350	Marionette	INFO	Stopped listening on port 55330
console.warn: TopSitesFeed: Failed to fetch data from Contile server: NetworkError when attempting to fetch resource.
[Parent 17820, IPC I/O Parent] WARNING: file /builds/worker/checkouts/gecko/ipc/chromium/src/base/process_util_win.cc:167
1636959580823	geckodriver	INFO	Listening on 127.0.0.1:61357
1636959583846	mozrunner::runner	INFO	Running command: "C:\\Program Files\\Mozilla Firefox\\firefox.exe" "--marionette" "-no-remote" "-profile" "C:\\Users\\www\\AppData\\Local\\Temp\\rust_mozprofileXRzs2U"
1636959584369	Marionette	INFO	Marionette enabled
console.warn: SearchSettings: "get: No settings file exists, new profile?" (new NotFoundError("Could not open the file at C:\\Users\\www\\AppData\\Local\\Temp\\rust_mozprofileXRzs2U\\search.json.mozlz4", (void 0)))
1636959586927	Marionette	INFO	Listening on port 61368
1636959587037	RemoteAgent	WARN	TLS certificate errors will be ignored for this session
1636959636378	Marionette	INFO	Stopped listening on port 61368

###!!! [Parent][RunMessage] Error: Channel closing: too late to send/recv, messages will be lost

